#
# There is insufficient memory for the Java Runtime Environment to continue.
# Native memory allocation (malloc) failed to allocate 2220576 bytes for Chunk::new
# Possible reasons:
#   The system is out of physical RAM or swap space
#   The process is running with CompressedOops enabled, and the Java Heap may be blocking the growth of the native heap
# Possible solutions:
#   Reduce memory load on the system
#   Increase physical memory or swap space
#   Check if swap backing store is full
#   Decrease Java heap size (-Xmx/-Xms)
#   Decrease number of Java threads
#   Decrease Java thread stack sizes (-Xss)
#   Set larger code cache with -XX:ReservedCodeCacheSize=
#   JVM is running with Unscaled Compressed Oops mode in which the Java heap is
#     placed in the first 4GB address space. The Java Heap base address is the
#     maximum limit for the native heap growth. Please use -XX:HeapBaseMinAddress
#     to set the Java Heap base and to place the Java Heap above 4GB virtual address.
# This output file may be truncated or incomplete.
#
#  Out of Memory Error (./src/hotspot/share/memory/arena.cpp:197), pid=22824, tid=9560
#
# JRE version: OpenJDK Runtime Environment (11.0.10) (build 11.0.10+0-b96-7249189)
# Java VM: OpenJDK 64-Bit Server VM (11.0.10+0-b96-7249189, mixed mode, tiered, compressed oops, g1 gc, windows-amd64)
# No core dump will be written. Minidumps are not enabled by default on client versions of Windows
#

---------------  S U M M A R Y ------------

Command Line: --add-opens=java.base/java.util=ALL-UNNAMED --add-opens=java.base/java.lang=ALL-UNNAMED --add-opens=java.base/java.lang.invoke=ALL-UNNAMED --add-opens=java.base/java.util=ALL-UNNAMED --add-opens=java.prefs/java.util.prefs=ALL-UNNAMED --add-opens=java.prefs/java.util.prefs=ALL-UNNAMED --add-opens=java.base/java.nio.charset=ALL-UNNAMED --add-opens=java.base/java.net=ALL-UNNAMED --add-opens=java.base/java.util.concurrent.atomic=ALL-UNNAMED -Xmx2048m -Dfile.encoding=UTF-8 -Duser.country=US -Duser.language=en -Duser.variant org.gradle.launcher.daemon.bootstrap.GradleDaemon 7.0.2

Host: Intel(R) Core(TM) i7-6820HQ CPU @ 2.70GHz, 8 cores, 15G,  Windows 10 , 64 bit Build 19041 (10.0.19041.1202)
Time: Wed Sep 22 17:30:41 2021 W. Central Africa Standard Time elapsed time: 24.781407 seconds (0d 0h 0m 24s)

---------------  T H R E A D  ---------------

Current thread (0x00000261c8dbe000):  JavaThread "C2 CompilerThread1" daemon [_thread_in_native, id=9560, stack(0x000000bce5100000,0x000000bce5200000)]


Current CompileTask:
C2:  24781 16940       4       com.android.tools.r8.ir.regalloc.a::a (3985 bytes)

Stack: [0x000000bce5100000,0x000000bce5200000]
Native frames: (J=compiled Java code, j=interpreted, Vv=VM code, C=native code)
V  [jvm.dll+0x5ecfaa]
V  [jvm.dll+0x722bd5]
V  [jvm.dll+0x72412d]
V  [jvm.dll+0x7247e3]
V  [jvm.dll+0x242928]
V  [jvm.dll+0xbc4fc]
V  [jvm.dll+0xbca0c]
V  [jvm.dll+0x2b4fd4]
V  [jvm.dll+0x506028]
V  [jvm.dll+0x1fcdfd]
V  [jvm.dll+0x1fa77f]
V  [jvm.dll+0x18354c]
V  [jvm.dll+0x208ee7]
V  [jvm.dll+0x207731]
V  [jvm.dll+0x6eb1cf]
V  [jvm.dll+0x6e3d45]
V  [jvm.dll+0x5ebe96]
C  [ucrtbase.dll+0x21bb2]
C  [KERNEL32.DLL+0x17034]
C  [ntdll.dll+0x52651]


---------------  P R O C E S S  ---------------

Threads class SMR info:
_java_thread_list=0x00000261c6870b80, length=65, elements={
0x00000261aae6f000, 0x00000261c5b4f800, 0x00000261c5b51000, 0x00000261c5bb1000,
0x00000261c5bb2000, 0x00000261c5bb7800, 0x00000261c5bc2800, 0x00000261c5bc9000,
0x00000261c5bca800, 0x00000261c5d3f800, 0x00000261c8cc9800, 0x00000261c5e41800,
0x00000261c85f2800, 0x00000261c6fc1800, 0x00000261c7ca7800, 0x00000261c8427800,
0x00000261c86e9800, 0x00000261c7c70000, 0x00000261c8fe0000, 0x00000261c8c8b000,
0x00000261c8c8d000, 0x00000261c8c8e000, 0x00000261c8c88800, 0x00000261c8dbe000,
0x00000261c8c8f000, 0x00000261c8c89000, 0x00000261c8c8a000, 0x00000261c8c8b800,
0x00000261c8c8c800, 0x00000261cb6f6000, 0x00000261cb6f5000, 0x00000261cb6f7800,
0x00000261cb6f4800, 0x00000261cb6fb800, 0x00000261cb6f7000, 0x00000261cb6fd800,
0x00000261cb6fc800, 0x00000261cb6f9800, 0x00000261cb6fb000, 0x00000261cb702800,
0x00000261cb700800, 0x00000261cb6fe000, 0x00000261cb6ff000, 0x00000261cb703000,
0x00000261cb700000, 0x00000261cb701800, 0x00000261cc9f4000, 0x00000261cc9f3000,
0x00000261cc9f1000, 0x00000261cc9f1800, 0x00000261cc9ef000, 0x00000261cc9f2800,
0x00000261cc9f0000, 0x00000261cc9f6800, 0x00000261cc9f9800, 0x00000261cc9fc000,
0x00000261cc9fa800, 0x00000261cc9fb800, 0x00000261cc9fd000, 0x00000261cc9f9000,
0x00000261cc9f7800, 0x00000261cc9fe000, 0x00000261cc9f8000, 0x00000261ce228800,
0x00000261ce57e000
}

Java Threads: ( => current thread )
  0x00000261aae6f000 JavaThread "main" [_thread_blocked, id=3692, stack(0x000000bce2b00000,0x000000bce2c00000)]
  0x00000261c5b4f800 JavaThread "Reference Handler" daemon [_thread_blocked, id=16908, stack(0x000000bce3200000,0x000000bce3300000)]
  0x00000261c5b51000 JavaThread "Finalizer" daemon [_thread_blocked, id=17688, stack(0x000000bce3300000,0x000000bce3400000)]
  0x00000261c5bb1000 JavaThread "Signal Dispatcher" daemon [_thread_blocked, id=23868, stack(0x000000bce3400000,0x000000bce3500000)]
  0x00000261c5bb2000 JavaThread "Attach Listener" daemon [_thread_blocked, id=9976, stack(0x000000bce3500000,0x000000bce3600000)]
  0x00000261c5bb7800 JavaThread "Service Thread" daemon [_thread_blocked, id=18192, stack(0x000000bce3600000,0x000000bce3700000)]
  0x00000261c5bc2800 JavaThread "C2 CompilerThread0" daemon [_thread_in_native, id=17848, stack(0x000000bce3700000,0x000000bce3800000)]
  0x00000261c5bc9000 JavaThread "C1 CompilerThread0" daemon [_thread_blocked, id=24236, stack(0x000000bce3800000,0x000000bce3900000)]
  0x00000261c5bca800 JavaThread "Sweeper thread" daemon [_thread_blocked, id=13708, stack(0x000000bce3900000,0x000000bce3a00000)]
  0x00000261c5d3f800 JavaThread "Common-Cleaner" daemon [_thread_blocked, id=23692, stack(0x000000bce3a00000,0x000000bce3b00000)]
  0x00000261c8cc9800 JavaThread "Daemon health stats" [_thread_blocked, id=6408, stack(0x000000bce4300000,0x000000bce4400000)]
  0x00000261c5e41800 JavaThread "Incoming local TCP Connector on port 56680" [_thread_in_native, id=22152, stack(0x000000bce3c00000,0x000000bce3d00000)]
  0x00000261c85f2800 JavaThread "Daemon periodic checks" [_thread_blocked, id=17508, stack(0x000000bce4200000,0x000000bce4300000)]
  0x00000261c6fc1800 JavaThread "Daemon" [_thread_blocked, id=7404, stack(0x000000bce4400000,0x000000bce4500000)]
  0x00000261c7ca7800 JavaThread "Handler for socket connection from /127.0.0.1:56680 to /127.0.0.1:56681" [_thread_in_native, id=20820, stack(0x000000bce4500000,0x000000bce4600000)]
  0x00000261c8427800 JavaThread "Cancel handler" [_thread_blocked, id=12820, stack(0x000000bce4700000,0x000000bce4800000)]
  0x00000261c86e9800 JavaThread "Daemon worker" [_thread_blocked, id=21100, stack(0x000000bce4800000,0x000000bce4900000)]
  0x00000261c7c70000 JavaThread "Asynchronous log dispatcher for DefaultDaemonConnection: socket connection from /127.0.0.1:56680 to /127.0.0.1:56681" [_thread_blocked, id=15800, stack(0x000000bce4900000,0x000000bce4a00000)]
  0x00000261c8fe0000 JavaThread "Stdin handler" [_thread_blocked, id=24232, stack(0x000000bce4a00000,0x000000bce4b00000)]
  0x00000261c8c8b000 JavaThread "Daemon client event forwarder" [_thread_blocked, id=1792, stack(0x000000bce4b00000,0x000000bce4c00000)]
  0x00000261c8c8d000 JavaThread "Cache worker for file hash cache (C:\Users\Riadh\.gradle\caches\7.0.2\fileHashes)" [_thread_blocked, id=12364, stack(0x000000bce4600000,0x000000bce4700000)]
  0x00000261c8c8e000 JavaThread "File lock request listener" [_thread_in_native, id=11092, stack(0x000000bce4c00000,0x000000bce4d00000)]
  0x00000261c8c88800 JavaThread "Cache worker for journal cache (C:\Users\Riadh\.gradle\caches\journal-1)" [_thread_blocked, id=23084, stack(0x000000bce5000000,0x000000bce5100000)]
=>0x00000261c8dbe000 JavaThread "C2 CompilerThread1" daemon [_thread_in_native, id=9560, stack(0x000000bce5100000,0x000000bce5200000)]
  0x00000261c8c8f000 JavaThread "Cache worker for file hash cache (C:\Users\Riadh\AndroidStudioProjects\MyApplication\.gradle\7.0.2\fileHashes)" [_thread_blocked, id=23356, stack(0x000000bce5200000,0x000000bce5300000)]
  0x00000261c8c89000 JavaThread "File watcher server" daemon [_thread_in_native, id=22140, stack(0x000000bce5300000,0x000000bce5400000)]
  0x00000261c8c8a000 JavaThread "File watcher consumer" daemon [_thread_blocked, id=23320, stack(0x000000bce5400000,0x000000bce5500000)]
  0x00000261c8c8b800 JavaThread "Cache worker for checksums cache (C:\Users\Riadh\AndroidStudioProjects\MyApplication\.gradle\checksums)" [_thread_blocked, id=3664, stack(0x000000bce5500000,0x000000bce5600000)]
  0x00000261c8c8c800 JavaThread "Cache worker for cache directory md-supplier (C:\Users\Riadh\.gradle\caches\7.0.2\md-supplier)" [_thread_blocked, id=14508, stack(0x000000bce5600000,0x000000bce5700000)]
  0x00000261cb6f6000 JavaThread "Cache worker for cache directory md-rule (C:\Users\Riadh\.gradle\caches\7.0.2\md-rule)" [_thread_blocked, id=5996, stack(0x000000bce5800000,0x000000bce5900000)]
  0x00000261cb6f5000 JavaThread "Cache worker for execution history cache (C:\Users\Riadh\.gradle\caches\7.0.2\executionHistory)" [_thread_blocked, id=13152, stack(0x000000bce5900000,0x000000bce5a00000)]
  0x00000261cb6f7800 JavaThread "jar transforms" [_thread_blocked, id=1848, stack(0x000000bce5a00000,0x000000bce5b00000)]
  0x00000261cb6f4800 JavaThread "jar transforms Thread 2" [_thread_blocked, id=7160, stack(0x000000bce5b00000,0x000000bce5c00000)]
  0x00000261cb6fb800 JavaThread "Cache worker for file content cache (C:\Users\Riadh\.gradle\caches\7.0.2\fileContent)" [_thread_blocked, id=7880, stack(0x000000bce5c00000,0x000000bce5d00000)]
  0x00000261cb6f7000 JavaThread "Cache worker for dependencies-accessors (C:\Users\Riadh\AndroidStudioProjects\MyApplication\.gradle\7.0.2\dependencies-accessors)" [_thread_blocked, id=13296, stack(0x000000bce5d00000,0x000000bce5e00000)]
  0x00000261cb6fd800 JavaThread "jar transforms Thread 3" [_thread_blocked, id=18544, stack(0x000000bce5e00000,0x000000bce5f00000)]
  0x00000261cb6fc800 JavaThread "Cache worker for Build Output Cleanup Cache (C:\Users\Riadh\AndroidStudioProjects\MyApplication\.gradle\buildOutputCleanup)" [_thread_blocked, id=23840, stack(0x000000bce5f00000,0x000000bce6000000)]
  0x00000261cb6f9800 JavaThread "Build operations" [_thread_in_Java, id=24068, stack(0x000000bce6000000,0x000000bce6100000)]
  0x00000261cb6fb000 JavaThread "Build operations Thread 2" [_thread_blocked, id=23512, stack(0x000000bce6100000,0x000000bce6200000)]
  0x00000261cb702800 JavaThread "Build operations Thread 3" [_thread_blocked, id=20840, stack(0x000000bce6200000,0x000000bce6300000)]
  0x00000261cb700800 JavaThread "Build operations Thread 4" [_thread_in_Java, id=24400, stack(0x000000bce6300000,0x000000bce6400000)]
  0x00000261cb6fe000 JavaThread "Build operations Thread 5" [_thread_blocked, id=24536, stack(0x000000bce6400000,0x000000bce6500000)]
  0x00000261cb6ff000 JavaThread "Build operations Thread 6" [_thread_blocked, id=11536, stack(0x000000bce6500000,0x000000bce6600000)]
  0x00000261cb703000 JavaThread "Build operations Thread 7" [_thread_blocked, id=21616, stack(0x000000bce6600000,0x000000bce6700000)]
  0x00000261cb700000 JavaThread "Build operations Thread 8" [_thread_blocked, id=23604, stack(0x000000bce6700000,0x000000bce6800000)]
  0x00000261cb701800 JavaThread "jar transforms Thread 4" [_thread_blocked, id=6308, stack(0x000000bce6800000,0x000000bce6900000)]
  0x00000261cc9f4000 JavaThread "jar transforms Thread 5" [_thread_blocked, id=24468, stack(0x000000bce6900000,0x000000bce6a00000)]
  0x00000261cc9f3000 JavaThread "jar transforms Thread 6" [_thread_blocked, id=23560, stack(0x000000bce6a00000,0x000000bce6b00000)]
  0x00000261cc9f1000 JavaThread "jar transforms Thread 7" [_thread_blocked, id=19344, stack(0x000000bce6b00000,0x000000bce6c00000)]
  0x00000261cc9f1800 JavaThread "jar transforms Thread 8" [_thread_blocked, id=22604, stack(0x000000bce6c00000,0x000000bce6d00000)]
  0x00000261cc9ef000 JavaThread "Memory manager" [_thread_blocked, id=5796, stack(0x000000bce6d00000,0x000000bce6e00000)]
  0x00000261cc9f2800 JavaThread "build event listener" [_thread_blocked, id=6736, stack(0x000000bce6e00000,0x000000bce6f00000)]
  0x00000261cc9f0000 JavaThread "pool-3-thread-1" [_thread_blocked, id=9796, stack(0x000000bce6f00000,0x000000bce7000000)]
  0x00000261cc9f6800 JavaThread "build event listener" [_thread_blocked, id=6892, stack(0x000000bce7000000,0x000000bce7100000)]
  0x00000261cc9f9800 JavaThread "Execution worker for ':'" [_thread_blocked, id=23472, stack(0x000000bce7100000,0x000000bce7200000)]
  0x00000261cc9fc000 JavaThread "Execution worker for ':' Thread 2" [_thread_blocked, id=14236, stack(0x000000bce7200000,0x000000bce7300000)]
  0x00000261cc9fa800 JavaThread "Execution worker for ':' Thread 3" [_thread_blocked, id=9948, stack(0x000000bce7300000,0x000000bce7400000)]
  0x00000261cc9fb800 JavaThread "Execution worker for ':' Thread 4" [_thread_blocked, id=18372, stack(0x000000bce7400000,0x000000bce7500000)]
  0x00000261cc9fd000 JavaThread "Execution worker for ':' Thread 5" [_thread_blocked, id=5836, stack(0x000000bce7500000,0x000000bce7600000)]
  0x00000261cc9f9000 JavaThread "Execution worker for ':' Thread 6" [_thread_blocked, id=15524, stack(0x000000bce7600000,0x000000bce7700000)]
  0x00000261cc9f7800 JavaThread "Execution worker for ':' Thread 7" [_thread_blocked, id=23996, stack(0x000000bce7700000,0x000000bce7800000)]
  0x00000261cc9fe000 JavaThread "Cache worker for execution history cache (C:\Users\Riadh\AndroidStudioProjects\MyApplication\.gradle\7.0.2\executionHistory)" [_thread_blocked, id=23756, stack(0x000000bce7800000,0x000000bce7900000)]
  0x00000261cc9f8000 JavaThread "Cache worker for Java compile cache (C:\Users\Riadh\.gradle\caches\7.0.2\javaCompile)" [_thread_blocked, id=16560, stack(0x000000bce7900000,0x000000bce7a00000)]
  0x00000261ce228800 JavaThread "Cache worker for Java compile cache (C:\Users\Riadh\AndroidStudioProjects\MyApplication\.gradle\7.0.2\javaCompile)" [_thread_blocked, id=7584, stack(0x000000bce7a00000,0x000000bce7b00000)]
  0x00000261ce57e000 JavaThread "C2 CompilerThread2" daemon [_thread_in_native, id=7444, stack(0x000000bce5700000,0x000000bce5800000)]

Other Threads:
  0x00000261c5b4a000 VMThread "VM Thread" [stack: 0x000000bce3100000,0x000000bce3200000] [id=18952]
  0x00000261c5d71000 WatcherThread [stack: 0x000000bce3b00000,0x000000bce3c00000] [id=15012]
  0x00000261a8e6d800 GCTaskThread "GC Thread#0" [stack: 0x000000bce2c00000,0x000000bce2d00000] [id=6732]
  0x00000261c62be800 GCTaskThread "GC Thread#1" [stack: 0x000000bce3d00000,0x000000bce3e00000] [id=1972]
  0x00000261c60eb000 GCTaskThread "GC Thread#2" [stack: 0x000000bce3e00000,0x000000bce3f00000] [id=20148]
  0x00000261c64a7800 GCTaskThread "GC Thread#3" [stack: 0x000000bce3f00000,0x000000bce4000000] [id=10560]
  0x00000261c68e9800 GCTaskThread "GC Thread#4" [stack: 0x000000bce4000000,0x000000bce4100000] [id=16748]
  0x00000261c680d800 GCTaskThread "GC Thread#5" [stack: 0x000000bce4100000,0x000000bce4200000] [id=23668]
  0x00000261c6fed800 GCTaskThread "GC Thread#6" [stack: 0x000000bce4d00000,0x000000bce4e00000] [id=9352]
  0x00000261c6fee000 GCTaskThread "GC Thread#7" [stack: 0x000000bce4e00000,0x000000bce4f00000] [id=2708]
  0x00000261aaeb6000 ConcurrentGCThread "G1 Main Marker" [stack: 0x000000bce2d00000,0x000000bce2e00000] [id=24048]
  0x00000261aaeb7800 ConcurrentGCThread "G1 Conc#0" [stack: 0x000000bce2e00000,0x000000bce2f00000] [id=24072]
  0x00000261c7285800 ConcurrentGCThread "G1 Conc#1" [stack: 0x000000bce4f00000,0x000000bce5000000] [id=22676]
  0x00000261c5195000 ConcurrentGCThread "G1 Refine#0" [stack: 0x000000bce2f00000,0x000000bce3000000] [id=17896]
  0x00000261cb2e4800 ConcurrentGCThread "G1 Refine#1" [stack: 0x000000bce7b00000,0x000000bce7c00000] [id=13744]
  0x00000261c5198000 ConcurrentGCThread "G1 Young RemSet Sampling" [stack: 0x000000bce3000000,0x000000bce3100000] [id=23728]

Threads with active compile tasks:
C2 CompilerThread0  24824 17145       4       com.android.tools.r8.internal.W4::a (1165 bytes)
C2 CompilerThread1  24825 16940       4       com.android.tools.r8.ir.regalloc.a::a (3985 bytes)
C2 CompilerThread2  24825 16576       4       java.util.AbstractCollection::removeAll (49 bytes)

VM state:not at safepoint (normal execution)

VM Mutex/Monitor currently owned by a thread: None

Heap address: 0x0000000080000000, size: 2048 MB, Compressed Oops mode: 32-bit
Narrow klass base: 0x0000000000000000, Narrow klass shift: 3
Compressed class space size: 1073741824 Address: 0x0000000100000000

Heap:
 garbage-first heap   total 409600K, used 190412K [0x0000000080000000, 0x0000000100000000)
  region size 1024K, 79 young (80896K), 17 survivors (17408K)
 Metaspace       used 106066K, capacity 109015K, committed 109260K, reserved 1144832K
  class space    used 13568K, capacity 14676K, committed 14796K, reserved 1048576K
Heap Regions: E=young(eden), S=young(survivor), O=old, HS=humongous(starts), HC=humongous(continues), CS=collection set, F=free, A=archive, TAMS=top-at-mark-start (previous, next)
|   0|0x0000000080000000, 0x0000000080100000, 0x0000000080100000|100%| O|  |TAMS 0x0000000080100000, 0x0000000080000000| Untracked 
|   1|0x0000000080100000, 0x0000000080200000, 0x0000000080200000|100%| O|  |TAMS 0x0000000080200000, 0x0000000080100000| Untracked 
|   2|0x0000000080200000, 0x0000000080300000, 0x0000000080300000|100%| O|  |TAMS 0x0000000080300000, 0x0000000080200000| Untracked 
|   3|0x0000000080300000, 0x0000000080400000, 0x0000000080400000|100%|HS|  |TAMS 0x0000000080400000, 0x0000000080300000| Complete 
|   4|0x0000000080400000, 0x0000000080500000, 0x0000000080500000|100%|HC|  |TAMS 0x0000000080500000, 0x0000000080400000| Complete 
|   5|0x0000000080500000, 0x0000000080600000, 0x0000000080600000|100%|HC|  |TAMS 0x0000000080600000, 0x0000000080500000| Complete 
|   6|0x0000000080600000, 0x0000000080700000, 0x0000000080700000|100%| O|  |TAMS 0x0000000080700000, 0x0000000080600000| Untracked 
|   7|0x0000000080700000, 0x0000000080800000, 0x0000000080800000|100%| O|  |TAMS 0x0000000080800000, 0x0000000080700000| Untracked 
|   8|0x0000000080800000, 0x0000000080900000, 0x0000000080900000|100%| O|  |TAMS 0x0000000080900000, 0x0000000080800000| Untracked 
|   9|0x0000000080900000, 0x0000000080a00000, 0x0000000080a00000|100%| O|  |TAMS 0x0000000080a00000, 0x0000000080900000| Untracked 
|  10|0x0000000080a00000, 0x0000000080b00000, 0x0000000080b00000|100%| O|  |TAMS 0x0000000080b00000, 0x0000000080a00000| Untracked 
|  11|0x0000000080b00000, 0x0000000080c00000, 0x0000000080c00000|100%| O|  |TAMS 0x0000000080c00000, 0x0000000080b00000| Untracked 
|  12|0x0000000080c00000, 0x0000000080d00000, 0x0000000080d00000|100%| O|  |TAMS 0x0000000080d00000, 0x0000000080c00000| Untracked 
|  13|0x0000000080d00000, 0x0000000080e00000, 0x0000000080e00000|100%| O|  |TAMS 0x0000000080e00000, 0x0000000080d00000| Untracked 
|  14|0x0000000080e00000, 0x0000000080f00000, 0x0000000080f00000|100%| O|  |TAMS 0x0000000080f00000, 0x0000000080e00000| Untracked 
|  15|0x0000000080f00000, 0x0000000081000000, 0x0000000081000000|100%| O|  |TAMS 0x0000000081000000, 0x0000000080f00000| Untracked 
|  16|0x0000000081000000, 0x0000000081100000, 0x0000000081100000|100%|HS|  |TAMS 0x0000000081100000, 0x0000000081000000| Complete 
|  17|0x0000000081100000, 0x0000000081200000, 0x0000000081200000|100%|HS|  |TAMS 0x0000000081200000, 0x0000000081100000| Complete 
|  18|0x0000000081200000, 0x0000000081300000, 0x0000000081300000|100%|HS|  |TAMS 0x0000000081300000, 0x0000000081200000| Complete 
|  19|0x0000000081300000, 0x0000000081400000, 0x0000000081400000|100%|HC|  |TAMS 0x0000000081400000, 0x0000000081300000| Complete 
|  20|0x0000000081400000, 0x0000000081500000, 0x0000000081500000|100%| O|  |TAMS 0x0000000081500000, 0x0000000081400000| Untracked 
|  21|0x0000000081500000, 0x0000000081600000, 0x0000000081600000|100%| O|  |TAMS 0x0000000081600000, 0x0000000081500000| Untracked 
|  22|0x0000000081600000, 0x0000000081700000, 0x0000000081700000|100%| O|  |TAMS 0x0000000081700000, 0x0000000081600000| Untracked 
|  23|0x0000000081700000, 0x0000000081800000, 0x0000000081800000|100%| O|  |TAMS 0x0000000081800000, 0x0000000081700000| Untracked 
|  24|0x0000000081800000, 0x0000000081900000, 0x0000000081900000|100%| O|  |TAMS 0x0000000081900000, 0x0000000081800000| Untracked 
|  25|0x0000000081900000, 0x0000000081a00000, 0x0000000081a00000|100%| O|  |TAMS 0x0000000081a00000, 0x0000000081900000| Untracked 
|  26|0x0000000081a00000, 0x0000000081b00000, 0x0000000081b00000|100%| O|  |TAMS 0x0000000081b00000, 0x0000000081a00000| Untracked 
|  27|0x0000000081b00000, 0x0000000081c00000, 0x0000000081c00000|100%| O|  |TAMS 0x0000000081c00000, 0x0000000081b00000| Untracked 
|  28|0x0000000081c00000, 0x0000000081d00000, 0x0000000081d00000|100%| O|  |TAMS 0x0000000081d00000, 0x0000000081c00000| Untracked 
|  29|0x0000000081d00000, 0x0000000081e00000, 0x0000000081e00000|100%| O|  |TAMS 0x0000000081e00000, 0x0000000081d00000| Untracked 
|  30|0x0000000081e00000, 0x0000000081f00000, 0x0000000081f00000|100%| O|  |TAMS 0x0000000081f00000, 0x0000000081e00000| Untracked 
|  31|0x0000000081f00000, 0x0000000082000000, 0x0000000082000000|100%| O|  |TAMS 0x0000000082000000, 0x0000000081f00000| Untracked 
|  32|0x0000000082000000, 0x0000000082100000, 0x0000000082100000|100%| O|  |TAMS 0x0000000082100000, 0x0000000082000000| Untracked 
|  33|0x0000000082100000, 0x0000000082200000, 0x0000000082200000|100%| O|  |TAMS 0x0000000082200000, 0x0000000082100000| Untracked 
|  34|0x0000000082200000, 0x0000000082300000, 0x0000000082300000|100%| O|  |TAMS 0x0000000082300000, 0x0000000082200000| Untracked 
|  35|0x0000000082300000, 0x0000000082400000, 0x0000000082400000|100%| O|  |TAMS 0x0000000082400000, 0x0000000082300000| Untracked 
|  36|0x0000000082400000, 0x0000000082500000, 0x0000000082500000|100%| O|  |TAMS 0x0000000082500000, 0x0000000082400000| Untracked 
|  37|0x0000000082500000, 0x0000000082600000, 0x0000000082600000|100%| O|  |TAMS 0x0000000082600000, 0x0000000082500000| Untracked 
|  38|0x0000000082600000, 0x0000000082700000, 0x0000000082700000|100%| O|  |TAMS 0x0000000082700000, 0x0000000082600000| Untracked 
|  39|0x0000000082700000, 0x0000000082800000, 0x0000000082800000|100%| O|  |TAMS 0x0000000082800000, 0x0000000082700000| Untracked 
|  40|0x0000000082800000, 0x0000000082900000, 0x0000000082900000|100%| O|  |TAMS 0x0000000082900000, 0x0000000082800000| Untracked 
|  41|0x0000000082900000, 0x0000000082a00000, 0x0000000082a00000|100%| O|  |TAMS 0x0000000082a00000, 0x0000000082900000| Untracked 
|  42|0x0000000082a00000, 0x0000000082b00000, 0x0000000082b00000|100%| O|  |TAMS 0x0000000082b00000, 0x0000000082a00000| Untracked 
|  43|0x0000000082b00000, 0x0000000082c00000, 0x0000000082c00000|100%| O|  |TAMS 0x0000000082c00000, 0x0000000082b00000| Untracked 
|  44|0x0000000082c00000, 0x0000000082d00000, 0x0000000082d00000|100%| O|  |TAMS 0x0000000082d00000, 0x0000000082c00000| Untracked 
|  45|0x0000000082d00000, 0x0000000082e00000, 0x0000000082e00000|100%| O|  |TAMS 0x0000000082e00000, 0x0000000082d00000| Untracked 
|  46|0x0000000082e00000, 0x0000000082f00000, 0x0000000082f00000|100%| O|  |TAMS 0x0000000082f00000, 0x0000000082e00000| Untracked 
|  47|0x0000000082f00000, 0x0000000083000000, 0x0000000083000000|100%| O|  |TAMS 0x0000000083000000, 0x0000000082f00000| Untracked 
|  48|0x0000000083000000, 0x0000000083100000, 0x0000000083100000|100%| O|  |TAMS 0x0000000083100000, 0x0000000083000000| Untracked 
|  49|0x0000000083100000, 0x0000000083200000, 0x0000000083200000|100%| O|  |TAMS 0x0000000083200000, 0x0000000083100000| Untracked 
|  50|0x0000000083200000, 0x0000000083300000, 0x0000000083300000|100%| O|  |TAMS 0x0000000083300000, 0x0000000083200000| Untracked 
|  51|0x0000000083300000, 0x0000000083400000, 0x0000000083400000|100%| O|  |TAMS 0x0000000083400000, 0x0000000083300000| Untracked 
|  52|0x0000000083400000, 0x0000000083500000, 0x0000000083500000|100%| O|  |TAMS 0x0000000083500000, 0x0000000083400000| Untracked 
|  53|0x0000000083500000, 0x0000000083600000, 0x0000000083600000|100%| O|  |TAMS 0x0000000083600000, 0x0000000083500000| Untracked 
|  54|0x0000000083600000, 0x0000000083700000, 0x0000000083700000|100%| O|  |TAMS 0x0000000083700000, 0x0000000083600000| Untracked 
|  55|0x0000000083700000, 0x0000000083800000, 0x0000000083800000|100%| O|  |TAMS 0x0000000083800000, 0x0000000083700000| Untracked 
|  56|0x0000000083800000, 0x0000000083900000, 0x0000000083900000|100%| O|  |TAMS 0x0000000083900000, 0x0000000083800000| Untracked 
|  57|0x0000000083900000, 0x0000000083a00000, 0x0000000083a00000|100%| O|  |TAMS 0x0000000083a00000, 0x0000000083900000| Untracked 
|  58|0x0000000083a00000, 0x0000000083b00000, 0x0000000083b00000|100%| O|  |TAMS 0x0000000083b00000, 0x0000000083a00000| Untracked 
|  59|0x0000000083b00000, 0x0000000083c00000, 0x0000000083c00000|100%| O|  |TAMS 0x0000000083c00000, 0x0000000083b00000| Untracked 
|  60|0x0000000083c00000, 0x0000000083d00000, 0x0000000083d00000|100%| O|  |TAMS 0x0000000083d00000, 0x0000000083c00000| Untracked 
|  61|0x0000000083d00000, 0x0000000083e00000, 0x0000000083e00000|100%| O|  |TAMS 0x0000000083e00000, 0x0000000083d00000| Untracked 
|  62|0x0000000083e00000, 0x0000000083f00000, 0x0000000083f00000|100%| O|  |TAMS 0x0000000083f00000, 0x0000000083e00000| Untracked 
|  63|0x0000000083f00000, 0x0000000084000000, 0x0000000084000000|100%| O|  |TAMS 0x0000000084000000, 0x0000000083f00000| Untracked 
|  64|0x0000000084000000, 0x0000000084100000, 0x0000000084100000|100%| O|  |TAMS 0x0000000084100000, 0x0000000084000000| Untracked 
|  65|0x0000000084100000, 0x0000000084200000, 0x0000000084200000|100%| O|  |TAMS 0x0000000084200000, 0x0000000084100000| Untracked 
|  66|0x0000000084200000, 0x0000000084300000, 0x0000000084300000|100%| O|  |TAMS 0x0000000084300000, 0x0000000084200000| Untracked 
|  67|0x0000000084300000, 0x0000000084400000, 0x0000000084400000|100%| O|  |TAMS 0x0000000084400000, 0x0000000084300000| Untracked 
|  68|0x0000000084400000, 0x0000000084500000, 0x0000000084500000|100%| O|  |TAMS 0x0000000084500000, 0x0000000084400000| Untracked 
|  69|0x0000000084500000, 0x0000000084600000, 0x0000000084600000|100%| O|  |TAMS 0x0000000084600000, 0x0000000084500000| Untracked 
|  70|0x0000000084600000, 0x0000000084700000, 0x0000000084700000|100%| O|  |TAMS 0x0000000084700000, 0x0000000084600000| Untracked 
|  71|0x0000000084700000, 0x0000000084800000, 0x0000000084800000|100%| O|  |TAMS 0x0000000084800000, 0x0000000084700000| Untracked 
|  72|0x0000000084800000, 0x0000000084900000, 0x0000000084900000|100%| O|  |TAMS 0x0000000084900000, 0x0000000084800000| Untracked 
|  73|0x0000000084900000, 0x0000000084a00000, 0x0000000084a00000|100%| O|  |TAMS 0x0000000084a00000, 0x0000000084900000| Untracked 
|  74|0x0000000084a00000, 0x0000000084b00000, 0x0000000084b00000|100%| O|  |TAMS 0x0000000084b00000, 0x0000000084a00000| Untracked 
|  75|0x0000000084b00000, 0x0000000084c00000, 0x0000000084c00000|100%| O|  |TAMS 0x0000000084c00000, 0x0000000084b00000| Untracked 
|  76|0x0000000084c00000, 0x0000000084d00000, 0x0000000084d00000|100%| O|  |TAMS 0x0000000084d00000, 0x0000000084c00000| Untracked 
|  77|0x0000000084d00000, 0x0000000084e00000, 0x0000000084e00000|100%| O|  |TAMS 0x0000000084e00000, 0x0000000084d00000| Untracked 
|  78|0x0000000084e00000, 0x0000000084f00000, 0x0000000084f00000|100%| O|  |TAMS 0x0000000084f00000, 0x0000000084e00000| Untracked 
|  79|0x0000000084f00000, 0x0000000085000000, 0x0000000085000000|100%| O|  |TAMS 0x0000000085000000, 0x0000000084f00000| Untracked 
|  80|0x0000000085000000, 0x0000000085100000, 0x0000000085100000|100%| O|  |TAMS 0x0000000085100000, 0x0000000085000000| Untracked 
|  81|0x0000000085100000, 0x0000000085200000, 0x0000000085200000|100%| O|  |TAMS 0x0000000085200000, 0x0000000085100000| Untracked 
|  82|0x0000000085200000, 0x0000000085300000, 0x0000000085300000|100%| O|  |TAMS 0x0000000085300000, 0x0000000085200000| Untracked 
|  83|0x0000000085300000, 0x0000000085400000, 0x0000000085400000|100%| O|  |TAMS 0x0000000085400000, 0x0000000085300000| Untracked 
|  84|0x0000000085400000, 0x0000000085500000, 0x0000000085500000|100%| O|  |TAMS 0x0000000085500000, 0x0000000085400000| Untracked 
|  85|0x0000000085500000, 0x0000000085600000, 0x0000000085600000|100%| O|  |TAMS 0x0000000085600000, 0x0000000085500000| Untracked 
|  86|0x0000000085600000, 0x0000000085700000, 0x0000000085700000|100%| O|  |TAMS 0x0000000085700000, 0x0000000085600000| Untracked 
|  87|0x0000000085700000, 0x0000000085800000, 0x0000000085800000|100%| O|  |TAMS 0x0000000085800000, 0x0000000085700000| Untracked 
|  88|0x0000000085800000, 0x0000000085900000, 0x0000000085900000|100%| O|  |TAMS 0x0000000085900000, 0x0000000085800000| Untracked 
|  89|0x0000000085900000, 0x0000000085a00000, 0x0000000085a00000|100%| O|  |TAMS 0x0000000085a00000, 0x0000000085900000| Untracked 
|  90|0x0000000085a00000, 0x0000000085b00000, 0x0000000085b00000|100%| O|  |TAMS 0x0000000085b00000, 0x0000000085a00000| Untracked 
|  91|0x0000000085b00000, 0x0000000085c00000, 0x0000000085c00000|100%| O|  |TAMS 0x0000000085c00000, 0x0000000085b00000| Untracked 
|  92|0x0000000085c00000, 0x0000000085d00000, 0x0000000085d00000|100%| O|  |TAMS 0x0000000085d00000, 0x0000000085c00000| Untracked 
|  93|0x0000000085d00000, 0x0000000085e00000, 0x0000000085e00000|100%| O|  |TAMS 0x0000000085e00000, 0x0000000085d00000| Untracked 
|  94|0x0000000085e00000, 0x0000000085f00000, 0x0000000085f00000|100%| O|  |TAMS 0x0000000085f00000, 0x0000000085e00000| Untracked 
|  95|0x0000000085f00000, 0x0000000086000000, 0x0000000086000000|100%| O|  |TAMS 0x0000000086000000, 0x0000000085f00000| Untracked 
|  96|0x0000000086000000, 0x0000000086100000, 0x0000000086100000|100%| O|  |TAMS 0x0000000086100000, 0x0000000086000000| Untracked 
|  97|0x0000000086100000, 0x0000000086200000, 0x0000000086200000|100%| O|  |TAMS 0x00000000861cd800, 0x0000000086100000| Untracked 
|  98|0x0000000086200000, 0x0000000086300000, 0x0000000086300000|100%| O|  |TAMS 0x0000000086200000, 0x0000000086200000| Untracked 
|  99|0x0000000086300000, 0x0000000086400000, 0x0000000086400000|100%| O|  |TAMS 0x0000000086300000, 0x0000000086300000| Untracked 
| 100|0x0000000086400000, 0x0000000086500000, 0x0000000086500000|100%| O|  |TAMS 0x0000000086400000, 0x0000000086400000| Untracked 
| 101|0x0000000086500000, 0x0000000086600000, 0x0000000086600000|100%| O|  |TAMS 0x0000000086500000, 0x0000000086500000| Untracked 
| 102|0x0000000086600000, 0x0000000086700000, 0x0000000086700000|100%| O|  |TAMS 0x0000000086600000, 0x0000000086600000| Untracked 
| 103|0x0000000086700000, 0x0000000086800000, 0x0000000086800000|100%| O|  |TAMS 0x0000000086700000, 0x0000000086700000| Untracked 
| 104|0x0000000086800000, 0x0000000086900000, 0x0000000086900000|100%| O|  |TAMS 0x0000000086800000, 0x0000000086800000| Untracked 
| 105|0x0000000086900000, 0x0000000086a00000, 0x0000000086a00000|100%| O|  |TAMS 0x0000000086900000, 0x0000000086900000| Untracked 
| 106|0x0000000086a00000, 0x0000000086b00000, 0x0000000086b00000|100%| O|  |TAMS 0x0000000086a00000, 0x0000000086a00000| Untracked 
| 107|0x0000000086b00000, 0x0000000086b00000, 0x0000000086c00000|  0%| F|  |TAMS 0x0000000086b00000, 0x0000000086b00000| Untracked 
| 108|0x0000000086c00000, 0x0000000086cf3200, 0x0000000086d00000| 94%| O|  |TAMS 0x0000000086c00000, 0x0000000086c00000| Untracked 
| 109|0x0000000086d00000, 0x0000000086d00000, 0x0000000086e00000|  0%| F|  |TAMS 0x0000000086d00000, 0x0000000086d00000| Untracked 
| 110|0x0000000086e00000, 0x0000000086e00000, 0x0000000086f00000|  0%| F|  |TAMS 0x0000000086e00000, 0x0000000086e00000| Untracked 
| 111|0x0000000086f00000, 0x0000000086f00000, 0x0000000087000000|  0%| F|  |TAMS 0x0000000086f00000, 0x0000000086f00000| Untracked 
| 112|0x0000000087000000, 0x0000000087000000, 0x0000000087100000|  0%| F|  |TAMS 0x0000000087000000, 0x0000000087000000| Untracked 
| 113|0x0000000087100000, 0x0000000087100000, 0x0000000087200000|  0%| F|  |TAMS 0x0000000087100000, 0x0000000087100000| Untracked 
| 114|0x0000000087200000, 0x0000000087200000, 0x0000000087300000|  0%| F|  |TAMS 0x0000000087200000, 0x0000000087200000| Untracked 
| 115|0x0000000087300000, 0x0000000087300000, 0x0000000087400000|  0%| F|  |TAMS 0x0000000087300000, 0x0000000087300000| Untracked 
| 116|0x0000000087400000, 0x0000000087400000, 0x0000000087500000|  0%| F|  |TAMS 0x0000000087400000, 0x0000000087400000| Untracked 
| 117|0x0000000087500000, 0x0000000087500000, 0x0000000087600000|  0%| F|  |TAMS 0x0000000087500000, 0x0000000087500000| Untracked 
| 118|0x0000000087600000, 0x0000000087600000, 0x0000000087700000|  0%| F|  |TAMS 0x0000000087600000, 0x0000000087600000| Untracked 
| 119|0x0000000087700000, 0x0000000087700000, 0x0000000087800000|  0%| F|  |TAMS 0x0000000087700000, 0x0000000087700000| Untracked 
| 120|0x0000000087800000, 0x0000000087800000, 0x0000000087900000|  0%| F|  |TAMS 0x0000000087800000, 0x0000000087800000| Untracked 
| 121|0x0000000087900000, 0x0000000087900000, 0x0000000087a00000|  0%| F|  |TAMS 0x0000000087900000, 0x0000000087900000| Untracked 
| 122|0x0000000087a00000, 0x0000000087a00000, 0x0000000087b00000|  0%| F|  |TAMS 0x0000000087a00000, 0x0000000087a00000| Untracked 
| 123|0x0000000087b00000, 0x0000000087b00000, 0x0000000087c00000|  0%| F|  |TAMS 0x0000000087b00000, 0x0000000087b00000| Untracked 
| 124|0x0000000087c00000, 0x0000000087c00000, 0x0000000087d00000|  0%| F|  |TAMS 0x0000000087c00000, 0x0000000087c00000| Untracked 
| 125|0x0000000087d00000, 0x0000000087d00000, 0x0000000087e00000|  0%| F|  |TAMS 0x0000000087d00000, 0x0000000087d00000| Untracked 
| 126|0x0000000087e00000, 0x0000000087e00000, 0x0000000087f00000|  0%| F|  |TAMS 0x0000000087e00000, 0x0000000087e00000| Untracked 
| 127|0x0000000087f00000, 0x0000000087f00000, 0x0000000088000000|  0%| F|  |TAMS 0x0000000087f00000, 0x0000000087f00000| Untracked 
| 128|0x0000000088000000, 0x0000000088000000, 0x0000000088100000|  0%| F|  |TAMS 0x0000000088000000, 0x0000000088000000| Untracked 
| 129|0x0000000088100000, 0x0000000088100000, 0x0000000088200000|  0%| F|  |TAMS 0x0000000088100000, 0x0000000088100000| Untracked 
| 130|0x0000000088200000, 0x0000000088200000, 0x0000000088300000|  0%| F|  |TAMS 0x0000000088200000, 0x0000000088200000| Untracked 
| 131|0x0000000088300000, 0x0000000088300000, 0x0000000088400000|  0%| F|  |TAMS 0x0000000088300000, 0x0000000088300000| Untracked 
| 132|0x0000000088400000, 0x0000000088400000, 0x0000000088500000|  0%| F|  |TAMS 0x0000000088400000, 0x0000000088400000| Untracked 
| 133|0x0000000088500000, 0x0000000088500000, 0x0000000088600000|  0%| F|  |TAMS 0x0000000088500000, 0x0000000088500000| Untracked 
| 134|0x0000000088600000, 0x0000000088600000, 0x0000000088700000|  0%| F|  |TAMS 0x0000000088600000, 0x0000000088600000| Untracked 
| 135|0x0000000088700000, 0x0000000088700000, 0x0000000088800000|  0%| F|  |TAMS 0x0000000088700000, 0x0000000088700000| Untracked 
| 136|0x0000000088800000, 0x0000000088800000, 0x0000000088900000|  0%| F|  |TAMS 0x0000000088800000, 0x0000000088800000| Untracked 
| 137|0x0000000088900000, 0x0000000088900000, 0x0000000088a00000|  0%| F|  |TAMS 0x0000000088900000, 0x0000000088900000| Untracked 
| 138|0x0000000088a00000, 0x0000000088a00000, 0x0000000088b00000|  0%| F|  |TAMS 0x0000000088a00000, 0x0000000088a00000| Untracked 
| 139|0x0000000088b00000, 0x0000000088b00000, 0x0000000088c00000|  0%| F|  |TAMS 0x0000000088b00000, 0x0000000088b00000| Untracked 
| 140|0x0000000088c00000, 0x0000000088c00000, 0x0000000088d00000|  0%| F|  |TAMS 0x0000000088c00000, 0x0000000088c00000| Untracked 
| 141|0x0000000088d00000, 0x0000000088d00000, 0x0000000088e00000|  0%| F|  |TAMS 0x0000000088d00000, 0x0000000088d00000| Untracked 
| 142|0x0000000088e00000, 0x0000000088e00000, 0x0000000088f00000|  0%| F|  |TAMS 0x0000000088e00000, 0x0000000088e00000| Untracked 
| 143|0x0000000088f00000, 0x0000000088f00000, 0x0000000089000000|  0%| F|  |TAMS 0x0000000088f00000, 0x0000000088f00000| Untracked 
| 144|0x0000000089000000, 0x0000000089000000, 0x0000000089100000|  0%| F|  |TAMS 0x0000000089000000, 0x0000000089000000| Untracked 
| 145|0x0000000089100000, 0x0000000089100000, 0x0000000089200000|  0%| F|  |TAMS 0x0000000089100000, 0x0000000089100000| Untracked 
| 146|0x0000000089200000, 0x0000000089200000, 0x0000000089300000|  0%| F|  |TAMS 0x0000000089200000, 0x0000000089200000| Untracked 
| 147|0x0000000089300000, 0x0000000089300000, 0x0000000089400000|  0%| F|  |TAMS 0x0000000089300000, 0x0000000089300000| Untracked 
| 148|0x0000000089400000, 0x0000000089500000, 0x0000000089500000|100%| S|CS|TAMS 0x0000000089400000, 0x0000000089400000| Complete 
| 149|0x0000000089500000, 0x0000000089600000, 0x0000000089600000|100%| S|CS|TAMS 0x0000000089500000, 0x0000000089500000| Complete 
| 150|0x0000000089600000, 0x0000000089700000, 0x0000000089700000|100%| S|CS|TAMS 0x0000000089600000, 0x0000000089600000| Complete 
| 151|0x0000000089700000, 0x0000000089800000, 0x0000000089800000|100%| S|CS|TAMS 0x0000000089700000, 0x0000000089700000| Complete 
| 152|0x0000000089800000, 0x0000000089900000, 0x0000000089900000|100%| S|CS|TAMS 0x0000000089800000, 0x0000000089800000| Complete 
| 153|0x0000000089900000, 0x0000000089a00000, 0x0000000089a00000|100%| S|CS|TAMS 0x0000000089900000, 0x0000000089900000| Complete 
| 154|0x0000000089a00000, 0x0000000089b00000, 0x0000000089b00000|100%| S|CS|TAMS 0x0000000089a00000, 0x0000000089a00000| Complete 
| 155|0x0000000089b00000, 0x0000000089c00000, 0x0000000089c00000|100%| S|CS|TAMS 0x0000000089b00000, 0x0000000089b00000| Complete 
| 156|0x0000000089c00000, 0x0000000089d00000, 0x0000000089d00000|100%| S|CS|TAMS 0x0000000089c00000, 0x0000000089c00000| Complete 
| 157|0x0000000089d00000, 0x0000000089d00000, 0x0000000089e00000|  0%| F|  |TAMS 0x0000000089d00000, 0x0000000089d00000| Untracked 
| 158|0x0000000089e00000, 0x0000000089e00000, 0x0000000089f00000|  0%| F|  |TAMS 0x0000000089e00000, 0x0000000089e00000| Untracked 
| 159|0x0000000089f00000, 0x0000000089f00000, 0x000000008a000000|  0%| F|  |TAMS 0x0000000089f00000, 0x0000000089f00000| Untracked 
| 160|0x000000008a000000, 0x000000008a000000, 0x000000008a100000|  0%| F|  |TAMS 0x000000008a000000, 0x000000008a000000| Untracked 
| 161|0x000000008a100000, 0x000000008a100000, 0x000000008a200000|  0%| F|  |TAMS 0x000000008a100000, 0x000000008a100000| Untracked 
| 162|0x000000008a200000, 0x000000008a200000, 0x000000008a300000|  0%| F|  |TAMS 0x000000008a200000, 0x000000008a200000| Untracked 
| 163|0x000000008a300000, 0x000000008a300000, 0x000000008a400000|  0%| F|  |TAMS 0x000000008a300000, 0x000000008a300000| Untracked 
| 164|0x000000008a400000, 0x000000008a400000, 0x000000008a500000|  0%| F|  |TAMS 0x000000008a400000, 0x000000008a400000| Untracked 
| 165|0x000000008a500000, 0x000000008a500000, 0x000000008a600000|  0%| F|  |TAMS 0x000000008a500000, 0x000000008a500000| Untracked 
| 166|0x000000008a600000, 0x000000008a600000, 0x000000008a700000|  0%| F|  |TAMS 0x000000008a600000, 0x000000008a600000| Untracked 
| 167|0x000000008a700000, 0x000000008a700000, 0x000000008a800000|  0%| F|  |TAMS 0x000000008a700000, 0x000000008a700000| Untracked 
| 168|0x000000008a800000, 0x000000008a800000, 0x000000008a900000|  0%| F|  |TAMS 0x000000008a800000, 0x000000008a800000| Untracked 
| 169|0x000000008a900000, 0x000000008a900000, 0x000000008aa00000|  0%| F|  |TAMS 0x000000008a900000, 0x000000008a900000| Untracked 
| 170|0x000000008aa00000, 0x000000008aa00000, 0x000000008ab00000|  0%| F|  |TAMS 0x000000008aa00000, 0x000000008aa00000| Untracked 
| 171|0x000000008ab00000, 0x000000008ab00000, 0x000000008ac00000|  0%| F|  |TAMS 0x000000008ab00000, 0x000000008ab00000| Untracked 
| 172|0x000000008ac00000, 0x000000008ad00000, 0x000000008ad00000|100%| S|CS|TAMS 0x000000008ac00000, 0x000000008ac00000| Complete 
| 173|0x000000008ad00000, 0x000000008ae00000, 0x000000008ae00000|100%| S|CS|TAMS 0x000000008ad00000, 0x000000008ad00000| Complete 
| 174|0x000000008ae00000, 0x000000008af00000, 0x000000008af00000|100%| S|CS|TAMS 0x000000008ae00000, 0x000000008ae00000| Complete 
| 175|0x000000008af00000, 0x000000008b000000, 0x000000008b000000|100%| S|CS|TAMS 0x000000008af00000, 0x000000008af00000| Complete 
| 176|0x000000008b000000, 0x000000008b100000, 0x000000008b100000|100%| S|CS|TAMS 0x000000008b000000, 0x000000008b000000| Complete 
| 177|0x000000008b100000, 0x000000008b200000, 0x000000008b200000|100%| S|CS|TAMS 0x000000008b100000, 0x000000008b100000| Complete 
| 178|0x000000008b200000, 0x000000008b300000, 0x000000008b300000|100%| S|CS|TAMS 0x000000008b200000, 0x000000008b200000| Complete 
| 179|0x000000008b300000, 0x000000008b400000, 0x000000008b400000|100%| S|CS|TAMS 0x000000008b300000, 0x000000008b300000| Complete 
| 180|0x000000008b400000, 0x000000008b400000, 0x000000008b500000|  0%| F|  |TAMS 0x000000008b400000, 0x000000008b400000| Untracked 
| 181|0x000000008b500000, 0x000000008b500000, 0x000000008b600000|  0%| F|  |TAMS 0x000000008b500000, 0x000000008b500000| Untracked 
| 182|0x000000008b600000, 0x000000008b600000, 0x000000008b700000|  0%| F|  |TAMS 0x000000008b600000, 0x000000008b600000| Untracked 
| 183|0x000000008b700000, 0x000000008b700000, 0x000000008b800000|  0%| F|  |TAMS 0x000000008b700000, 0x000000008b700000| Untracked 
| 184|0x000000008b800000, 0x000000008b800000, 0x000000008b900000|  0%| F|  |TAMS 0x000000008b800000, 0x000000008b800000| Untracked 
| 185|0x000000008b900000, 0x000000008b900000, 0x000000008ba00000|  0%| F|  |TAMS 0x000000008b900000, 0x000000008b900000| Untracked 
| 186|0x000000008ba00000, 0x000000008ba00000, 0x000000008bb00000|  0%| F|  |TAMS 0x000000008ba00000, 0x000000008ba00000| Untracked 
| 187|0x000000008bb00000, 0x000000008bb00000, 0x000000008bc00000|  0%| F|  |TAMS 0x000000008bb00000, 0x000000008bb00000| Untracked 
| 188|0x000000008bc00000, 0x000000008bc00000, 0x000000008bd00000|  0%| F|  |TAMS 0x000000008bc00000, 0x000000008bc00000| Untracked 
| 189|0x000000008bd00000, 0x000000008bd00000, 0x000000008be00000|  0%| F|  |TAMS 0x000000008bd00000, 0x000000008bd00000| Untracked 
| 190|0x000000008be00000, 0x000000008be00000, 0x000000008bf00000|  0%| F|  |TAMS 0x000000008be00000, 0x000000008be00000| Untracked 
| 191|0x000000008bf00000, 0x000000008bf00000, 0x000000008c000000|  0%| F|  |TAMS 0x000000008bf00000, 0x000000008bf00000| Untracked 
| 192|0x000000008c000000, 0x000000008c000000, 0x000000008c100000|  0%| F|  |TAMS 0x000000008c000000, 0x000000008c000000| Untracked 
| 193|0x000000008c100000, 0x000000008c100000, 0x000000008c200000|  0%| F|  |TAMS 0x000000008c100000, 0x000000008c100000| Untracked 
| 194|0x000000008c200000, 0x000000008c200000, 0x000000008c300000|  0%| F|  |TAMS 0x000000008c200000, 0x000000008c200000| Untracked 
| 195|0x000000008c300000, 0x000000008c300000, 0x000000008c400000|  0%| F|  |TAMS 0x000000008c300000, 0x000000008c300000| Untracked 
| 196|0x000000008c400000, 0x000000008c400000, 0x000000008c500000|  0%| F|  |TAMS 0x000000008c400000, 0x000000008c400000| Untracked 
| 197|0x000000008c500000, 0x000000008c500000, 0x000000008c600000|  0%| F|  |TAMS 0x000000008c500000, 0x000000008c500000| Untracked 
| 198|0x000000008c600000, 0x000000008c600000, 0x000000008c700000|  0%| F|  |TAMS 0x000000008c600000, 0x000000008c600000| Untracked 
| 199|0x000000008c700000, 0x000000008c700000, 0x000000008c800000|  0%| F|  |TAMS 0x000000008c700000, 0x000000008c700000| Untracked 
| 200|0x000000008c800000, 0x000000008c800000, 0x000000008c900000|  0%| F|  |TAMS 0x000000008c800000, 0x000000008c800000| Untracked 
| 201|0x000000008c900000, 0x000000008c900000, 0x000000008ca00000|  0%| F|  |TAMS 0x000000008c900000, 0x000000008c900000| Untracked 
| 202|0x000000008ca00000, 0x000000008ca00000, 0x000000008cb00000|  0%| F|  |TAMS 0x000000008ca00000, 0x000000008ca00000| Untracked 
| 203|0x000000008cb00000, 0x000000008cb00000, 0x000000008cc00000|  0%| F|  |TAMS 0x000000008cb00000, 0x000000008cb00000| Untracked 
| 204|0x000000008cc00000, 0x000000008cc00000, 0x000000008cd00000|  0%| F|  |TAMS 0x000000008cc00000, 0x000000008cc00000| Untracked 
| 205|0x000000008cd00000, 0x000000008cd00000, 0x000000008ce00000|  0%| F|  |TAMS 0x000000008cd00000, 0x000000008cd00000| Untracked 
| 206|0x000000008ce00000, 0x000000008ce00000, 0x000000008cf00000|  0%| F|  |TAMS 0x000000008ce00000, 0x000000008ce00000| Untracked 
| 207|0x000000008cf00000, 0x000000008cf00000, 0x000000008d000000|  0%| F|  |TAMS 0x000000008cf00000, 0x000000008cf00000| Untracked 
| 208|0x000000008d000000, 0x000000008d000000, 0x000000008d100000|  0%| F|  |TAMS 0x000000008d000000, 0x000000008d000000| Untracked 
| 209|0x000000008d100000, 0x000000008d100000, 0x000000008d200000|  0%| F|  |TAMS 0x000000008d100000, 0x000000008d100000| Untracked 
| 210|0x000000008d200000, 0x000000008d200000, 0x000000008d300000|  0%| F|  |TAMS 0x000000008d200000, 0x000000008d200000| Untracked 
| 211|0x000000008d300000, 0x000000008d300000, 0x000000008d400000|  0%| F|  |TAMS 0x000000008d300000, 0x000000008d300000| Untracked 
| 212|0x000000008d400000, 0x000000008d400000, 0x000000008d500000|  0%| F|  |TAMS 0x000000008d400000, 0x000000008d400000| Untracked 
| 213|0x000000008d500000, 0x000000008d500000, 0x000000008d600000|  0%| F|  |TAMS 0x000000008d500000, 0x000000008d500000| Untracked 
| 214|0x000000008d600000, 0x000000008d600000, 0x000000008d700000|  0%| F|  |TAMS 0x000000008d600000, 0x000000008d600000| Untracked 
| 215|0x000000008d700000, 0x000000008d700000, 0x000000008d800000|  0%| F|  |TAMS 0x000000008d700000, 0x000000008d700000| Untracked 
| 216|0x000000008d800000, 0x000000008d800000, 0x000000008d900000|  0%| F|  |TAMS 0x000000008d800000, 0x000000008d800000| Untracked 
| 217|0x000000008d900000, 0x000000008d900000, 0x000000008da00000|  0%| F|  |TAMS 0x000000008d900000, 0x000000008d900000| Untracked 
| 218|0x000000008da00000, 0x000000008da00000, 0x000000008db00000|  0%| F|  |TAMS 0x000000008da00000, 0x000000008da00000| Untracked 
| 219|0x000000008db00000, 0x000000008db00000, 0x000000008dc00000|  0%| F|  |TAMS 0x000000008db00000, 0x000000008db00000| Untracked 
| 220|0x000000008dc00000, 0x000000008dc00000, 0x000000008dd00000|  0%| F|  |TAMS 0x000000008dc00000, 0x000000008dc00000| Untracked 
| 221|0x000000008dd00000, 0x000000008dd00000, 0x000000008de00000|  0%| F|  |TAMS 0x000000008dd00000, 0x000000008dd00000| Untracked 
| 222|0x000000008de00000, 0x000000008de00000, 0x000000008df00000|  0%| F|  |TAMS 0x000000008de00000, 0x000000008de00000| Untracked 
| 223|0x000000008df00000, 0x000000008df00000, 0x000000008e000000|  0%| F|  |TAMS 0x000000008df00000, 0x000000008df00000| Untracked 
| 224|0x000000008e000000, 0x000000008e000000, 0x000000008e100000|  0%| F|  |TAMS 0x000000008e000000, 0x000000008e000000| Untracked 
| 225|0x000000008e100000, 0x000000008e100000, 0x000000008e200000|  0%| F|  |TAMS 0x000000008e100000, 0x000000008e100000| Untracked 
| 226|0x000000008e200000, 0x000000008e200000, 0x000000008e300000|  0%| F|  |TAMS 0x000000008e200000, 0x000000008e200000| Untracked 
| 227|0x000000008e300000, 0x000000008e300000, 0x000000008e400000|  0%| F|  |TAMS 0x000000008e300000, 0x000000008e300000| Untracked 
| 228|0x000000008e400000, 0x000000008e400000, 0x000000008e500000|  0%| F|  |TAMS 0x000000008e400000, 0x000000008e400000| Untracked 
| 229|0x000000008e500000, 0x000000008e500000, 0x000000008e600000|  0%| F|  |TAMS 0x000000008e500000, 0x000000008e500000| Untracked 
| 230|0x000000008e600000, 0x000000008e600000, 0x000000008e700000|  0%| F|  |TAMS 0x000000008e600000, 0x000000008e600000| Untracked 
| 231|0x000000008e700000, 0x000000008e700000, 0x000000008e800000|  0%| F|  |TAMS 0x000000008e700000, 0x000000008e700000| Untracked 
| 232|0x000000008e800000, 0x000000008e800000, 0x000000008e900000|  0%| F|  |TAMS 0x000000008e800000, 0x000000008e800000| Untracked 
| 233|0x000000008e900000, 0x000000008e900000, 0x000000008ea00000|  0%| F|  |TAMS 0x000000008e900000, 0x000000008e900000| Untracked 
| 234|0x000000008ea00000, 0x000000008ea00000, 0x000000008eb00000|  0%| F|  |TAMS 0x000000008ea00000, 0x000000008ea00000| Untracked 
| 235|0x000000008eb00000, 0x000000008eb00000, 0x000000008ec00000|  0%| F|  |TAMS 0x000000008eb00000, 0x000000008eb00000| Untracked 
| 236|0x000000008ec00000, 0x000000008ec00000, 0x000000008ed00000|  0%| F|  |TAMS 0x000000008ec00000, 0x000000008ec00000| Untracked 
| 237|0x000000008ed00000, 0x000000008ed00000, 0x000000008ee00000|  0%| F|  |TAMS 0x000000008ed00000, 0x000000008ed00000| Untracked 
| 238|0x000000008ee00000, 0x000000008ee00000, 0x000000008ef00000|  0%| F|  |TAMS 0x000000008ee00000, 0x000000008ee00000| Untracked 
| 239|0x000000008ef00000, 0x000000008ef00000, 0x000000008f000000|  0%| F|  |TAMS 0x000000008ef00000, 0x000000008ef00000| Untracked 
| 240|0x000000008f000000, 0x000000008f000000, 0x000000008f100000|  0%| F|  |TAMS 0x000000008f000000, 0x000000008f000000| Untracked 
| 241|0x000000008f100000, 0x000000008f100000, 0x000000008f200000|  0%| F|  |TAMS 0x000000008f100000, 0x000000008f100000| Untracked 
| 242|0x000000008f200000, 0x000000008f200000, 0x000000008f300000|  0%| F|  |TAMS 0x000000008f200000, 0x000000008f200000| Untracked 
| 243|0x000000008f300000, 0x000000008f300000, 0x000000008f400000|  0%| F|  |TAMS 0x000000008f300000, 0x000000008f300000| Untracked 
| 244|0x000000008f400000, 0x000000008f400000, 0x000000008f500000|  0%| F|  |TAMS 0x000000008f400000, 0x000000008f400000| Untracked 
| 245|0x000000008f500000, 0x000000008f500000, 0x000000008f600000|  0%| F|  |TAMS 0x000000008f500000, 0x000000008f500000| Untracked 
| 246|0x000000008f600000, 0x000000008f600000, 0x000000008f700000|  0%| F|  |TAMS 0x000000008f600000, 0x000000008f600000| Untracked 
| 247|0x000000008f700000, 0x000000008f700000, 0x000000008f800000|  0%| F|  |TAMS 0x000000008f700000, 0x000000008f700000| Untracked 
| 248|0x000000008f800000, 0x000000008f800000, 0x000000008f900000|  0%| F|  |TAMS 0x000000008f800000, 0x000000008f800000| Untracked 
| 249|0x000000008f900000, 0x000000008f900000, 0x000000008fa00000|  0%| F|  |TAMS 0x000000008f900000, 0x000000008f900000| Untracked 
| 250|0x000000008fa00000, 0x000000008fa00000, 0x000000008fb00000|  0%| F|  |TAMS 0x000000008fa00000, 0x000000008fa00000| Untracked 
| 251|0x000000008fb00000, 0x000000008fb00000, 0x000000008fc00000|  0%| F|  |TAMS 0x000000008fb00000, 0x000000008fb00000| Untracked 
| 252|0x000000008fc00000, 0x000000008fc00000, 0x000000008fd00000|  0%| F|  |TAMS 0x000000008fc00000, 0x000000008fc00000| Untracked 
| 253|0x000000008fd00000, 0x000000008fd00000, 0x000000008fe00000|  0%| F|  |TAMS 0x000000008fd00000, 0x000000008fd00000| Untracked 
| 254|0x000000008fe00000, 0x000000008fe00000, 0x000000008ff00000|  0%| F|  |TAMS 0x000000008fe00000, 0x000000008fe00000| Untracked 
| 255|0x000000008ff00000, 0x000000008ff00000, 0x0000000090000000|  0%| F|  |TAMS 0x000000008ff00000, 0x000000008ff00000| Untracked 
| 256|0x0000000090000000, 0x0000000090000000, 0x0000000090100000|  0%| F|  |TAMS 0x0000000090000000, 0x0000000090000000| Untracked 
| 257|0x0000000090100000, 0x0000000090100000, 0x0000000090200000|  0%| F|  |TAMS 0x0000000090100000, 0x0000000090100000| Untracked 
| 258|0x0000000090200000, 0x0000000090200000, 0x0000000090300000|  0%| F|  |TAMS 0x0000000090200000, 0x0000000090200000| Untracked 
| 259|0x0000000090300000, 0x0000000090300000, 0x0000000090400000|  0%| F|  |TAMS 0x0000000090300000, 0x0000000090300000| Untracked 
| 260|0x0000000090400000, 0x0000000090400000, 0x0000000090500000|  0%| F|  |TAMS 0x0000000090400000, 0x0000000090400000| Untracked 
| 261|0x0000000090500000, 0x0000000090500000, 0x0000000090600000|  0%| F|  |TAMS 0x0000000090500000, 0x0000000090500000| Untracked 
| 262|0x0000000090600000, 0x0000000090600000, 0x0000000090700000|  0%| F|  |TAMS 0x0000000090600000, 0x0000000090600000| Untracked 
| 263|0x0000000090700000, 0x0000000090700000, 0x0000000090800000|  0%| F|  |TAMS 0x0000000090700000, 0x0000000090700000| Untracked 
| 264|0x0000000090800000, 0x0000000090800000, 0x0000000090900000|  0%| F|  |TAMS 0x0000000090800000, 0x0000000090800000| Untracked 
| 265|0x0000000090900000, 0x0000000090900000, 0x0000000090a00000|  0%| F|  |TAMS 0x0000000090900000, 0x0000000090900000| Untracked 
| 266|0x0000000090a00000, 0x0000000090a00000, 0x0000000090b00000|  0%| F|  |TAMS 0x0000000090a00000, 0x0000000090a00000| Untracked 
| 267|0x0000000090b00000, 0x0000000090b00000, 0x0000000090c00000|  0%| F|  |TAMS 0x0000000090b00000, 0x0000000090b00000| Untracked 
| 268|0x0000000090c00000, 0x0000000090c00000, 0x0000000090d00000|  0%| F|  |TAMS 0x0000000090c00000, 0x0000000090c00000| Untracked 
| 269|0x0000000090d00000, 0x0000000090d00000, 0x0000000090e00000|  0%| F|  |TAMS 0x0000000090d00000, 0x0000000090d00000| Untracked 
| 270|0x0000000090e00000, 0x0000000090e00000, 0x0000000090f00000|  0%| F|  |TAMS 0x0000000090e00000, 0x0000000090e00000| Untracked 
| 271|0x0000000090f00000, 0x0000000090f00000, 0x0000000091000000|  0%| F|  |TAMS 0x0000000090f00000, 0x0000000090f00000| Untracked 
| 272|0x0000000091000000, 0x0000000091000000, 0x0000000091100000|  0%| F|  |TAMS 0x0000000091000000, 0x0000000091000000| Untracked 
| 273|0x0000000091100000, 0x0000000091100000, 0x0000000091200000|  0%| F|  |TAMS 0x0000000091100000, 0x0000000091100000| Untracked 
| 274|0x0000000091200000, 0x0000000091200000, 0x0000000091300000|  0%| F|  |TAMS 0x0000000091200000, 0x0000000091200000| Untracked 
| 275|0x0000000091300000, 0x0000000091300000, 0x0000000091400000|  0%| F|  |TAMS 0x0000000091300000, 0x0000000091300000| Untracked 
| 276|0x0000000091400000, 0x0000000091400000, 0x0000000091500000|  0%| F|  |TAMS 0x0000000091400000, 0x0000000091400000| Untracked 
| 277|0x0000000091500000, 0x0000000091500000, 0x0000000091600000|  0%| F|  |TAMS 0x0000000091500000, 0x0000000091500000| Untracked 
| 278|0x0000000091600000, 0x0000000091600000, 0x0000000091700000|  0%| F|  |TAMS 0x0000000091600000, 0x0000000091600000| Untracked 
| 279|0x0000000091700000, 0x0000000091700000, 0x0000000091800000|  0%| F|  |TAMS 0x0000000091700000, 0x0000000091700000| Untracked 
| 280|0x0000000091800000, 0x0000000091800000, 0x0000000091900000|  0%| F|  |TAMS 0x0000000091800000, 0x0000000091800000| Untracked 
| 281|0x0000000091900000, 0x0000000091900000, 0x0000000091a00000|  0%| F|  |TAMS 0x0000000091900000, 0x0000000091900000| Untracked 
| 282|0x0000000091a00000, 0x0000000091a00000, 0x0000000091b00000|  0%| F|  |TAMS 0x0000000091a00000, 0x0000000091a00000| Untracked 
| 283|0x0000000091b00000, 0x0000000091b00000, 0x0000000091c00000|  0%| F|  |TAMS 0x0000000091b00000, 0x0000000091b00000| Untracked 
| 284|0x0000000091c00000, 0x0000000091c00000, 0x0000000091d00000|  0%| F|  |TAMS 0x0000000091c00000, 0x0000000091c00000| Untracked 
| 285|0x0000000091d00000, 0x0000000091d00000, 0x0000000091e00000|  0%| F|  |TAMS 0x0000000091d00000, 0x0000000091d00000| Untracked 
| 286|0x0000000091e00000, 0x0000000091e00000, 0x0000000091f00000|  0%| F|  |TAMS 0x0000000091e00000, 0x0000000091e00000| Untracked 
| 287|0x0000000091f00000, 0x0000000091f00000, 0x0000000092000000|  0%| F|  |TAMS 0x0000000091f00000, 0x0000000091f00000| Untracked 
| 288|0x0000000092000000, 0x0000000092000000, 0x0000000092100000|  0%| F|  |TAMS 0x0000000092000000, 0x0000000092000000| Untracked 
| 289|0x0000000092100000, 0x0000000092100000, 0x0000000092200000|  0%| F|  |TAMS 0x0000000092100000, 0x0000000092100000| Untracked 
| 290|0x0000000092200000, 0x0000000092200000, 0x0000000092300000|  0%| F|  |TAMS 0x0000000092200000, 0x0000000092200000| Untracked 
| 291|0x0000000092300000, 0x0000000092300000, 0x0000000092400000|  0%| F|  |TAMS 0x0000000092300000, 0x0000000092300000| Untracked 
| 292|0x0000000092400000, 0x0000000092400000, 0x0000000092500000|  0%| F|  |TAMS 0x0000000092400000, 0x0000000092400000| Untracked 
| 293|0x0000000092500000, 0x0000000092500000, 0x0000000092600000|  0%| F|  |TAMS 0x0000000092500000, 0x0000000092500000| Untracked 
| 294|0x0000000092600000, 0x0000000092600000, 0x0000000092700000|  0%| F|  |TAMS 0x0000000092600000, 0x0000000092600000| Untracked 
| 295|0x0000000092700000, 0x0000000092700000, 0x0000000092800000|  0%| F|  |TAMS 0x0000000092700000, 0x0000000092700000| Untracked 
| 296|0x0000000092800000, 0x0000000092800000, 0x0000000092900000|  0%| F|  |TAMS 0x0000000092800000, 0x0000000092800000| Untracked 
| 297|0x0000000092900000, 0x0000000092900000, 0x0000000092a00000|  0%| F|  |TAMS 0x0000000092900000, 0x0000000092900000| Untracked 
| 298|0x0000000092a00000, 0x0000000092a00000, 0x0000000092b00000|  0%| F|  |TAMS 0x0000000092a00000, 0x0000000092a00000| Untracked 
| 299|0x0000000092b00000, 0x0000000092b00000, 0x0000000092c00000|  0%| F|  |TAMS 0x0000000092b00000, 0x0000000092b00000| Untracked 
| 300|0x0000000092c00000, 0x0000000092c00000, 0x0000000092d00000|  0%| F|  |TAMS 0x0000000092c00000, 0x0000000092c00000| Untracked 
| 301|0x0000000092d00000, 0x0000000092d00000, 0x0000000092e00000|  0%| F|  |TAMS 0x0000000092d00000, 0x0000000092d00000| Untracked 
| 302|0x0000000092e00000, 0x0000000092e00000, 0x0000000092f00000|  0%| F|  |TAMS 0x0000000092e00000, 0x0000000092e00000| Untracked 
| 303|0x0000000092f00000, 0x0000000092f00000, 0x0000000093000000|  0%| F|  |TAMS 0x0000000092f00000, 0x0000000092f00000| Untracked 
| 304|0x0000000093000000, 0x0000000093000000, 0x0000000093100000|  0%| F|  |TAMS 0x0000000093000000, 0x0000000093000000| Untracked 
| 305|0x0000000093100000, 0x0000000093100000, 0x0000000093200000|  0%| F|  |TAMS 0x0000000093100000, 0x0000000093100000| Untracked 
| 306|0x0000000093200000, 0x0000000093200000, 0x0000000093300000|  0%| F|  |TAMS 0x0000000093200000, 0x0000000093200000| Untracked 
| 307|0x0000000093300000, 0x0000000093300000, 0x0000000093400000|  0%| F|  |TAMS 0x0000000093300000, 0x0000000093300000| Untracked 
| 308|0x0000000093400000, 0x0000000093400000, 0x0000000093500000|  0%| F|  |TAMS 0x0000000093400000, 0x0000000093400000| Untracked 
| 309|0x0000000093500000, 0x0000000093500000, 0x0000000093600000|  0%| F|  |TAMS 0x0000000093500000, 0x0000000093500000| Untracked 
| 310|0x0000000093600000, 0x0000000093600000, 0x0000000093700000|  0%| F|  |TAMS 0x0000000093600000, 0x0000000093600000| Untracked 
| 311|0x0000000093700000, 0x0000000093700000, 0x0000000093800000|  0%| F|  |TAMS 0x0000000093700000, 0x0000000093700000| Untracked 
| 312|0x0000000093800000, 0x0000000093800000, 0x0000000093900000|  0%| F|  |TAMS 0x0000000093800000, 0x0000000093800000| Untracked 
| 313|0x0000000093900000, 0x0000000093900000, 0x0000000093a00000|  0%| F|  |TAMS 0x0000000093900000, 0x0000000093900000| Untracked 
| 314|0x0000000093a00000, 0x0000000093a00000, 0x0000000093b00000|  0%| F|  |TAMS 0x0000000093a00000, 0x0000000093a00000| Untracked 
| 315|0x0000000093b00000, 0x0000000093b00000, 0x0000000093c00000|  0%| F|  |TAMS 0x0000000093b00000, 0x0000000093b00000| Untracked 
| 316|0x0000000093c00000, 0x0000000093c00000, 0x0000000093d00000|  0%| F|  |TAMS 0x0000000093c00000, 0x0000000093c00000| Untracked 
| 317|0x0000000093d00000, 0x0000000093d00000, 0x0000000093e00000|  0%| F|  |TAMS 0x0000000093d00000, 0x0000000093d00000| Untracked 
| 318|0x0000000093e00000, 0x0000000093e00000, 0x0000000093f00000|  0%| F|  |TAMS 0x0000000093e00000, 0x0000000093e00000| Untracked 
| 319|0x0000000093f00000, 0x0000000093f00000, 0x0000000094000000|  0%| F|  |TAMS 0x0000000093f00000, 0x0000000093f00000| Untracked 
| 320|0x0000000094000000, 0x0000000094000000, 0x0000000094100000|  0%| F|  |TAMS 0x0000000094000000, 0x0000000094000000| Untracked 
| 321|0x0000000094100000, 0x0000000094100000, 0x0000000094200000|  0%| F|  |TAMS 0x0000000094100000, 0x0000000094100000| Untracked 
| 322|0x0000000094200000, 0x0000000094200000, 0x0000000094300000|  0%| F|  |TAMS 0x0000000094200000, 0x0000000094200000| Untracked 
| 323|0x0000000094300000, 0x0000000094300000, 0x0000000094400000|  0%| F|  |TAMS 0x0000000094300000, 0x0000000094300000| Untracked 
| 324|0x0000000094400000, 0x0000000094400000, 0x0000000094500000|  0%| F|  |TAMS 0x0000000094400000, 0x0000000094400000| Untracked 
| 325|0x0000000094500000, 0x0000000094500000, 0x0000000094600000|  0%| F|  |TAMS 0x0000000094500000, 0x0000000094500000| Untracked 
| 326|0x0000000094600000, 0x0000000094600000, 0x0000000094700000|  0%| F|  |TAMS 0x0000000094600000, 0x0000000094600000| Untracked 
| 327|0x0000000094700000, 0x0000000094700000, 0x0000000094800000|  0%| F|  |TAMS 0x0000000094700000, 0x0000000094700000| Untracked 
| 328|0x0000000094800000, 0x0000000094800000, 0x0000000094900000|  0%| F|  |TAMS 0x0000000094800000, 0x0000000094800000| Untracked 
| 329|0x0000000094900000, 0x0000000094900000, 0x0000000094a00000|  0%| F|  |TAMS 0x0000000094900000, 0x0000000094900000| Untracked 
| 330|0x0000000094a00000, 0x0000000094a00000, 0x0000000094b00000|  0%| F|  |TAMS 0x0000000094a00000, 0x0000000094a00000| Untracked 
| 331|0x0000000094b00000, 0x0000000094b00000, 0x0000000094c00000|  0%| F|  |TAMS 0x0000000094b00000, 0x0000000094b00000| Untracked 
| 332|0x0000000094c00000, 0x0000000094c80800, 0x0000000094d00000| 50%| E|  |TAMS 0x0000000094c00000, 0x0000000094c00000| Complete 
| 333|0x0000000094d00000, 0x0000000094e00000, 0x0000000094e00000|100%| E|CS|TAMS 0x0000000094d00000, 0x0000000094d00000| Complete 
| 334|0x0000000094e00000, 0x0000000094f00000, 0x0000000094f00000|100%| E|CS|TAMS 0x0000000094e00000, 0x0000000094e00000| Complete 
| 335|0x0000000094f00000, 0x0000000095000000, 0x0000000095000000|100%| E|CS|TAMS 0x0000000094f00000, 0x0000000094f00000| Complete 
| 336|0x0000000095000000, 0x0000000095100000, 0x0000000095100000|100%| E|CS|TAMS 0x0000000095000000, 0x0000000095000000| Complete 
| 337|0x0000000095100000, 0x0000000095200000, 0x0000000095200000|100%| E|CS|TAMS 0x0000000095100000, 0x0000000095100000| Complete 
| 338|0x0000000095200000, 0x0000000095300000, 0x0000000095300000|100%| E|CS|TAMS 0x0000000095200000, 0x0000000095200000| Complete 
| 339|0x0000000095300000, 0x0000000095400000, 0x0000000095400000|100%| E|CS|TAMS 0x0000000095300000, 0x0000000095300000| Complete 
| 340|0x0000000095400000, 0x0000000095500000, 0x0000000095500000|100%| E|CS|TAMS 0x0000000095400000, 0x0000000095400000| Complete 
| 341|0x0000000095500000, 0x0000000095600000, 0x0000000095600000|100%| E|CS|TAMS 0x0000000095500000, 0x0000000095500000| Complete 
| 342|0x0000000095600000, 0x0000000095700000, 0x0000000095700000|100%| E|CS|TAMS 0x0000000095600000, 0x0000000095600000| Complete 
| 343|0x0000000095700000, 0x0000000095800000, 0x0000000095800000|100%| E|CS|TAMS 0x0000000095700000, 0x0000000095700000| Complete 
| 344|0x0000000095800000, 0x0000000095900000, 0x0000000095900000|100%| E|CS|TAMS 0x0000000095800000, 0x0000000095800000| Complete 
| 345|0x0000000095900000, 0x0000000095a00000, 0x0000000095a00000|100%| E|CS|TAMS 0x0000000095900000, 0x0000000095900000| Complete 
| 346|0x0000000095a00000, 0x0000000095b00000, 0x0000000095b00000|100%| E|CS|TAMS 0x0000000095a00000, 0x0000000095a00000| Complete 
| 347|0x0000000095b00000, 0x0000000095c00000, 0x0000000095c00000|100%| E|CS|TAMS 0x0000000095b00000, 0x0000000095b00000| Complete 
| 348|0x0000000095c00000, 0x0000000095d00000, 0x0000000095d00000|100%| E|CS|TAMS 0x0000000095c00000, 0x0000000095c00000| Complete 
| 349|0x0000000095d00000, 0x0000000095e00000, 0x0000000095e00000|100%| E|CS|TAMS 0x0000000095d00000, 0x0000000095d00000| Complete 
| 350|0x0000000095e00000, 0x0000000095f00000, 0x0000000095f00000|100%| E|CS|TAMS 0x0000000095e00000, 0x0000000095e00000| Complete 
| 351|0x0000000095f00000, 0x0000000096000000, 0x0000000096000000|100%| E|CS|TAMS 0x0000000095f00000, 0x0000000095f00000| Complete 
| 352|0x0000000096000000, 0x0000000096100000, 0x0000000096100000|100%| E|CS|TAMS 0x0000000096000000, 0x0000000096000000| Complete 
| 353|0x0000000096100000, 0x0000000096200000, 0x0000000096200000|100%| E|CS|TAMS 0x0000000096100000, 0x0000000096100000| Complete 
| 354|0x0000000096200000, 0x0000000096300000, 0x0000000096300000|100%| E|CS|TAMS 0x0000000096200000, 0x0000000096200000| Complete 
| 355|0x0000000096300000, 0x0000000096400000, 0x0000000096400000|100%| E|CS|TAMS 0x0000000096300000, 0x0000000096300000| Complete 
| 356|0x0000000096400000, 0x0000000096500000, 0x0000000096500000|100%| E|CS|TAMS 0x0000000096400000, 0x0000000096400000| Complete 
| 357|0x0000000096500000, 0x0000000096600000, 0x0000000096600000|100%| E|CS|TAMS 0x0000000096500000, 0x0000000096500000| Complete 
| 358|0x0000000096600000, 0x0000000096700000, 0x0000000096700000|100%| E|CS|TAMS 0x0000000096600000, 0x0000000096600000| Complete 
| 359|0x0000000096700000, 0x0000000096800000, 0x0000000096800000|100%| E|CS|TAMS 0x0000000096700000, 0x0000000096700000| Complete 
| 360|0x0000000096800000, 0x0000000096900000, 0x0000000096900000|100%| E|CS|TAMS 0x0000000096800000, 0x0000000096800000| Complete 
| 361|0x0000000096900000, 0x0000000096a00000, 0x0000000096a00000|100%| E|CS|TAMS 0x0000000096900000, 0x0000000096900000| Complete 
| 362|0x0000000096a00000, 0x0000000096b00000, 0x0000000096b00000|100%| E|CS|TAMS 0x0000000096a00000, 0x0000000096a00000| Complete 
| 363|0x0000000096b00000, 0x0000000096c00000, 0x0000000096c00000|100%| E|CS|TAMS 0x0000000096b00000, 0x0000000096b00000| Complete 
| 364|0x0000000096c00000, 0x0000000096d00000, 0x0000000096d00000|100%| E|CS|TAMS 0x0000000096c00000, 0x0000000096c00000| Complete 
| 365|0x0000000096d00000, 0x0000000096e00000, 0x0000000096e00000|100%| E|CS|TAMS 0x0000000096d00000, 0x0000000096d00000| Complete 
| 366|0x0000000096e00000, 0x0000000096f00000, 0x0000000096f00000|100%| E|CS|TAMS 0x0000000096e00000, 0x0000000096e00000| Complete 
| 367|0x0000000096f00000, 0x0000000097000000, 0x0000000097000000|100%| E|CS|TAMS 0x0000000096f00000, 0x0000000096f00000| Complete 
| 368|0x0000000097000000, 0x0000000097100000, 0x0000000097100000|100%| E|CS|TAMS 0x0000000097000000, 0x0000000097000000| Complete 
| 369|0x0000000097100000, 0x0000000097200000, 0x0000000097200000|100%| E|CS|TAMS 0x0000000097100000, 0x0000000097100000| Complete 
| 370|0x0000000097200000, 0x0000000097300000, 0x0000000097300000|100%| E|CS|TAMS 0x0000000097200000, 0x0000000097200000| Complete 
| 371|0x0000000097300000, 0x0000000097400000, 0x0000000097400000|100%| E|CS|TAMS 0x0000000097300000, 0x0000000097300000| Complete 
| 372|0x0000000097400000, 0x0000000097500000, 0x0000000097500000|100%| E|CS|TAMS 0x0000000097400000, 0x0000000097400000| Complete 
| 373|0x0000000097500000, 0x0000000097600000, 0x0000000097600000|100%| E|CS|TAMS 0x0000000097500000, 0x0000000097500000| Complete 
| 374|0x0000000097600000, 0x0000000097700000, 0x0000000097700000|100%| E|CS|TAMS 0x0000000097600000, 0x0000000097600000| Complete 
| 375|0x0000000097700000, 0x0000000097800000, 0x0000000097800000|100%| E|CS|TAMS 0x0000000097700000, 0x0000000097700000| Complete 
| 376|0x0000000097800000, 0x0000000097900000, 0x0000000097900000|100%| E|CS|TAMS 0x0000000097800000, 0x0000000097800000| Complete 
| 377|0x0000000097900000, 0x0000000097a00000, 0x0000000097a00000|100%| E|CS|TAMS 0x0000000097900000, 0x0000000097900000| Complete 
| 378|0x0000000097a00000, 0x0000000097b00000, 0x0000000097b00000|100%| E|CS|TAMS 0x0000000097a00000, 0x0000000097a00000| Complete 
| 379|0x0000000097b00000, 0x0000000097c00000, 0x0000000097c00000|100%| E|CS|TAMS 0x0000000097b00000, 0x0000000097b00000| Complete 
| 380|0x0000000097c00000, 0x0000000097d00000, 0x0000000097d00000|100%| E|CS|TAMS 0x0000000097c00000, 0x0000000097c00000| Complete 
| 381|0x0000000097d00000, 0x0000000097e00000, 0x0000000097e00000|100%| E|CS|TAMS 0x0000000097d00000, 0x0000000097d00000| Complete 
| 382|0x0000000097e00000, 0x0000000097f00000, 0x0000000097f00000|100%| E|CS|TAMS 0x0000000097e00000, 0x0000000097e00000| Complete 
| 383|0x0000000097f00000, 0x0000000098000000, 0x0000000098000000|100%| E|CS|TAMS 0x0000000097f00000, 0x0000000097f00000| Complete 
| 384|0x0000000098000000, 0x0000000098100000, 0x0000000098100000|100%| E|CS|TAMS 0x0000000098000000, 0x0000000098000000| Complete 
| 385|0x0000000098100000, 0x0000000098200000, 0x0000000098200000|100%| E|CS|TAMS 0x0000000098100000, 0x0000000098100000| Complete 
| 386|0x0000000098200000, 0x0000000098300000, 0x0000000098300000|100%| E|CS|TAMS 0x0000000098200000, 0x0000000098200000| Complete 
| 387|0x0000000098300000, 0x0000000098400000, 0x0000000098400000|100%| E|CS|TAMS 0x0000000098300000, 0x0000000098300000| Complete 
| 388|0x0000000098400000, 0x0000000098500000, 0x0000000098500000|100%| E|CS|TAMS 0x0000000098400000, 0x0000000098400000| Complete 
| 389|0x0000000098500000, 0x0000000098600000, 0x0000000098600000|100%| E|CS|TAMS 0x0000000098500000, 0x0000000098500000| Complete 
| 390|0x0000000098600000, 0x0000000098700000, 0x0000000098700000|100%| E|CS|TAMS 0x0000000098600000, 0x0000000098600000| Complete 
| 391|0x0000000098700000, 0x0000000098800000, 0x0000000098800000|100%| E|CS|TAMS 0x0000000098700000, 0x0000000098700000| Complete 
| 392|0x0000000098800000, 0x0000000098900000, 0x0000000098900000|100%| E|CS|TAMS 0x0000000098800000, 0x0000000098800000| Complete 
| 393|0x0000000098900000, 0x0000000098a00000, 0x0000000098a00000|100%| E|CS|TAMS 0x0000000098900000, 0x0000000098900000| Complete 
| 394|0x0000000098a00000, 0x0000000098b00000, 0x0000000098b00000|100%| E|CS|TAMS 0x0000000098a00000, 0x0000000098a00000| Complete 
| 395|0x0000000098b00000, 0x0000000098c00000, 0x0000000098c00000|100%| E|CS|TAMS 0x0000000098b00000, 0x0000000098b00000| Complete 
| 396|0x0000000098c00000, 0x0000000098d00000, 0x0000000098d00000|100%| E|CS|TAMS 0x0000000098c00000, 0x0000000098c00000| Complete 
| 397|0x0000000098d00000, 0x0000000098e00000, 0x0000000098e00000|100%| E|CS|TAMS 0x0000000098d00000, 0x0000000098d00000| Complete 
| 398|0x0000000098e00000, 0x0000000098f00000, 0x0000000098f00000|100%| E|CS|TAMS 0x0000000098e00000, 0x0000000098e00000| Complete 
| 399|0x0000000098f00000, 0x0000000099000000, 0x0000000099000000|100%| E|CS|TAMS 0x0000000098f00000, 0x0000000098f00000| Complete 

Card table byte_map: [0x00000261be080000,0x00000261be480000] _byte_map_base: 0x00000261bdc80000

Marking Bits (Prev, Next): (CMBitMap*) 0x00000261aaead5d0, (CMBitMap*) 0x00000261aaead598
 Prev Bits: [0x00000261c0880000, 0x00000261c2880000)
 Next Bits: [0x00000261be880000, 0x00000261c0880000)

Polling page: 0x00000261a8d50000

Metaspace:

Usage:
  Non-class:     92.13 MB capacity,    90.33 MB ( 98%) used,     1.45 MB (  2%) free+waste,   356.13 KB ( <1%) overhead. 
      Class:     14.33 MB capacity,    13.25 MB ( 92%) used,   949.19 KB (  6%) free+waste,   157.94 KB (  1%) overhead. 
       Both:    106.46 MB capacity,   103.58 MB ( 97%) used,     2.38 MB (  2%) free+waste,   514.06 KB ( <1%) overhead. 

Virtual space:
  Non-class space:       94.00 MB reserved,      92.25 MB ( 98%) committed 
      Class space:        1.00 GB reserved,      14.45 MB (  1%) committed 
             Both:        1.09 GB reserved,     106.70 MB ( 10%) committed 

Chunk freelists:
   Non-Class:  61.00 KB
       Class:  0 bytes
        Both:  61.00 KB

MaxMetaspaceSize: 17179869184.00 GB
CompressedClassSpaceSize: 1.00 GB

CodeHeap 'non-profiled nmethods': size=120000Kb used=9493Kb max_used=10232Kb free=110506Kb
 bounds [0x00000261b6420000, 0x00000261b6e30000, 0x00000261bd950000]
CodeHeap 'profiled nmethods': size=120000Kb used=36010Kb max_used=37956Kb free=83989Kb
 bounds [0x00000261aeef0000, 0x00000261b1410000, 0x00000261b6420000]
CodeHeap 'non-nmethods': size=5760Kb used=2311Kb max_used=2424Kb free=3448Kb
 bounds [0x00000261ae950000, 0x00000261aebc0000, 0x00000261aeef0000]
 total_blobs=16643 nmethods=15718 adapters=835
 compilation: enabled
              stopped_count=0, restarted_count=0
 full_count=0

Compilation events (20 events):
Event: 24.620 Thread 0x00000261c5bc9000 17140       2       com.android.tools.r8.graph.G$d::<init> (10 bytes)
Event: 24.620 Thread 0x00000261c5bc9000 nmethod 17140 0x00000261aef3a390 code [0x00000261aef3a540, 0x00000261aef3a638]
Event: 24.624 Thread 0x00000261c5bc9000 17143       3       com.android.tools.r8.internal.zh::a (71 bytes)
Event: 24.624 Thread 0x00000261c5bc9000 nmethod 17143 0x00000261aef39b90 code [0x00000261aef39d60, 0x00000261aef3a118]
Event: 24.624 Thread 0x00000261c5bc9000 17141       2       com.android.tools.r8.graph.T$$Lambda$1631/0x0000000100dd3840::apply (15 bytes)
Event: 24.625 Thread 0x00000261c5bc9000 nmethod 17141 0x00000261aef3d610 code [0x00000261aef3d7c0, 0x00000261aef3d958]
Event: 24.625 Thread 0x00000261c5bc9000 17142       2       com.android.tools.r8.graph.G$b::<init> (10 bytes)
Event: 24.625 Thread 0x00000261c5bc9000 nmethod 17142 0x00000261aef3d290 code [0x00000261aef3d440, 0x00000261aef3d538]
Event: 24.688 Thread 0x00000261c5bc9000 17146       3       java.util.stream.StreamSpliterators$AbstractWrappingSpliterator::fillBuffer (64 bytes)
Event: 24.689 Thread 0x00000261c5bc9000 nmethod 17146 0x00000261aef42290 code [0x00000261aef424a0, 0x00000261aef42b68]
Event: 24.703 Thread 0x00000261c5bc9000 17147 %     3       com.android.tools.r8.ir.regalloc.a::j @ 37 (71 bytes)
Event: 24.705 Thread 0x00000261c5bc9000 nmethod 17147% 0x00000261aef4c310 code [0x00000261aef4c620, 0x00000261aef4da28]
Event: 24.720 Thread 0x00000261c5bc9000 17148       2       com.android.tools.r8.code.S2::w (10 bytes)
Event: 24.720 Thread 0x00000261c5bc9000 nmethod 17148 0x00000261aef3cf10 code [0x00000261aef3d0c0, 0x00000261aef3d1d8]
Event: 24.723 Thread 0x00000261c5bc2800 nmethod 16593 0x00000261b64d3310 code [0x00000261b64d38c0, 0x00000261b64d9468]
Event: 24.723 Thread 0x00000261c5bc2800 17145       4       com.android.tools.r8.internal.W4::a (1165 bytes)
Event: 24.752 Thread 0x00000261c5bc9000 17149       2       com.android.tools.r8.internal.FG::a (8 bytes)
Event: 24.752 Thread 0x00000261c5bc9000 nmethod 17149 0x00000261aef41e10 code [0x00000261aef41fe0, 0x00000261aef42158]
Event: 24.776 Thread 0x00000261c5bc9000 17151       2       java.util.HashMap::get (23 bytes)
Event: 24.777 Thread 0x00000261c5bc9000 nmethod 17151 0x00000261aef41990 code [0x00000261aef41b60, 0x00000261aef41cf8]

GC Heap History (20 events):
Event: 21.024 GC heap before
{Heap before GC invocations=28 (full 0):
 garbage-first heap   total 260096K, used 219365K [0x0000000080000000, 0x0000000100000000)
  region size 1024K, 113 young (115712K), 8 survivors (8192K)
 Metaspace       used 105427K, capacity 108300K, committed 108364K, reserved 1142784K
  class space    used 13559K, capacity 14666K, committed 14668K, reserved 1048576K
}
Event: 21.034 GC heap after
{Heap after GC invocations=29 (full 0):
 garbage-first heap   total 260096K, used 113410K [0x0000000080000000, 0x0000000100000000)
  region size 1024K, 8 young (8192K), 8 survivors (8192K)
 Metaspace       used 105427K, capacity 108300K, committed 108364K, reserved 1142784K
  class space    used 13559K, capacity 14666K, committed 14668K, reserved 1048576K
}
Event: 21.205 GC heap before
{Heap before GC invocations=29 (full 0):
 garbage-first heap   total 260096K, used 221954K [0x0000000080000000, 0x0000000100000000)
  region size 1024K, 114 young (116736K), 8 survivors (8192K)
 Metaspace       used 105472K, capacity 108366K, committed 108620K, reserved 1142784K
  class space    used 13559K, capacity 14666K, committed 14668K, reserved 1048576K
}
Event: 21.214 GC heap after
{Heap after GC invocations=30 (full 0):
 garbage-first heap   total 260096K, used 114825K [0x0000000080000000, 0x0000000100000000)
  region size 1024K, 10 young (10240K), 10 survivors (10240K)
 Metaspace       used 105472K, capacity 108366K, committed 108620K, reserved 1142784K
  class space    used 13559K, capacity 14666K, committed 14668K, reserved 1048576K
}
Event: 21.381 GC heap before
{Heap before GC invocations=30 (full 0):
 garbage-first heap   total 260096K, used 222345K [0x0000000080000000, 0x0000000100000000)
  region size 1024K, 115 young (117760K), 10 survivors (10240K)
 Metaspace       used 105507K, capacity 108367K, committed 108620K, reserved 1142784K
  class space    used 13559K, capacity 14666K, committed 14668K, reserved 1048576K
}
Event: 21.395 GC heap after
{Heap after GC invocations=31 (full 0):
 garbage-first heap   total 312320K, used 116299K [0x0000000080000000, 0x0000000100000000)
  region size 1024K, 9 young (9216K), 9 survivors (9216K)
 Metaspace       used 105507K, capacity 108367K, committed 108620K, reserved 1142784K
  class space    used 13559K, capacity 14666K, committed 14668K, reserved 1048576K
}
Event: 21.691 GC heap before
{Heap before GC invocations=31 (full 0):
 garbage-first heap   total 312320K, used 254539K [0x0000000080000000, 0x0000000100000000)
  region size 1024K, 144 young (147456K), 9 survivors (9216K)
 Metaspace       used 105532K, capacity 108431K, committed 108620K, reserved 1142784K
  class space    used 13559K, capacity 14666K, committed 14668K, reserved 1048576K
}
Event: 21.701 GC heap after
{Heap after GC invocations=32 (full 0):
 garbage-first heap   total 312320K, used 117323K [0x0000000080000000, 0x0000000100000000)
  region size 1024K, 10 young (10240K), 10 survivors (10240K)
 Metaspace       used 105532K, capacity 108431K, committed 108620K, reserved 1142784K
  class space    used 13559K, capacity 14666K, committed 14668K, reserved 1048576K
}
Event: 22.004 GC heap before
{Heap before GC invocations=32 (full 0):
 garbage-first heap   total 312320K, used 257611K [0x0000000080000000, 0x0000000100000000)
  region size 1024K, 147 young (150528K), 10 survivors (10240K)
 Metaspace       used 105542K, capacity 108431K, committed 108620K, reserved 1142784K
  class space    used 13559K, capacity 14666K, committed 14668K, reserved 1048576K
}
Event: 22.014 GC heap after
{Heap after GC invocations=33 (full 0):
 garbage-first heap   total 312320K, used 119277K [0x0000000080000000, 0x0000000100000000)
  region size 1024K, 12 young (12288K), 12 survivors (12288K)
 Metaspace       used 105542K, capacity 108431K, committed 108620K, reserved 1142784K
  class space    used 13559K, capacity 14666K, committed 14668K, reserved 1048576K
}
Event: 22.247 GC heap before
{Heap before GC invocations=33 (full 0):
 garbage-first heap   total 312320K, used 260589K [0x0000000080000000, 0x0000000100000000)
  region size 1024K, 150 young (153600K), 12 survivors (12288K)
 Metaspace       used 105592K, capacity 108440K, committed 108620K, reserved 1142784K
  class space    used 13559K, capacity 14666K, committed 14668K, reserved 1048576K
}
Event: 22.258 GC heap after
{Heap after GC invocations=34 (full 0):
 garbage-first heap   total 312320K, used 121201K [0x0000000080000000, 0x0000000100000000)
  region size 1024K, 13 young (13312K), 13 survivors (13312K)
 Metaspace       used 105592K, capacity 108440K, committed 108620K, reserved 1142784K
  class space    used 13559K, capacity 14666K, committed 14668K, reserved 1048576K
}
Event: 22.535 GC heap before
{Heap before GC invocations=34 (full 0):
 garbage-first heap   total 312320K, used 263537K [0x0000000080000000, 0x0000000100000000)
  region size 1024K, 151 young (154624K), 13 survivors (13312K)
 Metaspace       used 105699K, capacity 108588K, committed 108620K, reserved 1142784K
  class space    used 13559K, capacity 14666K, committed 14668K, reserved 1048576K
}
Event: 22.550 GC heap after
{Heap after GC invocations=35 (full 0):
 garbage-first heap   total 409600K, used 121349K [0x0000000080000000, 0x0000000100000000)
  region size 1024K, 11 young (11264K), 11 survivors (11264K)
 Metaspace       used 105699K, capacity 108588K, committed 108620K, reserved 1142784K
  class space    used 13559K, capacity 14666K, committed 14668K, reserved 1048576K
}
Event: 23.233 GC heap before
{Heap before GC invocations=35 (full 0):
 garbage-first heap   total 409600K, used 330245K [0x0000000080000000, 0x0000000100000000)
  region size 1024K, 215 young (220160K), 11 survivors (11264K)
 Metaspace       used 105725K, capacity 108596K, committed 108748K, reserved 1142784K
  class space    used 13561K, capacity 14669K, committed 14796K, reserved 1048576K
}
Event: 23.278 GC heap after
{Heap after GC invocations=36 (full 0):
 garbage-first heap   total 409600K, used 123607K [0x0000000080000000, 0x0000000100000000)
  region size 1024K, 13 young (13312K), 13 survivors (13312K)
 Metaspace       used 105725K, capacity 108596K, committed 108748K, reserved 1142784K
  class space    used 13561K, capacity 14669K, committed 14796K, reserved 1048576K
}
Event: 24.134 GC heap before
{Heap before GC invocations=36 (full 0):
 garbage-first heap   total 409600K, used 343767K [0x0000000080000000, 0x0000000100000000)
  region size 1024K, 228 young (233472K), 13 survivors (13312K)
 Metaspace       used 105939K, capacity 108788K, committed 109004K, reserved 1142784K
  class space    used 13561K, capacity 14670K, committed 14796K, reserved 1048576K
}
Event: 24.149 GC heap after
{Heap after GC invocations=37 (full 0):
 garbage-first heap   total 409600K, used 125900K [0x0000000080000000, 0x0000000100000000)
  region size 1024K, 15 young (15360K), 15 survivors (15360K)
 Metaspace       used 105939K, capacity 108788K, committed 109004K, reserved 1142784K
  class space    used 13561K, capacity 14670K, committed 14796K, reserved 1048576K
}
Event: 24.656 GC heap before
{Heap before GC invocations=37 (full 0):
 garbage-first heap   total 409600K, used 350156K [0x0000000080000000, 0x0000000100000000)
  region size 1024K, 235 young (240640K), 15 survivors (15360K)
 Metaspace       used 106064K, capacity 109015K, committed 109260K, reserved 1144832K
  class space    used 13568K, capacity 14676K, committed 14796K, reserved 1048576K
}
Event: 24.673 GC heap after
{Heap after GC invocations=38 (full 0):
 garbage-first heap   total 409600K, used 127948K [0x0000000080000000, 0x0000000100000000)
  region size 1024K, 17 young (17408K), 17 survivors (17408K)
 Metaspace       used 106064K, capacity 109015K, committed 109260K, reserved 1144832K
  class space    used 13568K, capacity 14676K, committed 14796K, reserved 1048576K
}

Deoptimization events (20 events):
Event: 24.487 Thread 0x00000261cb702800 DEOPT PACKING pc=0x00000261b0cba243 sp=0x000000bce62f91f0
Event: 24.487 Thread 0x00000261cb702800 DEOPT UNPACKING pc=0x00000261ae9776ce sp=0x000000bce62f89a0 mode 0
Event: 24.515 Thread 0x00000261cb702800 DEOPT PACKING pc=0x00000261b01038cc sp=0x000000bce62fee10
Event: 24.515 Thread 0x00000261cb702800 DEOPT UNPACKING pc=0x00000261ae9776ce sp=0x000000bce62fe3e0 mode 0
Event: 24.531 Thread 0x00000261cb700800 DEOPT PACKING pc=0x00000261b138acaf sp=0x000000bce63f8d80
Event: 24.531 Thread 0x00000261cb700800 DEOPT UNPACKING pc=0x00000261ae9776ce sp=0x000000bce63f83f0 mode 0
Event: 24.633 Thread 0x00000261cb700800 DEOPT PACKING pc=0x00000261b0e2e2a3 sp=0x000000bce63f9000
Event: 24.633 Thread 0x00000261cb700800 DEOPT UNPACKING pc=0x00000261ae9776ce sp=0x000000bce63f8788 mode 0
Event: 24.651 Thread 0x00000261cb700800 DEOPT PACKING pc=0x00000261b0cd6ad2 sp=0x000000bce63f8c30
Event: 24.651 Thread 0x00000261cb700800 DEOPT UNPACKING pc=0x00000261ae9776ce sp=0x000000bce63f8400 mode 0
Event: 24.686 Thread 0x00000261cb6f9800 DEOPT PACKING pc=0x00000261b138acaf sp=0x000000bce60f9520
Event: 24.686 Thread 0x00000261cb6f9800 DEOPT UNPACKING pc=0x00000261ae9776ce sp=0x000000bce60f8b90 mode 0
Event: 24.756 Thread 0x00000261cb6f9800 DEOPT PACKING pc=0x00000261b0cd6ad2 sp=0x000000bce60f93d0
Event: 24.756 Thread 0x00000261cb6f9800 DEOPT UNPACKING pc=0x00000261ae9776ce sp=0x000000bce60f8ba0 mode 0
Event: 24.774 Thread 0x00000261cb700800 DEOPT PACKING pc=0x00000261b0cd6ad2 sp=0x000000bce63f8c30
Event: 24.774 Thread 0x00000261cb700800 DEOPT UNPACKING pc=0x00000261ae9776ce sp=0x000000bce63f8400 mode 0
Event: 24.776 Thread 0x00000261cb6f9800 Uncommon trap: trap_request=0xffffff4d fr.pc=0x00000261b655ddec relative=0x000000000000022c
Event: 24.776 Thread 0x00000261cb6f9800 Uncommon trap: reason=unstable_if action=reinterpret pc=0x00000261b655ddec method=java.util.HashMap.getNode(ILjava/lang/Object;)Ljava/util/HashMap$Node; @ 84 c2
Event: 24.776 Thread 0x00000261cb6f9800 DEOPT PACKING pc=0x00000261b655ddec sp=0x000000bce60f9ad0
Event: 24.776 Thread 0x00000261cb6f9800 DEOPT UNPACKING pc=0x00000261ae9778af sp=0x000000bce60f99d0 mode 2

Classes redefined (0 events):
No events

Internal exceptions (20 events):
Event: 24.232 Thread 0x00000261cb6f9800 Exception <a 'sun/nio/fs/WindowsException'{0x00000000959a6d28}> (0x00000000959a6d28) thrown at [./src/hotspot/share/prims/jni.cpp, line 615]
Event: 24.245 Thread 0x00000261cb6ff000 Exception <a 'sun/nio/fs/WindowsException'{0x000000009567c208}> (0x000000009567c208) thrown at [./src/hotspot/share/prims/jni.cpp, line 615]
Event: 24.259 Thread 0x00000261cb700000 Exception <a 'sun/nio/fs/WindowsException'{0x00000000954d6670}> (0x00000000954d6670) thrown at [./src/hotspot/share/prims/jni.cpp, line 615]
Event: 24.261 Thread 0x00000261cb702800 Exception <a 'sun/nio/fs/WindowsException'{0x000000009539d558}> (0x000000009539d558) thrown at [./src/hotspot/share/prims/jni.cpp, line 615]
Event: 24.268 Thread 0x00000261cc9fa800 Exception <a 'sun/nio/fs/WindowsException'{0x0000000098b6f528}> (0x0000000098b6f528) thrown at [./src/hotspot/share/prims/jni.cpp, line 615]
Event: 24.286 Thread 0x00000261cb700000 Exception <a 'sun/nio/fs/WindowsException'{0x00000000948a2468}> (0x00000000948a2468) thrown at [./src/hotspot/share/prims/jni.cpp, line 615]
Event: 24.312 Thread 0x00000261cb702800 Exception <a 'sun/nio/fs/WindowsException'{0x0000000093b2d608}> (0x0000000093b2d608) thrown at [./src/hotspot/share/prims/jni.cpp, line 615]
Event: 24.347 Thread 0x00000261cb700000 Exception <a 'sun/nio/fs/WindowsException'{0x000000009351a4a8}> (0x000000009351a4a8) thrown at [./src/hotspot/share/prims/jni.cpp, line 615]
Event: 24.352 Thread 0x00000261cb702800 Exception <a 'sun/nio/fs/WindowsException'{0x000000009334db40}> (0x000000009334db40) thrown at [./src/hotspot/share/prims/jni.cpp, line 615]
Event: 24.388 Thread 0x00000261cb700000 Exception <a 'sun/nio/fs/WindowsException'{0x000000009175ae30}> (0x000000009175ae30) thrown at [./src/hotspot/share/prims/jni.cpp, line 615]
Event: 24.401 Thread 0x00000261cb6fe000 Exception <a 'sun/nio/fs/WindowsException'{0x0000000095a9cf40}> (0x0000000095a9cf40) thrown at [./src/hotspot/share/prims/jni.cpp, line 615]
Event: 24.411 Thread 0x00000261cb700000 Exception <a 'sun/nio/fs/WindowsException'{0x0000000090c8cc48}> (0x0000000090c8cc48) thrown at [./src/hotspot/share/prims/jni.cpp, line 615]
Event: 24.419 Thread 0x00000261cc9fa800 Exception <a 'sun/nio/fs/WindowsException'{0x0000000090c7bca0}> (0x0000000090c7bca0) thrown at [./src/hotspot/share/prims/jni.cpp, line 615]
Event: 24.419 Thread 0x00000261cb6fe000 Exception <a 'sun/nio/fs/WindowsException'{0x0000000090aa43a8}> (0x0000000090aa43a8) thrown at [./src/hotspot/share/prims/jni.cpp, line 615]
Event: 24.431 Thread 0x00000261cb6ff000 Exception <a 'sun/nio/fs/WindowsException'{0x00000000903c8e50}> (0x00000000903c8e50) thrown at [./src/hotspot/share/prims/jni.cpp, line 615]
Event: 24.435 Thread 0x00000261cb6fb000 Exception <a 'sun/nio/fs/WindowsException'{0x00000000902649c8}> (0x00000000902649c8) thrown at [./src/hotspot/share/prims/jni.cpp, line 615]
Event: 24.449 Thread 0x00000261cb6ff000 Exception <a 'sun/nio/fs/WindowsException'{0x000000008fbfb298}> (0x000000008fbfb298) thrown at [./src/hotspot/share/prims/jni.cpp, line 615]
Event: 24.459 Thread 0x00000261cb700000 Exception <a 'sun/nio/fs/WindowsException'{0x000000008f9af8a0}> (0x000000008f9af8a0) thrown at [./src/hotspot/share/prims/jni.cpp, line 615]
Event: 24.507 Thread 0x00000261cb6f9800 Exception <a 'sun/nio/fs/WindowsException'{0x000000008e92e890}> (0x000000008e92e890) thrown at [./src/hotspot/share/prims/jni.cpp, line 615]
Event: 24.510 Thread 0x00000261cb702800 Exception <a 'sun/nio/fs/WindowsException'{0x000000008e85fbe0}> (0x000000008e85fbe0) thrown at [./src/hotspot/share/prims/jni.cpp, line 615]

Events (20 events):
Event: 24.296 Thread 0x00000261c5bca800 flushing nmethod 0x00000261afa74e10
Event: 24.296 Thread 0x00000261c5bca800 flushing nmethod 0x00000261afa75710
Event: 24.296 Thread 0x00000261c5bca800 flushing nmethod 0x00000261afa75c90
Event: 24.296 Thread 0x00000261c5bca800 flushing nmethod 0x00000261afa76090
Event: 24.296 Thread 0x00000261c5bca800 flushing nmethod 0x00000261afa79990
Event: 24.296 Thread 0x00000261c5bca800 flushing nmethod 0x00000261afa80190
Event: 24.415 Executing VM operation: ICBufferFull
Event: 24.416 Executing VM operation: ICBufferFull done
Event: 24.434 loading class com/android/tools/r8/graph/B0$a
Event: 24.434 loading class com/android/tools/r8/graph/B0$a done
Event: 24.468 loading class com/android/tools/r8/utils/StringDiagnostic
Event: 24.468 loading class com/android/tools/r8/utils/StringDiagnostic done
Event: 24.469 loading class com/android/tools/r8/internal/RA$b
Event: 24.469 loading class com/android/tools/r8/internal/RA$b done
Event: 24.470 loading class com/android/build/gradle/internal/errors/MessageReceiverImpl$WhenMappings
Event: 24.470 loading class com/android/build/gradle/internal/errors/MessageReceiverImpl$WhenMappings done
Event: 24.471 loading class com/android/build/gradle/internal/errors/MessageReceiverImplKt
Event: 24.471 loading class com/android/build/gradle/internal/errors/MessageReceiverImplKt done
Event: 24.655 Executing VM operation: G1CollectForAllocation
Event: 24.673 Executing VM operation: G1CollectForAllocation done


Dynamic libraries:
0x00007ff6afb00000 - 0x00007ff6afb0a000 	C:\Program Files\Android\Android Studio\jre\bin\java.exe
0x00007fffef4d0000 - 0x00007fffef6c5000 	C:\Windows\SYSTEM32\ntdll.dll
0x00007fffee340000 - 0x00007fffee3fe000 	C:\Windows\System32\KERNEL32.DLL
0x00007fffecbf0000 - 0x00007fffeceb9000 	C:\Windows\System32\KERNELBASE.dll
0x00007fffea160000 - 0x00007fffea1f0000 	C:\Windows\SYSTEM32\apphelp.dll
0x00007fffed250000 - 0x00007fffed350000 	C:\Windows\System32\ucrtbase.dll
0x00007fffe4450000 - 0x00007fffe4467000 	C:\Program Files\Android\Android Studio\jre\bin\VCRUNTIME140.dll
0x00007fffe4410000 - 0x00007fffe4429000 	C:\Program Files\Android\Android Studio\jre\bin\jli.dll
0x00007fffef210000 - 0x00007fffef3b1000 	C:\Windows\System32\USER32.dll
0x00007fffd0560000 - 0x00007fffd07fa000 	C:\Windows\WinSxS\amd64_microsoft.windows.common-controls_6595b64144ccf1df_6.0.19041.1110_none_60b5254171f9507e\COMCTL32.dll
0x00007fffed1d0000 - 0x00007fffed1f2000 	C:\Windows\System32\win32u.dll
0x00007fffef3c0000 - 0x00007fffef45e000 	C:\Windows\System32\msvcrt.dll
0x00007fffee400000 - 0x00007fffee42b000 	C:\Windows\System32\GDI32.dll
0x00007fffed410000 - 0x00007fffed51b000 	C:\Windows\System32\gdi32full.dll
0x00007fffed0d0000 - 0x00007fffed16d000 	C:\Windows\System32\msvcp_win.dll
0x00007fffef460000 - 0x00007fffef490000 	C:\Windows\System32\IMM32.DLL
0x00007fffbdff0000 - 0x00007fffbe08d000 	C:\Program Files\Android\Android Studio\jre\bin\msvcp140.dll
0x00007fff95420000 - 0x00007fff95eef000 	C:\Program Files\Android\Android Studio\jre\bin\server\jvm.dll
0x00007fffee490000 - 0x00007fffee53c000 	C:\Windows\System32\ADVAPI32.dll
0x00007fffee9d0000 - 0x00007fffeea6b000 	C:\Windows\System32\sechost.dll
0x00007fffed650000 - 0x00007fffed77a000 	C:\Windows\System32\RPCRT4.dll
0x00007fffee9c0000 - 0x00007fffee9c8000 	C:\Windows\System32\PSAPI.DLL
0x00007fffdd490000 - 0x00007fffdd499000 	C:\Windows\SYSTEM32\WSOCK32.dll
0x00007fffe5920000 - 0x00007fffe592a000 	C:\Windows\SYSTEM32\VERSION.dll
0x00007fffd4de0000 - 0x00007fffd4e07000 	C:\Windows\SYSTEM32\WINMM.dll
0x00007fffeefe0000 - 0x00007fffef04b000 	C:\Windows\System32\WS2_32.dll
0x00007fffeb470000 - 0x00007fffeb482000 	C:\Windows\SYSTEM32\kernel.appcore.dll
0x00007fffe0fe0000 - 0x00007fffe0ff1000 	C:\Program Files\Android\Android Studio\jre\bin\verify.dll
0x00007fffe4e90000 - 0x00007fffe5074000 	C:\Windows\SYSTEM32\DBGHELP.DLL
0x00007fffe4e20000 - 0x00007fffe4e4c000 	C:\Windows\SYSTEM32\dbgcore.DLL
0x00007fffed380000 - 0x00007fffed403000 	C:\Windows\System32\bcryptPrimitives.dll
0x00007fffd3810000 - 0x00007fffd3839000 	C:\Program Files\Android\Android Studio\jre\bin\java.dll
0x00007fffe7f70000 - 0x00007fffe7f7b000 	C:\Program Files\Android\Android Studio\jre\bin\jimage.dll
0x00007fffe0960000 - 0x00007fffe0978000 	C:\Program Files\Android\Android Studio\jre\bin\zip.dll
0x00007fffed850000 - 0x00007fffedf8f000 	C:\Windows\System32\SHELL32.dll
0x00007fffeacd0000 - 0x00007fffeb460000 	C:\Windows\SYSTEM32\windows.storage.dll
0x00007fffeea70000 - 0x00007fffeedc5000 	C:\Windows\System32\combase.dll
0x00007fffec640000 - 0x00007fffec66c000 	C:\Windows\SYSTEM32\Wldp.dll
0x00007fffee050000 - 0x00007fffee0fe000 	C:\Windows\System32\SHCORE.dll
0x00007fffedf90000 - 0x00007fffedfe5000 	C:\Windows\System32\shlwapi.dll
0x00007fffecb30000 - 0x00007fffecb4f000 	C:\Windows\SYSTEM32\profapi.dll
0x00007fffdbbc0000 - 0x00007fffdbbda000 	C:\Program Files\Android\Android Studio\jre\bin\net.dll
0x00007fffe33f0000 - 0x00007fffe34f8000 	C:\Windows\SYSTEM32\WINHTTP.dll
0x00007fffec3a0000 - 0x00007fffec40a000 	C:\Windows\system32\mswsock.dll
0x00007fffd5a90000 - 0x00007fffd5aa4000 	C:\Program Files\Android\Android Studio\jre\bin\nio.dll
0x00007fffe4470000 - 0x00007fffe4497000 	C:\Users\Riadh\.gradle\native\8bec1ad78214c89d9ad589b4d07fe93259594b29d510b10fafb7a158f7737e5d\windows-amd64\native-platform.dll
0x00007fffbf680000 - 0x00007fffbf7bd000 	C:\Users\Riadh\.gradle\native\53dbd7edfb1c66fb8903c78663c9afc45aea4f116125fa6feffd364cf09443e8\windows-amd64\native-platform-file-events.dll
0x00007fffe7f20000 - 0x00007fffe7f2a000 	C:\Program Files\Android\Android Studio\jre\bin\management.dll
0x00007fffe7ba0000 - 0x00007fffe7bac000 	C:\Program Files\Android\Android Studio\jre\bin\management_ext.dll
0x00007fffec590000 - 0x00007fffec5a8000 	C:\Windows\SYSTEM32\CRYPTSP.dll
0x00007fffebcb0000 - 0x00007fffebce4000 	C:\Windows\system32\rsaenh.dll
0x00007fffed350000 - 0x00007fffed377000 	C:\Windows\System32\bcrypt.dll
0x00007fffecaf0000 - 0x00007fffecb1e000 	C:\Windows\SYSTEM32\USERENV.dll
0x00007fffec5b0000 - 0x00007fffec5bc000 	C:\Windows\SYSTEM32\CRYPTBASE.dll
0x00007fffec040000 - 0x00007fffec07b000 	C:\Windows\SYSTEM32\IPHLPAPI.DLL
0x00007fffeeeb0000 - 0x00007fffeeeb8000 	C:\Windows\System32\NSI.dll
0x00007fffe5df0000 - 0x00007fffe5e07000 	C:\Windows\SYSTEM32\dhcpcsvc6.DLL
0x00007fffe6170000 - 0x00007fffe618d000 	C:\Windows\SYSTEM32\dhcpcsvc.DLL
0x00007fffec090000 - 0x00007fffec15c000 	C:\Windows\SYSTEM32\DNSAPI.dll

dbghelp: loaded successfully - version: 4.0.5 - missing functions: none
symbol engine: initialized successfully - sym options: 0x614 - pdb path: .;C:\Program Files\Android\Android Studio\jre\bin;C:\Windows\SYSTEM32;C:\Windows\WinSxS\amd64_microsoft.windows.common-controls_6595b64144ccf1df_6.0.19041.1110_none_60b5254171f9507e;C:\Program Files\Android\Android Studio\jre\bin\server;C:\Users\Riadh\.gradle\native\8bec1ad78214c89d9ad589b4d07fe93259594b29d510b10fafb7a158f7737e5d\windows-amd64;C:\Users\Riadh\.gradle\native\53dbd7edfb1c66fb8903c78663c9afc45aea4f116125fa6feffd364cf09443e8\windows-amd64

VM Arguments:
jvm_args: --add-opens=java.base/java.util=ALL-UNNAMED --add-opens=java.base/java.lang=ALL-UNNAMED --add-opens=java.base/java.lang.invoke=ALL-UNNAMED --add-opens=java.base/java.util=ALL-UNNAMED --add-opens=java.prefs/java.util.prefs=ALL-UNNAMED --add-opens=java.prefs/java.util.prefs=ALL-UNNAMED --add-opens=java.base/java.nio.charset=ALL-UNNAMED --add-opens=java.base/java.net=ALL-UNNAMED --add-opens=java.base/java.util.concurrent.atomic=ALL-UNNAMED -Xmx2048m -Dfile.encoding=UTF-8 -Duser.country=US -Duser.language=en -Duser.variant 
java_command: org.gradle.launcher.daemon.bootstrap.GradleDaemon 7.0.2
java_class_path (initial): C:\Users\Riadh\.gradle\wrapper\dists\gradle-7.0.2-bin\857tjihv64xamwrf0h14cai3r\gradle-7.0.2\lib\gradle-launcher-7.0.2.jar
Launcher Type: SUN_STANDARD

[Global flags]
     intx CICompilerCount                          = 4                                         {product} {ergonomic}
     uint ConcGCThreads                            = 2                                         {product} {ergonomic}
     uint G1ConcRefinementThreads                  = 8                                         {product} {ergonomic}
   size_t G1HeapRegionSize                         = 1048576                                   {product} {ergonomic}
    uintx GCDrainStackTargetSize                   = 64                                        {product} {ergonomic}
   size_t InitialHeapSize                          = 266338304                                 {product} {ergonomic}
   size_t MarkStackSize                            = 4194304                                   {product} {ergonomic}
   size_t MaxHeapSize                              = 2147483648                                {product} {command line}
   size_t MaxNewSize                               = 1287651328                                {product} {ergonomic}
   size_t MinHeapDeltaBytes                        = 1048576                                   {product} {ergonomic}
    uintx NonNMethodCodeHeapSize                   = 5836300                                {pd product} {ergonomic}
    uintx NonProfiledCodeHeapSize                  = 122910970                              {pd product} {ergonomic}
    uintx ProfiledCodeHeapSize                     = 122910970                              {pd product} {ergonomic}
    uintx ReservedCodeCacheSize                    = 251658240                              {pd product} {ergonomic}
     bool SegmentedCodeCache                       = true                                      {product} {ergonomic}
     bool UseCompressedClassPointers               = true                                 {lp64_product} {ergonomic}
     bool UseCompressedOops                        = true                                 {lp64_product} {ergonomic}
     bool UseG1GC                                  = true                                      {product} {ergonomic}
     bool UseLargePagesIndividualAllocation        = false                                  {pd product} {ergonomic}

Logging:
Log output configuration:
 #0: stdout all=warning uptime,level,tags
 #1: stderr all=off uptime,level,tags

Environment Variables:
PATH=C:\Windows\system32;C:\Windows;C:\Windows\System32\Wbem;C:\Windows\System32\WindowsPowerShell\v1.0\;C:\Windows\System32\OpenSSH\;C:\Program Files\Git\cmd;C:\Users\Riadh\AppData\Local\Microsoft\WindowsApps;;C:\Program Files\JetBrains\IntelliJ IDEA Community Edition 2021.1.3\bin;
USERNAME=Riadh
OS=Windows_NT
PROCESSOR_IDENTIFIER=Intel64 Family 6 Model 94 Stepping 3, GenuineIntel



---------------  S Y S T E M  ---------------

OS: Windows 10 , 64 bit Build 19041 (10.0.19041.1202)
OS uptime: 7 days 2:50 hours

CPU:total 8 (initial active 8) (4 cores per cpu, 2 threads per core) family 6 model 94 stepping 3 microcode 0xcc, cmov, cx8, fxsr, mmx, sse, sse2, sse3, ssse3, sse4.1, sse4.2, popcnt, avx, avx2, aes, clmul, erms, rtm, 3dnowpref, lzcnt, ht, tsc, tscinvbit, bmi1, bmi2, adx, fma

Memory: 4k page, system-wide physical 16206M (477M free)
TotalPageFile size 40402M (AvailPageFile size 8M)
current process WorkingSet (physical memory assigned to process): 788M, peak: 801M
current process commit charge ("private bytes"): 834M, peak: 850M

vm_info: OpenJDK 64-Bit Server VM (11.0.10+0-b96-7249189) for windows-amd64 JRE (11.0.10+0-b96-7249189), built on Mar 31 2021 21:44:00 by "builder" with MS VC++ 14.0 (VS2015)

END.
