#
# There is insufficient memory for the Java Runtime Environment to continue.
# Native memory allocation (malloc) failed to allocate 1493776 bytes for Chunk::new
# Possible reasons:
#   The system is out of physical RAM or swap space
#   The process is running with CompressedOops enabled, and the Java Heap may be blocking the growth of the native heap
# Possible solutions:
#   Reduce memory load on the system
#   Increase physical memory or swap space
#   Check if swap backing store is full
#   Decrease Java heap size (-Xmx/-Xms)
#   Decrease number of Java threads
#   Decrease Java thread stack sizes (-Xss)
#   Set larger code cache with -XX:ReservedCodeCacheSize=
#   JVM is running with Unscaled Compressed Oops mode in which the Java heap is
#     placed in the first 4GB address space. The Java Heap base address is the
#     maximum limit for the native heap growth. Please use -XX:HeapBaseMinAddress
#     to set the Java Heap base and to place the Java Heap above 4GB virtual address.
# This output file may be truncated or incomplete.
#
#  Out of Memory Error (./src/hotspot/share/memory/arena.cpp:197), pid=17896, tid=5756
#
# JRE version: OpenJDK Runtime Environment (11.0.10) (build 11.0.10+0-b96-7249189)
# Java VM: OpenJDK 64-Bit Server VM (11.0.10+0-b96-7249189, mixed mode, tiered, compressed oops, g1 gc, windows-amd64)
# No core dump will be written. Minidumps are not enabled by default on client versions of Windows
#

---------------  S U M M A R Y ------------

Command Line: --add-opens=java.base/java.util=ALL-UNNAMED --add-opens=java.base/java.lang=ALL-UNNAMED --add-opens=java.base/java.lang.invoke=ALL-UNNAMED --add-opens=java.base/java.util=ALL-UNNAMED --add-opens=java.prefs/java.util.prefs=ALL-UNNAMED --add-opens=java.prefs/java.util.prefs=ALL-UNNAMED --add-opens=java.base/java.nio.charset=ALL-UNNAMED --add-opens=java.base/java.net=ALL-UNNAMED --add-opens=java.base/java.util.concurrent.atomic=ALL-UNNAMED -Xmx2048m -Dfile.encoding=UTF-8 -Duser.country=US -Duser.language=en -Duser.variant org.gradle.launcher.daemon.bootstrap.GradleDaemon 7.0.2

Host: Intel(R) Core(TM) i7-6820HQ CPU @ 2.70GHz, 8 cores, 15G,  Windows 10 , 64 bit Build 19041 (10.0.19041.1202)
Time: Wed Sep 22 17:28:55 2021 W. Central Africa Standard Time elapsed time: 472.158642 seconds (0d 0h 7m 52s)

---------------  T H R E A D  ---------------

Current thread (0x0000022df0457800):  JavaThread "C2 CompilerThread1" daemon [_thread_in_native, id=5756, stack(0x000000cf37800000,0x000000cf37900000)]


Current CompileTask:
C2: 472158 24594       4       com.android.tools.r8.graph.A0::c (177 bytes)

Stack: [0x000000cf37800000,0x000000cf37900000]
Native frames: (J=compiled Java code, j=interpreted, Vv=VM code, C=native code)
V  [jvm.dll+0x5ecfaa]
V  [jvm.dll+0x722bd5]
V  [jvm.dll+0x72412d]
V  [jvm.dll+0x7247e3]
V  [jvm.dll+0x242928]
V  [jvm.dll+0xbc4fc]
V  [jvm.dll+0xbca0c]
V  [jvm.dll+0x352d3b]
V  [jvm.dll+0x320ad3]
V  [jvm.dll+0x31ffca]
V  [jvm.dll+0x1fb602]
V  [jvm.dll+0x1fa7f4]
V  [jvm.dll+0x18354c]
V  [jvm.dll+0x208ee7]
V  [jvm.dll+0x207731]
V  [jvm.dll+0x6eb1cf]
V  [jvm.dll+0x6e3d45]
V  [jvm.dll+0x5ebe96]
C  [ucrtbase.dll+0x21bb2]
C  [KERNEL32.DLL+0x17034]
C  [ntdll.dll+0x52651]


---------------  P R O C E S S  ---------------

Threads class SMR info:
_java_thread_list=0x0000022de7042af0, length=76, elements={
0x0000022dc2abb800, 0x0000022ddf71c000, 0x0000022ddf725800, 0x0000022ddf77e000,
0x0000022ddf77f000, 0x0000022ddf786800, 0x0000022ddf790800, 0x0000022ddf795000,
0x0000022ddf79e800, 0x0000022ddf8fa000, 0x0000022ddf8f7800, 0x0000022ddf8f5000,
0x0000022ddf8fb000, 0x0000022ddf8f6800, 0x0000022ddf8fb800, 0x0000022de15b3000,
0x0000022de15b4000, 0x0000022de15b4800, 0x0000022de15b0800, 0x0000022de15b7000,
0x0000022de15b8000, 0x0000022de15b2000, 0x0000022de15bb000, 0x0000022de15b8800,
0x0000022de15bc000, 0x0000022de15b9800, 0x0000022de15ba800, 0x0000022de15bd800,
0x0000022de1c0c000, 0x0000022de1c0b000, 0x0000022de1c11800, 0x0000022de1c0f000,
0x0000022de0c5f000, 0x0000022de0c5d800, 0x0000022de0c60000, 0x0000022de0c5e800,
0x0000022de0c61000, 0x0000022de0c61800, 0x0000022de0c62800, 0x0000022de0c5d000,
0x0000022de0c66000, 0x0000022de0c63800, 0x0000022de0c66800, 0x0000022de0c69000,
0x0000022de0c64000, 0x0000022de0c6a800, 0x0000022de0c67800, 0x0000022de0c6b800,
0x0000022de0c68000, 0x0000022de0c6a000, 0x0000022de1c0c800, 0x0000022de1c09800,
0x0000022de1c0d800, 0x0000022de1c07800, 0x0000022de1c12800, 0x0000022de1c14000,
0x0000022de1c10800, 0x0000022de1c0e000, 0x0000022de1c14800, 0x0000022de1c10000,
0x0000022de1c16800, 0x0000022de1c13000, 0x0000022de15b5800, 0x0000022de15b1800,
0x0000022de15b6000, 0x0000022de15bd000, 0x0000022de15be800, 0x0000022de15bf000,
0x0000022ddf8f8800, 0x0000022ddf8f6000, 0x0000022ddf8f9000, 0x0000022ded0cc800,
0x0000022ded0cf000, 0x0000022ded0d0000, 0x0000022ded0d0800, 0x0000022df0457800
}

Java Threads: ( => current thread )
  0x0000022dc2abb800 JavaThread "main" [_thread_blocked, id=5284, stack(0x000000cf35900000,0x000000cf35a00000)]
  0x0000022ddf71c000 JavaThread "Reference Handler" daemon [_thread_blocked, id=13160, stack(0x000000cf36000000,0x000000cf36100000)]
  0x0000022ddf725800 JavaThread "Finalizer" daemon [_thread_blocked, id=21152, stack(0x000000cf36100000,0x000000cf36200000)]
  0x0000022ddf77e000 JavaThread "Signal Dispatcher" daemon [_thread_blocked, id=16448, stack(0x000000cf36200000,0x000000cf36300000)]
  0x0000022ddf77f000 JavaThread "Attach Listener" daemon [_thread_blocked, id=19224, stack(0x000000cf36300000,0x000000cf36400000)]
  0x0000022ddf786800 JavaThread "Service Thread" daemon [_thread_blocked, id=23732, stack(0x000000cf36400000,0x000000cf36500000)]
  0x0000022ddf790800 JavaThread "C2 CompilerThread0" daemon [_thread_in_native, id=16472, stack(0x000000cf36500000,0x000000cf36600000)]
  0x0000022ddf795000 JavaThread "C1 CompilerThread0" daemon [_thread_in_native, id=1836, stack(0x000000cf36600000,0x000000cf36700000)]
  0x0000022ddf79e800 JavaThread "Sweeper thread" daemon [_thread_blocked, id=2492, stack(0x000000cf36700000,0x000000cf36800000)]
  0x0000022ddf8fa000 JavaThread "Common-Cleaner" daemon [_thread_blocked, id=11256, stack(0x000000cf36800000,0x000000cf36900000)]
  0x0000022ddf8f7800 JavaThread "Daemon health stats" [_thread_blocked, id=11012, stack(0x000000cf36f00000,0x000000cf37000000)]
  0x0000022ddf8f5000 JavaThread "Incoming local TCP Connector on port 61132" [_thread_in_native, id=24320, stack(0x000000cf37000000,0x000000cf37100000)]
  0x0000022ddf8fb000 JavaThread "Daemon periodic checks" [_thread_blocked, id=16232, stack(0x000000cf37100000,0x000000cf37200000)]
  0x0000022ddf8f6800 JavaThread "Daemon" [_thread_blocked, id=11772, stack(0x000000cf37200000,0x000000cf37300000)]
  0x0000022ddf8fb800 JavaThread "Daemon worker" [_thread_blocked, id=23616, stack(0x000000cf37500000,0x000000cf37600000)]
  0x0000022de15b3000 JavaThread "Cache worker for file hash cache (C:\Users\Riadh\.gradle\caches\7.0.2\fileHashes)" [_thread_blocked, id=23564, stack(0x000000cf37900000,0x000000cf37a00000)]
  0x0000022de15b4000 JavaThread "File lock request listener" [_thread_in_native, id=23200, stack(0x000000cf37a00000,0x000000cf37b00000)]
  0x0000022de15b4800 JavaThread "Cache worker for journal cache (C:\Users\Riadh\.gradle\caches\journal-1)" [_thread_blocked, id=10052, stack(0x000000cf37e00000,0x000000cf37f00000)]
  0x0000022de15b0800 JavaThread "File watcher server" daemon [_thread_in_native, id=6512, stack(0x000000cf38000000,0x000000cf38100000)]
  0x0000022de15b7000 JavaThread "File watcher consumer" daemon [_thread_blocked, id=13108, stack(0x000000cf38100000,0x000000cf38200000)]
  0x0000022de15b8000 JavaThread "jar transforms" [_thread_blocked, id=7792, stack(0x000000cf38200000,0x000000cf38300000)]
  0x0000022de15b2000 JavaThread "jar transforms Thread 2" [_thread_blocked, id=18276, stack(0x000000cf38300000,0x000000cf38400000)]
  0x0000022de15bb000 JavaThread "jar transforms Thread 3" [_thread_blocked, id=24476, stack(0x000000cf38400000,0x000000cf38500000)]
  0x0000022de15b8800 JavaThread "jar transforms Thread 4" [_thread_blocked, id=19520, stack(0x000000cf38500000,0x000000cf38600000)]
  0x0000022de15bc000 JavaThread "jar transforms Thread 5" [_thread_blocked, id=24488, stack(0x000000cf38600000,0x000000cf38700000)]
  0x0000022de15b9800 JavaThread "jar transforms Thread 6" [_thread_blocked, id=5800, stack(0x000000cf38700000,0x000000cf38800000)]
  0x0000022de15ba800 JavaThread "jar transforms Thread 7" [_thread_blocked, id=24396, stack(0x000000cf38800000,0x000000cf38900000)]
  0x0000022de15bd800 JavaThread "jar transforms Thread 8" [_thread_blocked, id=4124, stack(0x000000cf38900000,0x000000cf38a00000)]
  0x0000022de1c0c000 JavaThread "Cache worker for execution history cache (C:\Users\Riadh\.gradle\caches\7.0.2\executionHistory)" [_thread_blocked, id=23632, stack(0x000000cf38d00000,0x000000cf38e00000)]
  0x0000022de1c0b000 JavaThread "Cache worker for file content cache (C:\Users\Riadh\.gradle\caches\7.0.2\fileContent)" [_thread_blocked, id=19552, stack(0x000000cf38e00000,0x000000cf38f00000)]
  0x0000022de1c11800 JavaThread "Memory manager" [_thread_blocked, id=5208, stack(0x000000cf35600000,0x000000cf35700000)]
  0x0000022de1c0f000 JavaThread "pool-3-thread-1" [_thread_blocked, id=21760, stack(0x000000cf35700000,0x000000cf35800000)]
  0x0000022de0c5f000 JavaThread "Handler for socket connection from /127.0.0.1:61132 to /127.0.0.1:56249" [_thread_in_native, id=24408, stack(0x000000cf35800000,0x000000cf35900000)]
  0x0000022de0c5d800 JavaThread "Cancel handler" [_thread_blocked, id=12856, stack(0x000000cf37300000,0x000000cf37400000)]
  0x0000022de0c60000 JavaThread "Asynchronous log dispatcher for DefaultDaemonConnection: socket connection from /127.0.0.1:61132 to /127.0.0.1:56249" [_thread_blocked, id=22088, stack(0x000000cf37400000,0x000000cf37500000)]
  0x0000022de0c5e800 JavaThread "Stdin handler" [_thread_blocked, id=6756, stack(0x000000cf37600000,0x000000cf37700000)]
  0x0000022de0c61000 JavaThread "Daemon client event forwarder" [_thread_blocked, id=8216, stack(0x000000cf37700000,0x000000cf37800000)]
  0x0000022de0c61800 JavaThread "Cache worker for file hash cache (C:\Users\Riadh\AndroidStudioProjects\MyApplication\.gradle\7.0.2\fileHashes)" [_thread_blocked, id=20564, stack(0x000000cf37f00000,0x000000cf38000000)]
  0x0000022de0c62800 JavaThread "Cache worker for checksums cache (C:\Users\Riadh\AndroidStudioProjects\MyApplication\.gradle\checksums)" [_thread_blocked, id=23936, stack(0x000000cf38a00000,0x000000cf38b00000)]
  0x0000022de0c5d000 JavaThread "Cache worker for cache directory md-supplier (C:\Users\Riadh\.gradle\caches\7.0.2\md-supplier)" [_thread_blocked, id=12756, stack(0x000000cf38b00000,0x000000cf38c00000)]
  0x0000022de0c66000 JavaThread "Cache worker for cache directory md-rule (C:\Users\Riadh\.gradle\caches\7.0.2\md-rule)" [_thread_blocked, id=23320, stack(0x000000cf38c00000,0x000000cf38d00000)]
  0x0000022de0c63800 JavaThread "Cache worker for dependencies-accessors (C:\Users\Riadh\AndroidStudioProjects\MyApplication\.gradle\7.0.2\dependencies-accessors)" [_thread_blocked, id=7216, stack(0x000000cf38f00000,0x000000cf39000000)]
  0x0000022de0c66800 JavaThread "Cache worker for Build Output Cleanup Cache (C:\Users\Riadh\AndroidStudioProjects\MyApplication\.gradle\buildOutputCleanup)" [_thread_blocked, id=19744, stack(0x000000cf39000000,0x000000cf39100000)]
  0x0000022de0c69000 JavaThread "Build operations" [_thread_in_Java, id=16832, stack(0x000000cf39200000,0x000000cf39300000)]
  0x0000022de0c64000 JavaThread "Build operations Thread 2" [_thread_blocked, id=22824, stack(0x000000cf39300000,0x000000cf39400000)]
  0x0000022de0c6a800 JavaThread "Build operations Thread 3" [_thread_in_Java, id=23576, stack(0x000000cf39400000,0x000000cf39500000)]
  0x0000022de0c67800 JavaThread "Build operations Thread 4" [_thread_in_Java, id=2900, stack(0x000000cf39500000,0x000000cf39600000)]
  0x0000022de0c6b800 JavaThread "Build operations Thread 5" [_thread_in_vm, id=5332, stack(0x000000cf39600000,0x000000cf39700000)]
  0x0000022de0c68000 JavaThread "Build operations Thread 6" [_thread_in_Java, id=16484, stack(0x000000cf39700000,0x000000cf39800000)]
  0x0000022de0c6a000 JavaThread "Build operations Thread 7" [_thread_blocked, id=24328, stack(0x000000cf39800000,0x000000cf39900000)]
  0x0000022de1c0c800 JavaThread "Build operations Thread 8" [_thread_blocked, id=24164, stack(0x000000cf39900000,0x000000cf39a00000)]
  0x0000022de1c09800 JavaThread "build event listener" [_thread_blocked, id=11024, stack(0x000000cf39b00000,0x000000cf39c00000)]
  0x0000022de1c0d800 JavaThread "pool-7-thread-1" [_thread_blocked, id=24352, stack(0x000000cf39c00000,0x000000cf39d00000)]
  0x0000022de1c07800 JavaThread "build event listener" [_thread_blocked, id=13616, stack(0x000000cf39d00000,0x000000cf39e00000)]
  0x0000022de1c12800 JavaThread "Execution worker for ':'" [_thread_in_Java, id=14972, stack(0x000000cf39e00000,0x000000cf39f00000)]
  0x0000022de1c14000 JavaThread "Execution worker for ':' Thread 2" [_thread_blocked, id=19396, stack(0x000000cf39f00000,0x000000cf3a000000)]
  0x0000022de1c10800 JavaThread "Execution worker for ':' Thread 3" [_thread_blocked, id=22244, stack(0x000000cf3a000000,0x000000cf3a100000)]
  0x0000022de1c0e000 JavaThread "Execution worker for ':' Thread 4" [_thread_blocked, id=2332, stack(0x000000cf3a100000,0x000000cf3a200000)]
  0x0000022de1c14800 JavaThread "Execution worker for ':' Thread 5" [_thread_blocked, id=24424, stack(0x000000cf3a200000,0x000000cf3a300000)]
  0x0000022de1c10000 JavaThread "Execution worker for ':' Thread 6" [_thread_blocked, id=23980, stack(0x000000cf3a300000,0x000000cf3a400000)]
  0x0000022de1c16800 JavaThread "Execution worker for ':' Thread 7" [_thread_blocked, id=18544, stack(0x000000cf3a400000,0x000000cf3a500000)]
  0x0000022de1c13000 JavaThread "Cache worker for execution history cache (C:\Users\Riadh\AndroidStudioProjects\MyApplication\.gradle\7.0.2\executionHistory)" [_thread_blocked, id=24240, stack(0x000000cf3a500000,0x000000cf3a600000)]
  0x0000022de15b5800 JavaThread "WorkerExecutor Queue" [_thread_blocked, id=10784, stack(0x000000cf3a600000,0x000000cf3a700000)]
  0x0000022de15b1800 JavaThread "WorkerExecutor Queue Thread 2" [_thread_blocked, id=16580, stack(0x000000cf3a700000,0x000000cf3a800000)]
  0x0000022de15b6000 JavaThread "WorkerExecutor Queue Thread 3" [_thread_blocked, id=88, stack(0x000000cf3a800000,0x000000cf3a900000)]
  0x0000022de15bd000 JavaThread "WorkerExecutor Queue Thread 4" [_thread_blocked, id=20600, stack(0x000000cf3a900000,0x000000cf3aa00000)]
  0x0000022de15be800 JavaThread "WorkerExecutor Queue Thread 5" [_thread_blocked, id=14052, stack(0x000000cf3aa00000,0x000000cf3ab00000)]
  0x0000022de15bf000 JavaThread "WorkerExecutor Queue Thread 6" [_thread_blocked, id=12648, stack(0x000000cf3ab00000,0x000000cf3ac00000)]
  0x0000022ddf8f8800 JavaThread "WorkerExecutor Queue Thread 7" [_thread_blocked, id=23652, stack(0x000000cf3ac00000,0x000000cf3ad00000)]
  0x0000022ddf8f6000 JavaThread "WorkerExecutor Queue Thread 8" [_thread_blocked, id=13748, stack(0x000000cf3ad00000,0x000000cf3ae00000)]
  0x0000022ddf8f9000 JavaThread "pool-8-thread-1" [_thread_blocked, id=11260, stack(0x000000cf3ae00000,0x000000cf3af00000)]
  0x0000022ded0cc800 JavaThread "stderr" [_thread_in_native, id=24072, stack(0x000000cf3af00000,0x000000cf3b000000)]
  0x0000022ded0cf000 JavaThread "stdout" [_thread_in_native, id=18736, stack(0x000000cf3b000000,0x000000cf3b100000)]
  0x0000022ded0d0000 JavaThread "stderr" [_thread_in_native, id=11324, stack(0x000000cf3b100000,0x000000cf3b200000)]
  0x0000022ded0d0800 JavaThread "stdout" [_thread_in_native, id=15788, stack(0x000000cf3b200000,0x000000cf3b300000)]
=>0x0000022df0457800 JavaThread "C2 CompilerThread1" daemon [_thread_in_native, id=5756, stack(0x000000cf37800000,0x000000cf37900000)]

Other Threads:
  0x0000022ddf718000 VMThread "VM Thread" [stack: 0x000000cf35f00000,0x000000cf36000000] [id=17516] _threads_hazard_ptr=0x0000022de7042af0
  0x0000022ddf936000 WatcherThread [stack: 0x000000cf36900000,0x000000cf36a00000] [id=4256]
  0x0000022dc2ad3000 GCTaskThread "GC Thread#0" [stack: 0x000000cf35a00000,0x000000cf35b00000] [id=23932]
  0x0000022de0461800 GCTaskThread "GC Thread#1" [stack: 0x000000cf36a00000,0x000000cf36b00000] [id=6016]
  0x0000022de0462000 GCTaskThread "GC Thread#2" [stack: 0x000000cf36b00000,0x000000cf36c00000] [id=24028]
  0x0000022de0646800 GCTaskThread "GC Thread#3" [stack: 0x000000cf36c00000,0x000000cf36d00000] [id=16200]
  0x0000022de05a7000 GCTaskThread "GC Thread#4" [stack: 0x000000cf36d00000,0x000000cf36e00000] [id=3916]
  0x0000022de05a8000 GCTaskThread "GC Thread#5" [stack: 0x000000cf36e00000,0x000000cf36f00000] [id=10280]
  0x0000022de2ae5800 GCTaskThread "GC Thread#6" [stack: 0x000000cf37b00000,0x000000cf37c00000] [id=16336]
  0x0000022de2c73000 GCTaskThread "GC Thread#7" [stack: 0x000000cf37c00000,0x000000cf37d00000] [id=19868]
  0x0000022dc2b05800 ConcurrentGCThread "G1 Main Marker" [stack: 0x000000cf35b00000,0x000000cf35c00000] [id=8260]
  0x0000022dc2b07800 ConcurrentGCThread "G1 Conc#0" [stack: 0x000000cf35c00000,0x000000cf35d00000] [id=23512]
  0x0000022de1683800 ConcurrentGCThread "G1 Conc#1" [stack: 0x000000cf37d00000,0x000000cf37e00000] [id=16628]
  0x0000022dded66800 ConcurrentGCThread "G1 Refine#0" [stack: 0x000000cf35d00000,0x000000cf35e00000] [id=24088]
  0x0000022dded67800 ConcurrentGCThread "G1 Young RemSet Sampling" [stack: 0x000000cf35e00000,0x000000cf35f00000] [id=19840]

Threads with active compile tasks:
C2 CompilerThread0 472206 24300       4       com.android.tools.r8.internal.T6::e (26 bytes)
C1 CompilerThread0 472206 25238       3       com.android.tools.r8.internal.zh$f::j (143 bytes)
C2 CompilerThread1 472206 24594       4       com.android.tools.r8.graph.A0::c (177 bytes)

VM state:synchronizing (normal execution)

VM Mutex/Monitor currently owned by a thread:  ([mutex/lock_event])
[0x0000022dc2ab7ef0] Safepoint_lock - owner thread: 0x0000022ddf718000
[0x0000022dc2ab8a30] Threads_lock - owner thread: 0x0000022ddf718000
[0x0000022dc2ab8be0] Heap_lock - owner thread: 0x0000022de0c6a800

Heap address: 0x0000000080000000, size: 2048 MB, Compressed Oops mode: 32-bit
Narrow klass base: 0x0000000000000000, Narrow klass shift: 3
Compressed class space size: 1073741824 Address: 0x0000000100000000

Heap:
 garbage-first heap   total 260096K, used 183077K [0x0000000080000000, 0x0000000100000000)
  region size 1024K, 37 young (37888K), 9 survivors (9216K)
 Metaspace       used 142211K, capacity 145913K, committed 146008K, reserved 1181696K
  class space    used 17405K, capacity 18759K, committed 18816K, reserved 1048576K
Heap Regions: E=young(eden), S=young(survivor), O=old, HS=humongous(starts), HC=humongous(continues), CS=collection set, F=free, A=archive, TAMS=top-at-mark-start (previous, next)
|   0|0x0000000080000000, 0x0000000080100000, 0x0000000080100000|100%| O|  |TAMS 0x0000000080100000, 0x0000000080000000| Untracked 
|   1|0x0000000080100000, 0x0000000080200000, 0x0000000080200000|100%| O|  |TAMS 0x0000000080200000, 0x0000000080100000| Untracked 
|   2|0x0000000080200000, 0x0000000080300000, 0x0000000080300000|100%| O|  |TAMS 0x0000000080300000, 0x0000000080200000| Untracked 
|   3|0x0000000080300000, 0x0000000080400000, 0x0000000080400000|100%|HS|  |TAMS 0x0000000080400000, 0x0000000080300000| Complete 
|   4|0x0000000080400000, 0x0000000080500000, 0x0000000080500000|100%|HC|  |TAMS 0x0000000080500000, 0x0000000080400000| Complete 
|   5|0x0000000080500000, 0x0000000080600000, 0x0000000080600000|100%|HC|  |TAMS 0x0000000080600000, 0x0000000080500000| Complete 
|   6|0x0000000080600000, 0x0000000080700000, 0x0000000080700000|100%| O|  |TAMS 0x0000000080700000, 0x0000000080600000| Untracked 
|   7|0x0000000080700000, 0x0000000080800000, 0x0000000080800000|100%| O|  |TAMS 0x0000000080800000, 0x0000000080700000| Untracked 
|   8|0x0000000080800000, 0x0000000080900000, 0x0000000080900000|100%| O|  |TAMS 0x0000000080900000, 0x0000000080800000| Untracked 
|   9|0x0000000080900000, 0x0000000080a00000, 0x0000000080a00000|100%| O|  |TAMS 0x0000000080a00000, 0x0000000080900000| Untracked 
|  10|0x0000000080a00000, 0x0000000080b00000, 0x0000000080b00000|100%| O|  |TAMS 0x0000000080b00000, 0x0000000080a00000| Untracked 
|  11|0x0000000080b00000, 0x0000000080c00000, 0x0000000080c00000|100%| O|  |TAMS 0x0000000080c00000, 0x0000000080b00000| Untracked 
|  12|0x0000000080c00000, 0x0000000080d00000, 0x0000000080d00000|100%| O|  |TAMS 0x0000000080d00000, 0x0000000080c00000| Untracked 
|  13|0x0000000080d00000, 0x0000000080e00000, 0x0000000080e00000|100%| O|  |TAMS 0x0000000080e00000, 0x0000000080d00000| Untracked 
|  14|0x0000000080e00000, 0x0000000080f00000, 0x0000000080f00000|100%| O|  |TAMS 0x0000000080f00000, 0x0000000080e00000| Untracked 
|  15|0x0000000080f00000, 0x0000000081000000, 0x0000000081000000|100%| O|  |TAMS 0x0000000081000000, 0x0000000080f00000| Untracked 
|  16|0x0000000081000000, 0x0000000081100000, 0x0000000081100000|100%|HS|  |TAMS 0x0000000081100000, 0x0000000081000000| Complete 
|  17|0x0000000081100000, 0x0000000081200000, 0x0000000081200000|100%|HC|  |TAMS 0x0000000081200000, 0x0000000081100000| Complete 
|  18|0x0000000081200000, 0x0000000081300000, 0x0000000081300000|100%|HS|  |TAMS 0x0000000081300000, 0x0000000081200000| Complete 
|  19|0x0000000081300000, 0x0000000081400000, 0x0000000081400000|100%|HC|  |TAMS 0x0000000081400000, 0x0000000081300000| Complete 
|  20|0x0000000081400000, 0x0000000081500000, 0x0000000081500000|100%|HC|  |TAMS 0x0000000081500000, 0x0000000081400000| Complete 
|  21|0x0000000081500000, 0x0000000081600000, 0x0000000081600000|100%|HS|  |TAMS 0x0000000081600000, 0x0000000081500000| Complete 
|  22|0x0000000081600000, 0x0000000081700000, 0x0000000081700000|100%|HC|  |TAMS 0x0000000081700000, 0x0000000081600000| Complete 
|  23|0x0000000081700000, 0x0000000081800000, 0x0000000081800000|100%|HC|  |TAMS 0x0000000081800000, 0x0000000081700000| Complete 
|  24|0x0000000081800000, 0x0000000081900000, 0x0000000081900000|100%|HC|  |TAMS 0x0000000081900000, 0x0000000081800000| Complete 
|  25|0x0000000081900000, 0x0000000081a00000, 0x0000000081a00000|100%|HC|  |TAMS 0x0000000081a00000, 0x0000000081900000| Complete 
|  26|0x0000000081a00000, 0x0000000081b00000, 0x0000000081b00000|100%| O|  |TAMS 0x0000000081b00000, 0x0000000081a00000| Untracked 
|  27|0x0000000081b00000, 0x0000000081c00000, 0x0000000081c00000|100%| O|  |TAMS 0x0000000081c00000, 0x0000000081b00000| Untracked 
|  28|0x0000000081c00000, 0x0000000081d00000, 0x0000000081d00000|100%| O|  |TAMS 0x0000000081d00000, 0x0000000081c00000| Untracked 
|  29|0x0000000081d00000, 0x0000000081e00000, 0x0000000081e00000|100%| O|  |TAMS 0x0000000081e00000, 0x0000000081d00000| Untracked 
|  30|0x0000000081e00000, 0x0000000081f00000, 0x0000000081f00000|100%| O|  |TAMS 0x0000000081f00000, 0x0000000081e00000| Untracked 
|  31|0x0000000081f00000, 0x0000000082000000, 0x0000000082000000|100%| O|  |TAMS 0x0000000082000000, 0x0000000081f00000| Untracked 
|  32|0x0000000082000000, 0x0000000082100000, 0x0000000082100000|100%| O|  |TAMS 0x0000000082100000, 0x0000000082000000| Untracked 
|  33|0x0000000082100000, 0x0000000082200000, 0x0000000082200000|100%| O|  |TAMS 0x0000000082200000, 0x0000000082100000| Untracked 
|  34|0x0000000082200000, 0x0000000082300000, 0x0000000082300000|100%|HS|  |TAMS 0x0000000082300000, 0x0000000082200000| Complete 
|  35|0x0000000082300000, 0x0000000082400000, 0x0000000082400000|100%|HC|  |TAMS 0x0000000082400000, 0x0000000082300000| Complete 
|  36|0x0000000082400000, 0x0000000082500000, 0x0000000082500000|100%|HC|  |TAMS 0x0000000082500000, 0x0000000082400000| Complete 
|  37|0x0000000082500000, 0x0000000082600000, 0x0000000082600000|100%|HC|  |TAMS 0x0000000082600000, 0x0000000082500000| Complete 
|  38|0x0000000082600000, 0x0000000082700000, 0x0000000082700000|100%|HC|  |TAMS 0x0000000082700000, 0x0000000082600000| Complete 
|  39|0x0000000082700000, 0x0000000082800000, 0x0000000082800000|100%| O|  |TAMS 0x0000000082800000, 0x0000000082700000| Untracked 
|  40|0x0000000082800000, 0x0000000082900000, 0x0000000082900000|100%| O|  |TAMS 0x0000000082900000, 0x0000000082800000| Untracked 
|  41|0x0000000082900000, 0x0000000082a00000, 0x0000000082a00000|100%| O|  |TAMS 0x0000000082a00000, 0x0000000082900000| Untracked 
|  42|0x0000000082a00000, 0x0000000082b00000, 0x0000000082b00000|100%| O|  |TAMS 0x0000000082b00000, 0x0000000082a00000| Untracked 
|  43|0x0000000082b00000, 0x0000000082c00000, 0x0000000082c00000|100%| O|  |TAMS 0x0000000082c00000, 0x0000000082b00000| Untracked 
|  44|0x0000000082c00000, 0x0000000082d00000, 0x0000000082d00000|100%| O|  |TAMS 0x0000000082d00000, 0x0000000082c00000| Untracked 
|  45|0x0000000082d00000, 0x0000000082e00000, 0x0000000082e00000|100%| O|  |TAMS 0x0000000082e00000, 0x0000000082d00000| Untracked 
|  46|0x0000000082e00000, 0x0000000082f00000, 0x0000000082f00000|100%| O|  |TAMS 0x0000000082f00000, 0x0000000082e00000| Untracked 
|  47|0x0000000082f00000, 0x0000000083000000, 0x0000000083000000|100%| O|  |TAMS 0x0000000083000000, 0x0000000082f00000| Untracked 
|  48|0x0000000083000000, 0x0000000083100000, 0x0000000083100000|100%| O|  |TAMS 0x0000000083100000, 0x0000000083000000| Untracked 
|  49|0x0000000083100000, 0x0000000083200000, 0x0000000083200000|100%| O|  |TAMS 0x0000000083200000, 0x0000000083100000| Untracked 
|  50|0x0000000083200000, 0x0000000083300000, 0x0000000083300000|100%|HS|  |TAMS 0x0000000083300000, 0x0000000083200000| Complete 
|  51|0x0000000083300000, 0x0000000083400000, 0x0000000083400000|100%|HC|  |TAMS 0x0000000083400000, 0x0000000083300000| Complete 
|  52|0x0000000083400000, 0x0000000083500000, 0x0000000083500000|100%|HC|  |TAMS 0x0000000083500000, 0x0000000083400000| Complete 
|  53|0x0000000083500000, 0x0000000083600000, 0x0000000083600000|100%| O|  |TAMS 0x0000000083600000, 0x0000000083500000| Untracked 
|  54|0x0000000083600000, 0x0000000083700000, 0x0000000083700000|100%| O|  |TAMS 0x0000000083700000, 0x0000000083600000| Untracked 
|  55|0x0000000083700000, 0x0000000083800000, 0x0000000083800000|100%| O|  |TAMS 0x0000000083800000, 0x0000000083700000| Untracked 
|  56|0x0000000083800000, 0x0000000083900000, 0x0000000083900000|100%| O|  |TAMS 0x0000000083900000, 0x0000000083800000| Untracked 
|  57|0x0000000083900000, 0x0000000083a00000, 0x0000000083a00000|100%| O|  |TAMS 0x0000000083a00000, 0x0000000083900000| Untracked 
|  58|0x0000000083a00000, 0x0000000083b00000, 0x0000000083b00000|100%| O|  |TAMS 0x0000000083b00000, 0x0000000083a00000| Untracked 
|  59|0x0000000083b00000, 0x0000000083c00000, 0x0000000083c00000|100%| O|  |TAMS 0x0000000083c00000, 0x0000000083b00000| Untracked 
|  60|0x0000000083c00000, 0x0000000083d00000, 0x0000000083d00000|100%| O|  |TAMS 0x0000000083d00000, 0x0000000083c00000| Untracked 
|  61|0x0000000083d00000, 0x0000000083e00000, 0x0000000083e00000|100%| O|  |TAMS 0x0000000083e00000, 0x0000000083d00000| Untracked 
|  62|0x0000000083e00000, 0x0000000083f00000, 0x0000000083f00000|100%| O|  |TAMS 0x0000000083f00000, 0x0000000083e00000| Untracked 
|  63|0x0000000083f00000, 0x0000000084000000, 0x0000000084000000|100%| O|  |TAMS 0x0000000084000000, 0x0000000083f00000| Untracked 
|  64|0x0000000084000000, 0x0000000084100000, 0x0000000084100000|100%| O|  |TAMS 0x0000000084100000, 0x0000000084000000| Untracked 
|  65|0x0000000084100000, 0x0000000084200000, 0x0000000084200000|100%|HS|  |TAMS 0x0000000084200000, 0x0000000084100000| Complete 
|  66|0x0000000084200000, 0x0000000084300000, 0x0000000084300000|100%| O|  |TAMS 0x0000000084300000, 0x0000000084200000| Untracked 
|  67|0x0000000084300000, 0x0000000084400000, 0x0000000084400000|100%| O|  |TAMS 0x0000000084300000, 0x0000000084300000| Untracked 
|  68|0x0000000084400000, 0x0000000084500000, 0x0000000084500000|100%| O|  |TAMS 0x0000000084500000, 0x0000000084400000| Untracked 
|  69|0x0000000084500000, 0x0000000084600000, 0x0000000084600000|100%| O|  |TAMS 0x0000000084600000, 0x0000000084500000| Untracked 
|  70|0x0000000084600000, 0x0000000084700000, 0x0000000084700000|100%| O|  |TAMS 0x0000000084700000, 0x0000000084600000| Untracked 
|  71|0x0000000084700000, 0x0000000084800000, 0x0000000084800000|100%|HS|  |TAMS 0x0000000084800000, 0x0000000084700000| Complete 
|  72|0x0000000084800000, 0x0000000084900000, 0x0000000084900000|100%|HS|  |TAMS 0x0000000084900000, 0x0000000084800000| Complete 
|  73|0x0000000084900000, 0x0000000084a00000, 0x0000000084a00000|100%|HC|  |TAMS 0x0000000084a00000, 0x0000000084900000| Complete 
|  74|0x0000000084a00000, 0x0000000084b00000, 0x0000000084b00000|100%| O|  |TAMS 0x0000000084b00000, 0x0000000084a00000| Untracked 
|  75|0x0000000084b00000, 0x0000000084c00000, 0x0000000084c00000|100%| O|  |TAMS 0x0000000084c00000, 0x0000000084b00000| Untracked 
|  76|0x0000000084c00000, 0x0000000084d00000, 0x0000000084d00000|100%| O|  |TAMS 0x0000000084d00000, 0x0000000084c00000| Untracked 
|  77|0x0000000084d00000, 0x0000000084e00000, 0x0000000084e00000|100%| O|  |TAMS 0x0000000084e00000, 0x0000000084d00000| Untracked 
|  78|0x0000000084e00000, 0x0000000084f00000, 0x0000000084f00000|100%| O|  |TAMS 0x0000000084f00000, 0x0000000084e00000| Untracked 
|  79|0x0000000084f00000, 0x0000000085000000, 0x0000000085000000|100%| O|  |TAMS 0x0000000085000000, 0x0000000084f00000| Untracked 
|  80|0x0000000085000000, 0x0000000085100000, 0x0000000085100000|100%| O|  |TAMS 0x0000000085100000, 0x0000000085000000| Untracked 
|  81|0x0000000085100000, 0x0000000085200000, 0x0000000085200000|100%| O|  |TAMS 0x0000000085200000, 0x0000000085100000| Untracked 
|  82|0x0000000085200000, 0x0000000085300000, 0x0000000085300000|100%| O|  |TAMS 0x0000000085300000, 0x0000000085200000| Untracked 
|  83|0x0000000085300000, 0x0000000085400000, 0x0000000085400000|100%| O|  |TAMS 0x0000000085400000, 0x0000000085300000| Untracked 
|  84|0x0000000085400000, 0x0000000085500000, 0x0000000085500000|100%| O|  |TAMS 0x0000000085500000, 0x0000000085400000| Untracked 
|  85|0x0000000085500000, 0x0000000085600000, 0x0000000085600000|100%| O|  |TAMS 0x0000000085600000, 0x0000000085500000| Untracked 
|  86|0x0000000085600000, 0x0000000085700000, 0x0000000085700000|100%| O|  |TAMS 0x0000000085700000, 0x0000000085600000| Untracked 
|  87|0x0000000085700000, 0x0000000085800000, 0x0000000085800000|100%| O|  |TAMS 0x0000000085800000, 0x0000000085700000| Untracked 
|  88|0x0000000085800000, 0x0000000085900000, 0x0000000085900000|100%| O|  |TAMS 0x0000000085900000, 0x0000000085800000| Untracked 
|  89|0x0000000085900000, 0x0000000085a00000, 0x0000000085a00000|100%| O|  |TAMS 0x0000000085a00000, 0x0000000085900000| Untracked 
|  90|0x0000000085a00000, 0x0000000085b00000, 0x0000000085b00000|100%| O|  |TAMS 0x0000000085b00000, 0x0000000085a00000| Untracked 
|  91|0x0000000085b00000, 0x0000000085c00000, 0x0000000085c00000|100%| O|  |TAMS 0x0000000085c00000, 0x0000000085b00000| Untracked 
|  92|0x0000000085c00000, 0x0000000085d00000, 0x0000000085d00000|100%| O|  |TAMS 0x0000000085d00000, 0x0000000085c00000| Untracked 
|  93|0x0000000085d00000, 0x0000000085e00000, 0x0000000085e00000|100%| O|  |TAMS 0x0000000085e00000, 0x0000000085d00000| Untracked 
|  94|0x0000000085e00000, 0x0000000085f00000, 0x0000000085f00000|100%| O|  |TAMS 0x0000000085f00000, 0x0000000085e00000| Untracked 
|  95|0x0000000085f00000, 0x0000000086000000, 0x0000000086000000|100%| O|  |TAMS 0x0000000086000000, 0x0000000085f00000| Untracked 
|  96|0x0000000086000000, 0x0000000086100000, 0x0000000086100000|100%| O|  |TAMS 0x0000000086100000, 0x0000000086000000| Untracked 
|  97|0x0000000086100000, 0x0000000086200000, 0x0000000086200000|100%| O|  |TAMS 0x0000000086200000, 0x0000000086100000| Untracked 
|  98|0x0000000086200000, 0x0000000086300000, 0x0000000086300000|100%| O|  |TAMS 0x0000000086300000, 0x0000000086200000| Untracked 
|  99|0x0000000086300000, 0x0000000086400000, 0x0000000086400000|100%| O|  |TAMS 0x0000000086400000, 0x0000000086300000| Untracked 
| 100|0x0000000086400000, 0x0000000086500000, 0x0000000086500000|100%| O|  |TAMS 0x0000000086500000, 0x0000000086400000| Untracked 
| 101|0x0000000086500000, 0x0000000086600000, 0x0000000086600000|100%| O|  |TAMS 0x0000000086600000, 0x0000000086500000| Untracked 
| 102|0x0000000086600000, 0x0000000086700000, 0x0000000086700000|100%| O|  |TAMS 0x0000000086700000, 0x0000000086600000| Untracked 
| 103|0x0000000086700000, 0x0000000086800000, 0x0000000086800000|100%| O|  |TAMS 0x0000000086800000, 0x0000000086700000| Untracked 
| 104|0x0000000086800000, 0x0000000086900000, 0x0000000086900000|100%| O|  |TAMS 0x0000000086900000, 0x0000000086800000| Untracked 
| 105|0x0000000086900000, 0x0000000086a00000, 0x0000000086a00000|100%| O|  |TAMS 0x000000008699e600, 0x0000000086900000| Untracked 
| 106|0x0000000086a00000, 0x0000000086b00000, 0x0000000086b00000|100%| O|  |TAMS 0x0000000086b00000, 0x0000000086a00000| Untracked 
| 107|0x0000000086b00000, 0x0000000086c00000, 0x0000000086c00000|100%| O|  |TAMS 0x0000000086c00000, 0x0000000086b00000| Untracked 
| 108|0x0000000086c00000, 0x0000000086d00000, 0x0000000086d00000|100%| O|  |TAMS 0x0000000086d00000, 0x0000000086c00000| Untracked 
| 109|0x0000000086d00000, 0x0000000086e00000, 0x0000000086e00000|100%| O|  |TAMS 0x0000000086d00000, 0x0000000086d00000| Untracked 
| 110|0x0000000086e00000, 0x0000000086f00000, 0x0000000086f00000|100%| O|  |TAMS 0x0000000086f00000, 0x0000000086e00000| Untracked 
| 111|0x0000000086f00000, 0x0000000087000000, 0x0000000087000000|100%| O|  |TAMS 0x0000000086f00000, 0x0000000086f00000| Untracked 
| 112|0x0000000087000000, 0x0000000087100000, 0x0000000087100000|100%| O|  |TAMS 0x0000000087000000, 0x0000000087000000| Untracked 
| 113|0x0000000087100000, 0x0000000087200000, 0x0000000087200000|100%| O|  |TAMS 0x0000000087100000, 0x0000000087100000| Untracked 
| 114|0x0000000087200000, 0x0000000087300000, 0x0000000087300000|100%| O|  |TAMS 0x0000000087300000, 0x0000000087200000| Untracked 
| 115|0x0000000087300000, 0x0000000087400000, 0x0000000087400000|100%| O|  |TAMS 0x0000000087400000, 0x0000000087300000| Untracked 
| 116|0x0000000087400000, 0x0000000087500000, 0x0000000087500000|100%| O|  |TAMS 0x0000000087500000, 0x0000000087400000| Untracked 
| 117|0x0000000087500000, 0x0000000087600000, 0x0000000087600000|100%| O|  |TAMS 0x0000000087600000, 0x0000000087500000| Untracked 
| 118|0x0000000087600000, 0x0000000087700000, 0x0000000087700000|100%| O|  |TAMS 0x0000000087600000, 0x0000000087600000| Untracked 
| 119|0x0000000087700000, 0x0000000087800000, 0x0000000087800000|100%| O|  |TAMS 0x0000000087800000, 0x0000000087700000| Untracked 
| 120|0x0000000087800000, 0x0000000087900000, 0x0000000087900000|100%| O|  |TAMS 0x0000000087900000, 0x0000000087800000| Untracked 
| 121|0x0000000087900000, 0x0000000087a00000, 0x0000000087a00000|100%| O|  |TAMS 0x0000000087a00000, 0x0000000087900000| Untracked 
| 122|0x0000000087a00000, 0x0000000087b00000, 0x0000000087b00000|100%| O|  |TAMS 0x0000000087b00000, 0x0000000087a00000| Untracked 
| 123|0x0000000087b00000, 0x0000000087c00000, 0x0000000087c00000|100%| O|  |TAMS 0x0000000087c00000, 0x0000000087b00000| Untracked 
| 124|0x0000000087c00000, 0x0000000087d00000, 0x0000000087d00000|100%| O|  |TAMS 0x0000000087d00000, 0x0000000087c00000| Untracked 
| 125|0x0000000087d00000, 0x0000000087e00000, 0x0000000087e00000|100%| O|  |TAMS 0x0000000087d00000, 0x0000000087d00000| Untracked 
| 126|0x0000000087e00000, 0x0000000087f00000, 0x0000000087f00000|100%| O|  |TAMS 0x0000000087e00000, 0x0000000087e00000| Untracked 
| 127|0x0000000087f00000, 0x0000000088000000, 0x0000000088000000|100%| O|  |TAMS 0x0000000088000000, 0x0000000087f00000| Untracked 
| 128|0x0000000088000000, 0x0000000088100000, 0x0000000088100000|100%| O|  |TAMS 0x0000000088100000, 0x0000000088000000| Untracked 
| 129|0x0000000088100000, 0x0000000088200000, 0x0000000088200000|100%| O|  |TAMS 0x0000000088200000, 0x0000000088100000| Untracked 
| 130|0x0000000088200000, 0x0000000088300000, 0x0000000088300000|100%| O|  |TAMS 0x0000000088200000, 0x0000000088200000| Untracked 
| 131|0x0000000088300000, 0x0000000088400000, 0x0000000088400000|100%| O|  |TAMS 0x0000000088300000, 0x0000000088300000| Untracked 
| 132|0x0000000088400000, 0x0000000088500000, 0x0000000088500000|100%| O|  |TAMS 0x0000000088400000, 0x0000000088400000| Untracked 
| 133|0x0000000088500000, 0x0000000088600000, 0x0000000088600000|100%| O|  |TAMS 0x0000000088500000, 0x0000000088500000| Untracked 
| 134|0x0000000088600000, 0x0000000088700000, 0x0000000088700000|100%| O|  |TAMS 0x0000000088600000, 0x0000000088600000| Untracked 
| 135|0x0000000088700000, 0x0000000088800000, 0x0000000088800000|100%| O|  |TAMS 0x0000000088700000, 0x0000000088700000| Untracked 
| 136|0x0000000088800000, 0x0000000088900000, 0x0000000088900000|100%| O|  |TAMS 0x0000000088800000, 0x0000000088800000| Untracked 
| 137|0x0000000088900000, 0x0000000088a00000, 0x0000000088a00000|100%| O|  |TAMS 0x0000000088900000, 0x0000000088900000| Untracked 
| 138|0x0000000088a00000, 0x0000000088b00000, 0x0000000088b00000|100%| O|  |TAMS 0x0000000088a00000, 0x0000000088a00000| Untracked 
| 139|0x0000000088b00000, 0x0000000088c00000, 0x0000000088c00000|100%| O|  |TAMS 0x0000000088b00000, 0x0000000088b00000| Untracked 
| 140|0x0000000088c00000, 0x0000000088cc9800, 0x0000000088d00000| 78%| O|  |TAMS 0x0000000088c00000, 0x0000000088c00000| Untracked 
| 141|0x0000000088d00000, 0x0000000088d00000, 0x0000000088e00000|  0%| F|  |TAMS 0x0000000088d00000, 0x0000000088d00000| Untracked 
| 142|0x0000000088e00000, 0x0000000088effff8, 0x0000000088f00000| 99%| O|  |TAMS 0x0000000088effff8, 0x0000000088e00000| Untracked 
| 143|0x0000000088f00000, 0x0000000089000000, 0x0000000089000000|100%| O|  |TAMS 0x0000000089000000, 0x0000000088f00000| Untracked 
| 144|0x0000000089000000, 0x0000000089000000, 0x0000000089100000|  0%| F|  |TAMS 0x0000000089000000, 0x0000000089000000| Untracked 
| 145|0x0000000089100000, 0x0000000089100000, 0x0000000089200000|  0%| F|  |TAMS 0x0000000089100000, 0x0000000089100000| Untracked 
| 146|0x0000000089200000, 0x0000000089200000, 0x0000000089300000|  0%| F|  |TAMS 0x0000000089200000, 0x0000000089200000| Untracked 
| 147|0x0000000089300000, 0x0000000089300000, 0x0000000089400000|  0%| F|  |TAMS 0x0000000089300000, 0x0000000089300000| Untracked 
| 148|0x0000000089400000, 0x0000000089400000, 0x0000000089500000|  0%| F|  |TAMS 0x0000000089400000, 0x0000000089400000| Untracked 
| 149|0x0000000089500000, 0x0000000089500000, 0x0000000089600000|  0%| F|  |TAMS 0x0000000089500000, 0x0000000089500000| Untracked 
| 150|0x0000000089600000, 0x0000000089600000, 0x0000000089700000|  0%| F|  |TAMS 0x0000000089600000, 0x0000000089600000| Untracked 
| 151|0x0000000089700000, 0x0000000089700000, 0x0000000089800000|  0%| F|  |TAMS 0x0000000089700000, 0x0000000089700000| Untracked 
| 152|0x0000000089800000, 0x0000000089800000, 0x0000000089900000|  0%| F|  |TAMS 0x0000000089800000, 0x0000000089800000| Untracked 
| 153|0x0000000089900000, 0x0000000089900000, 0x0000000089a00000|  0%| F|  |TAMS 0x0000000089900000, 0x0000000089900000| Untracked 
| 154|0x0000000089a00000, 0x0000000089a00000, 0x0000000089b00000|  0%| F|  |TAMS 0x0000000089a00000, 0x0000000089a00000| Untracked 
| 155|0x0000000089b00000, 0x0000000089b00000, 0x0000000089c00000|  0%| F|  |TAMS 0x0000000089b00000, 0x0000000089b00000| Untracked 
| 156|0x0000000089c00000, 0x0000000089c00000, 0x0000000089d00000|  0%| F|  |TAMS 0x0000000089c00000, 0x0000000089c00000| Untracked 
| 157|0x0000000089d00000, 0x0000000089d00000, 0x0000000089e00000|  0%| F|  |TAMS 0x0000000089d00000, 0x0000000089d00000| Untracked 
| 158|0x0000000089e00000, 0x0000000089e00000, 0x0000000089f00000|  0%| F|  |TAMS 0x0000000089e00000, 0x0000000089e00000| Untracked 
| 159|0x0000000089f00000, 0x0000000089f00000, 0x000000008a000000|  0%| F|  |TAMS 0x0000000089f00000, 0x0000000089f00000| Untracked 
| 160|0x000000008a000000, 0x000000008a000000, 0x000000008a100000|  0%| F|  |TAMS 0x000000008a000000, 0x000000008a000000| Untracked 
| 161|0x000000008a100000, 0x000000008a100000, 0x000000008a200000|  0%| F|  |TAMS 0x000000008a100000, 0x000000008a100000| Untracked 
| 162|0x000000008a200000, 0x000000008a200000, 0x000000008a300000|  0%| F|  |TAMS 0x000000008a200000, 0x000000008a200000| Untracked 
| 163|0x000000008a300000, 0x000000008a300000, 0x000000008a400000|  0%| F|  |TAMS 0x000000008a300000, 0x000000008a300000| Untracked 
| 164|0x000000008a400000, 0x000000008a400000, 0x000000008a500000|  0%| F|  |TAMS 0x000000008a400000, 0x000000008a400000| Untracked 
| 165|0x000000008a500000, 0x000000008a500000, 0x000000008a600000|  0%| F|  |TAMS 0x000000008a500000, 0x000000008a500000| Untracked 
| 166|0x000000008a600000, 0x000000008a600000, 0x000000008a700000|  0%| F|  |TAMS 0x000000008a600000, 0x000000008a600000| Untracked 
| 167|0x000000008a700000, 0x000000008a700000, 0x000000008a800000|  0%| F|  |TAMS 0x000000008a700000, 0x000000008a700000| Untracked 
| 168|0x000000008a800000, 0x000000008a800000, 0x000000008a900000|  0%| F|  |TAMS 0x000000008a800000, 0x000000008a800000| Untracked 
| 169|0x000000008a900000, 0x000000008a900000, 0x000000008aa00000|  0%| F|  |TAMS 0x000000008a900000, 0x000000008a900000| Untracked 
| 170|0x000000008aa00000, 0x000000008aa00000, 0x000000008ab00000|  0%| F|  |TAMS 0x000000008aa00000, 0x000000008aa00000| Untracked 
| 171|0x000000008ab00000, 0x000000008ab00000, 0x000000008ac00000|  0%| F|  |TAMS 0x000000008ab00000, 0x000000008ab00000| Untracked 
| 172|0x000000008ac00000, 0x000000008ac00000, 0x000000008ad00000|  0%| F|  |TAMS 0x000000008ac00000, 0x000000008ac00000| Untracked 
| 173|0x000000008ad00000, 0x000000008ad00000, 0x000000008ae00000|  0%| F|  |TAMS 0x000000008ad00000, 0x000000008ad00000| Untracked 
| 174|0x000000008ae00000, 0x000000008ae00000, 0x000000008af00000|  0%| F|  |TAMS 0x000000008ae00000, 0x000000008ae00000| Untracked 
| 175|0x000000008af00000, 0x000000008af00000, 0x000000008b000000|  0%| F|  |TAMS 0x000000008af00000, 0x000000008af00000| Untracked 
| 176|0x000000008b000000, 0x000000008b000000, 0x000000008b100000|  0%| F|  |TAMS 0x000000008b000000, 0x000000008b000000| Untracked 
| 177|0x000000008b100000, 0x000000008b100000, 0x000000008b200000|  0%| F|  |TAMS 0x000000008b100000, 0x000000008b100000| Untracked 
| 178|0x000000008b200000, 0x000000008b200000, 0x000000008b300000|  0%| F|  |TAMS 0x000000008b200000, 0x000000008b200000| Untracked 
| 179|0x000000008b300000, 0x000000008b300000, 0x000000008b400000|  0%| F|  |TAMS 0x000000008b300000, 0x000000008b300000| Untracked 
| 180|0x000000008b400000, 0x000000008b500000, 0x000000008b500000|100%| S|CS|TAMS 0x000000008b400000, 0x000000008b400000| Complete 
| 181|0x000000008b500000, 0x000000008b600000, 0x000000008b600000|100%| S|CS|TAMS 0x000000008b500000, 0x000000008b500000| Complete 
| 182|0x000000008b600000, 0x000000008b700000, 0x000000008b700000|100%| S|CS|TAMS 0x000000008b600000, 0x000000008b600000| Complete 
| 183|0x000000008b700000, 0x000000008b800000, 0x000000008b800000|100%| S|CS|TAMS 0x000000008b700000, 0x000000008b700000| Complete 
| 184|0x000000008b800000, 0x000000008b900000, 0x000000008b900000|100%| S|CS|TAMS 0x000000008b800000, 0x000000008b800000| Complete 
| 185|0x000000008b900000, 0x000000008ba00000, 0x000000008ba00000|100%| S|CS|TAMS 0x000000008b900000, 0x000000008b900000| Complete 
| 186|0x000000008ba00000, 0x000000008bb00000, 0x000000008bb00000|100%| S|CS|TAMS 0x000000008ba00000, 0x000000008ba00000| Complete 
| 187|0x000000008bb00000, 0x000000008bc00000, 0x000000008bc00000|100%| S|CS|TAMS 0x000000008bb00000, 0x000000008bb00000| Complete 
| 188|0x000000008bc00000, 0x000000008bd00000, 0x000000008bd00000|100%| S|CS|TAMS 0x000000008bc00000, 0x000000008bc00000| Complete 
| 189|0x000000008bd00000, 0x000000008bd00000, 0x000000008be00000|  0%| F|  |TAMS 0x000000008bd00000, 0x000000008bd00000| Untracked 
| 190|0x000000008be00000, 0x000000008be00000, 0x000000008bf00000|  0%| F|  |TAMS 0x000000008be00000, 0x000000008be00000| Untracked 
| 191|0x000000008bf00000, 0x000000008bf00000, 0x000000008c000000|  0%| F|  |TAMS 0x000000008bf00000, 0x000000008bf00000| Untracked 
| 192|0x000000008c000000, 0x000000008c000000, 0x000000008c100000|  0%| F|  |TAMS 0x000000008c000000, 0x000000008c000000| Untracked 
| 193|0x000000008c100000, 0x000000008c100000, 0x000000008c200000|  0%| F|  |TAMS 0x000000008c100000, 0x000000008c100000| Untracked 
| 194|0x000000008c200000, 0x000000008c200000, 0x000000008c300000|  0%| F|  |TAMS 0x000000008c200000, 0x000000008c200000| Untracked 
| 195|0x000000008c300000, 0x000000008c300000, 0x000000008c400000|  0%| F|  |TAMS 0x000000008c300000, 0x000000008c300000| Untracked 
| 196|0x000000008c400000, 0x000000008c400000, 0x000000008c500000|  0%| F|  |TAMS 0x000000008c400000, 0x000000008c400000| Untracked 
| 197|0x000000008c500000, 0x000000008c500000, 0x000000008c600000|  0%| F|  |TAMS 0x000000008c500000, 0x000000008c500000| Untracked 
| 198|0x000000008c600000, 0x000000008c600000, 0x000000008c700000|  0%| F|  |TAMS 0x000000008c600000, 0x000000008c600000| Untracked 
| 199|0x000000008c700000, 0x000000008c700000, 0x000000008c800000|  0%| F|  |TAMS 0x000000008c700000, 0x000000008c700000| Untracked 
| 200|0x000000008c800000, 0x000000008c800000, 0x000000008c900000|  0%| F|  |TAMS 0x000000008c800000, 0x000000008c800000| Untracked 
| 201|0x000000008c900000, 0x000000008c900000, 0x000000008ca00000|  0%| F|  |TAMS 0x000000008c900000, 0x000000008c900000| Untracked 
| 202|0x000000008ca00000, 0x000000008ca00000, 0x000000008cb00000|  0%| F|  |TAMS 0x000000008ca00000, 0x000000008ca00000| Untracked 
| 203|0x000000008cb00000, 0x000000008cb00000, 0x000000008cc00000|  0%| F|  |TAMS 0x000000008cb00000, 0x000000008cb00000| Untracked 
| 204|0x000000008cc00000, 0x000000008cc00000, 0x000000008cd00000|  0%| F|  |TAMS 0x000000008cc00000, 0x000000008cc00000| Untracked 
| 205|0x000000008cd00000, 0x000000008cd00000, 0x000000008ce00000|  0%| F|  |TAMS 0x000000008cd00000, 0x000000008cd00000| Untracked 
| 206|0x000000008ce00000, 0x000000008ce00000, 0x000000008cf00000|  0%| F|  |TAMS 0x000000008ce00000, 0x000000008ce00000| Untracked 
| 207|0x000000008cf00000, 0x000000008cf00000, 0x000000008d000000|  0%| F|  |TAMS 0x000000008cf00000, 0x000000008cf00000| Untracked 
| 208|0x000000008d000000, 0x000000008d000000, 0x000000008d100000|  0%| F|  |TAMS 0x000000008d000000, 0x000000008d000000| Untracked 
| 209|0x000000008d100000, 0x000000008d100000, 0x000000008d200000|  0%| F|  |TAMS 0x000000008d100000, 0x000000008d100000| Untracked 
| 210|0x000000008d200000, 0x000000008d200000, 0x000000008d300000|  0%| F|  |TAMS 0x000000008d200000, 0x000000008d200000| Untracked 
| 211|0x000000008d300000, 0x000000008d300000, 0x000000008d400000|  0%| F|  |TAMS 0x000000008d300000, 0x000000008d300000| Untracked 
| 212|0x000000008d400000, 0x000000008d400000, 0x000000008d500000|  0%| F|  |TAMS 0x000000008d400000, 0x000000008d400000| Untracked 
| 213|0x000000008d500000, 0x000000008d500000, 0x000000008d600000|  0%| F|  |TAMS 0x000000008d500000, 0x000000008d500000| Untracked 
| 214|0x000000008d600000, 0x000000008d600000, 0x000000008d700000|  0%| F|  |TAMS 0x000000008d600000, 0x000000008d600000| Untracked 
| 215|0x000000008d700000, 0x000000008d700000, 0x000000008d800000|  0%| F|  |TAMS 0x000000008d700000, 0x000000008d700000| Untracked 
| 216|0x000000008d800000, 0x000000008d800000, 0x000000008d900000|  0%| F|  |TAMS 0x000000008d800000, 0x000000008d800000| Untracked 
| 217|0x000000008d900000, 0x000000008d900000, 0x000000008da00000|  0%| F|  |TAMS 0x000000008d900000, 0x000000008d900000| Untracked 
| 218|0x000000008da00000, 0x000000008da00000, 0x000000008db00000|  0%| F|  |TAMS 0x000000008da00000, 0x000000008da00000| Untracked 
| 219|0x000000008db00000, 0x000000008db00000, 0x000000008dc00000|  0%| F|  |TAMS 0x000000008db00000, 0x000000008db00000| Untracked 
| 220|0x000000008dc00000, 0x000000008dc00000, 0x000000008dd00000|  0%| F|  |TAMS 0x000000008dc00000, 0x000000008dc00000| Untracked 
| 221|0x000000008dd00000, 0x000000008dd00000, 0x000000008de00000|  0%| F|  |TAMS 0x000000008dd00000, 0x000000008dd00000| Untracked 
| 222|0x000000008de00000, 0x000000008de00000, 0x000000008df00000|  0%| F|  |TAMS 0x000000008de00000, 0x000000008de00000| Untracked 
| 223|0x000000008df00000, 0x000000008df00000, 0x000000008e000000|  0%| F|  |TAMS 0x000000008df00000, 0x000000008df00000| Untracked 
| 224|0x000000008e000000, 0x000000008e000000, 0x000000008e100000|  0%| F|  |TAMS 0x000000008e000000, 0x000000008e000000| Untracked 
| 225|0x000000008e100000, 0x000000008e100000, 0x000000008e200000|  0%| F|  |TAMS 0x000000008e100000, 0x000000008e100000| Untracked 
| 226|0x000000008e200000, 0x000000008e2596d0, 0x000000008e300000| 34%| E|  |TAMS 0x000000008e200000, 0x000000008e200000| Complete 
| 227|0x000000008e300000, 0x000000008e400000, 0x000000008e400000|100%| E|CS|TAMS 0x000000008e300000, 0x000000008e300000| Complete 
| 228|0x000000008e400000, 0x000000008e500000, 0x000000008e500000|100%| E|CS|TAMS 0x000000008e400000, 0x000000008e400000| Complete 
| 229|0x000000008e500000, 0x000000008e600000, 0x000000008e600000|100%| E|CS|TAMS 0x000000008e500000, 0x000000008e500000| Complete 
| 230|0x000000008e600000, 0x000000008e700000, 0x000000008e700000|100%| E|CS|TAMS 0x000000008e600000, 0x000000008e600000| Complete 
| 231|0x000000008e700000, 0x000000008e800000, 0x000000008e800000|100%| E|CS|TAMS 0x000000008e700000, 0x000000008e700000| Complete 
| 232|0x000000008e800000, 0x000000008e900000, 0x000000008e900000|100%| E|CS|TAMS 0x000000008e800000, 0x000000008e800000| Complete 
| 233|0x000000008e900000, 0x000000008ea00000, 0x000000008ea00000|100%| E|CS|TAMS 0x000000008e900000, 0x000000008e900000| Complete 
| 234|0x000000008ea00000, 0x000000008eb00000, 0x000000008eb00000|100%| E|CS|TAMS 0x000000008ea00000, 0x000000008ea00000| Complete 
| 235|0x000000008eb00000, 0x000000008ec00000, 0x000000008ec00000|100%| E|CS|TAMS 0x000000008eb00000, 0x000000008eb00000| Complete 
| 236|0x000000008ec00000, 0x000000008ed00000, 0x000000008ed00000|100%| E|CS|TAMS 0x000000008ec00000, 0x000000008ec00000| Complete 
| 237|0x000000008ed00000, 0x000000008ee00000, 0x000000008ee00000|100%| E|CS|TAMS 0x000000008ed00000, 0x000000008ed00000| Complete 
| 238|0x000000008ee00000, 0x000000008ef00000, 0x000000008ef00000|100%| E|CS|TAMS 0x000000008ee00000, 0x000000008ee00000| Complete 
| 239|0x000000008ef00000, 0x000000008f000000, 0x000000008f000000|100%| E|CS|TAMS 0x000000008ef00000, 0x000000008ef00000| Complete 
| 240|0x000000008f000000, 0x000000008f100000, 0x000000008f100000|100%| E|CS|TAMS 0x000000008f000000, 0x000000008f000000| Complete 
| 241|0x000000008f100000, 0x000000008f200000, 0x000000008f200000|100%| E|CS|TAMS 0x000000008f100000, 0x000000008f100000| Complete 
| 242|0x000000008f200000, 0x000000008f300000, 0x000000008f300000|100%| E|CS|TAMS 0x000000008f200000, 0x000000008f200000| Complete 
| 243|0x000000008f300000, 0x000000008f400000, 0x000000008f400000|100%| E|CS|TAMS 0x000000008f300000, 0x000000008f300000| Complete 
| 244|0x000000008f400000, 0x000000008f500000, 0x000000008f500000|100%| E|CS|TAMS 0x000000008f400000, 0x000000008f400000| Complete 
| 245|0x000000008f500000, 0x000000008f600000, 0x000000008f600000|100%| E|CS|TAMS 0x000000008f500000, 0x000000008f500000| Complete 
| 246|0x000000008f600000, 0x000000008f700000, 0x000000008f700000|100%| E|CS|TAMS 0x000000008f600000, 0x000000008f600000| Complete 
| 247|0x000000008f700000, 0x000000008f800000, 0x000000008f800000|100%| E|CS|TAMS 0x000000008f700000, 0x000000008f700000| Complete 
| 248|0x000000008f800000, 0x000000008f900000, 0x000000008f900000|100%| E|CS|TAMS 0x000000008f800000, 0x000000008f800000| Complete 
| 249|0x000000008f900000, 0x000000008fa00000, 0x000000008fa00000|100%| E|CS|TAMS 0x000000008f900000, 0x000000008f900000| Complete 
| 250|0x000000008fa00000, 0x000000008fb00000, 0x000000008fb00000|100%| E|CS|TAMS 0x000000008fa00000, 0x000000008fa00000| Complete 
| 251|0x000000008fb00000, 0x000000008fc00000, 0x000000008fc00000|100%| E|CS|TAMS 0x000000008fb00000, 0x000000008fb00000| Complete 
| 252|0x000000008fc00000, 0x000000008fd00000, 0x000000008fd00000|100%| E|CS|TAMS 0x000000008fc00000, 0x000000008fc00000| Complete 
| 253|0x000000008fd00000, 0x000000008fe00000, 0x000000008fe00000|100%| E|CS|TAMS 0x000000008fd00000, 0x000000008fd00000| Complete 

Card table byte_map: [0x0000022dd7bd0000,0x0000022dd7fd0000] _byte_map_base: 0x0000022dd77d0000

Marking Bits (Prev, Next): (CMBitMap*) 0x0000022dc2afc318, (CMBitMap*) 0x0000022dc2afc350
 Prev Bits: [0x0000022dd83d0000, 0x0000022dda3d0000)
 Next Bits: [0x0000022dda3d0000, 0x0000022ddc3d0000)

Polling page: 0x0000022dc2940000

Metaspace:

Usage:
  Non-class:    124.24 MB capacity,   121.88 MB ( 98%) used,     1.92 MB (  2%) free+waste,   438.63 KB ( <1%) overhead. 
      Class:     18.32 MB capacity,    17.00 MB ( 93%) used,     1.13 MB (  6%) free+waste,   197.31 KB (  1%) overhead. 
       Both:    142.56 MB capacity,   138.88 MB ( 97%) used,     3.05 MB (  2%) free+waste,   635.94 KB ( <1%) overhead. 

Virtual space:
  Non-class space:      130.00 MB reserved,     124.46 MB ( 96%) committed 
      Class space:        1.00 GB reserved,      18.38 MB (  2%) committed 
             Both:        1.13 GB reserved,     142.84 MB ( 12%) committed 

Chunk freelists:
   Non-Class:  38.00 KB
       Class:  0 bytes
        Both:  38.00 KB

MaxMetaspaceSize: 17179869184.00 GB
CompressedClassSpaceSize: 1.00 GB

CodeHeap 'non-profiled nmethods': size=120000Kb used=15128Kb max_used=15128Kb free=104872Kb
 bounds [0x0000022dcf840000, 0x0000022dd0710000, 0x0000022dd6d70000]
CodeHeap 'profiled nmethods': size=120000Kb used=47172Kb max_used=47172Kb free=72827Kb
 bounds [0x0000022dc8310000, 0x0000022dcb150000, 0x0000022dcf840000]
CodeHeap 'non-nmethods': size=5760Kb used=2390Kb max_used=2453Kb free=3369Kb
 bounds [0x0000022dc7d70000, 0x0000022dc7fe0000, 0x0000022dc8310000]
 total_blobs=22666 nmethods=21641 adapters=935
 compilation: enabled
              stopped_count=0, restarted_count=0
 full_count=0

Compilation events (20 events):
Event: 472.154 Thread 0x0000022ddf795000 nmethod 25078 0x0000022dcb116b90 code [0x0000022dcb116d40, 0x0000022dcb117058]
Event: 472.154 Thread 0x0000022ddf795000 25083       2       java.util.IdentityHashMap::clear (39 bytes)
Event: 472.154 Thread 0x0000022ddf795000 nmethod 25083 0x0000022dcb117110 code [0x0000022dcb1172c0, 0x0000022dcb117458]
Event: 472.154 Thread 0x0000022ddf795000 25085       2       com.android.tools.r8.internal.h8::a (80 bytes)
Event: 472.154 Thread 0x0000022ddf795000 nmethod 25085 0x0000022dcb117590 code [0x0000022dcb1177a0, 0x0000022dcb117aa8]
Event: 472.154 Thread 0x0000022ddf795000 25082       2       com.android.tools.r8.internal.E7::b (48 bytes)
Event: 472.155 Thread 0x0000022ddf795000 nmethod 25082 0x0000022dcb117c90 code [0x0000022dcb117e60, 0x0000022dcb1180e8]
Event: 472.155 Thread 0x0000022ddf795000 25077       2       com.android.tools.r8.internal.VG::a (125 bytes)
Event: 472.156 Thread 0x0000022ddf795000 nmethod 25077 0x0000022dcb118290 code [0x0000022dcb118500, 0x0000022dcb118c08]
Event: 472.156 Thread 0x0000022ddf795000 25086       2       com.android.tools.r8.internal.g8::b (50 bytes)
Event: 472.156 Thread 0x0000022ddf795000 nmethod 25086 0x0000022dcb118f10 code [0x0000022dcb1190e0, 0x0000022dcb119348]
Event: 472.156 Thread 0x0000022ddf795000 25089       2       com.android.tools.r8.internal.h2::a (59 bytes)
Event: 472.156 Thread 0x0000022ddf795000 nmethod 25089 0x0000022dcb119510 code [0x0000022dcb1196c0, 0x0000022dcb1197b8]
Event: 472.156 Thread 0x0000022ddf795000 25084       2       com.android.tools.r8.internal.h2::e (80 bytes)
Event: 472.156 Thread 0x0000022ddf795000 nmethod 25084 0x0000022dcb119890 code [0x0000022dcb119a40, 0x0000022dcb119b38]
Event: 472.156 Thread 0x0000022ddf795000 25090       2       com.android.tools.r8.internal.ja::c (36 bytes)
Event: 472.157 Thread 0x0000022ddf795000 nmethod 25090 0x0000022dcb119c10 code [0x0000022dcb119dc0, 0x0000022dcb119f18]
Event: 472.157 Thread 0x0000022ddf795000 25079       2       com.android.tools.r8.graph.T$$Lambda$1705/0x00000001011a3440::<init> (32 bytes)
Event: 472.157 Thread 0x0000022ddf795000 nmethod 25079 0x0000022dcb11a090 code [0x0000022dcb11a240, 0x0000022dcb11a4f8]
Event: 472.157 Thread 0x0000022ddf795000 25092       2       com.android.tools.r8.internal.Fg::f (18 bytes)

GC Heap History (20 events):
Event: 462.419 GC heap before
{Heap before GC invocations=84 (full 0):
 garbage-first heap   total 260096K, used 202878K [0x0000000080000000, 0x0000000100000000)
  region size 1024K, 57 young (58368K), 2 survivors (2048K)
 Metaspace       used 129176K, capacity 132516K, committed 132824K, reserved 1165312K
  class space    used 15587K, capacity 16774K, committed 16896K, reserved 1048576K
}
Event: 462.425 GC heap after
{Heap after GC invocations=85 (full 0):
 garbage-first heap   total 260096K, used 148594K [0x0000000080000000, 0x0000000100000000)
  region size 1024K, 3 young (3072K), 3 survivors (3072K)
 Metaspace       used 129176K, capacity 132516K, committed 132824K, reserved 1165312K
  class space    used 15587K, capacity 16774K, committed 16896K, reserved 1048576K
}
Event: 463.371 GC heap before
{Heap before GC invocations=86 (full 0):
 garbage-first heap   total 260096K, used 204914K [0x0000000080000000, 0x0000000100000000)
  region size 1024K, 61 young (62464K), 3 survivors (3072K)
 Metaspace       used 132523K, capacity 135900K, committed 136024K, reserved 1167360K
  class space    used 16005K, capacity 17194K, committed 17280K, reserved 1048576K
}
Event: 463.379 GC heap after
{Heap after GC invocations=87 (full 0):
 garbage-first heap   total 260096K, used 148709K [0x0000000080000000, 0x0000000100000000)
  region size 1024K, 5 young (5120K), 5 survivors (5120K)
 Metaspace       used 132523K, capacity 135900K, committed 136024K, reserved 1167360K
  class space    used 16005K, capacity 17194K, committed 17280K, reserved 1048576K
}
Event: 463.864 GC heap before
{Heap before GC invocations=87 (full 0):
 garbage-first heap   total 260096K, used 155877K [0x0000000080000000, 0x0000000100000000)
  region size 1024K, 12 young (12288K), 5 survivors (5120K)
 Metaspace       used 132588K, capacity 136005K, committed 136280K, reserved 1169408K
  class space    used 16013K, capacity 17229K, committed 17280K, reserved 1048576K
}
Event: 463.873 GC heap after
{Heap after GC invocations=88 (full 0):
 garbage-first heap   total 260096K, used 127964K [0x0000000080000000, 0x0000000100000000)
  region size 1024K, 1 young (1024K), 1 survivors (1024K)
 Metaspace       used 132588K, capacity 136005K, committed 136280K, reserved 1169408K
  class space    used 16013K, capacity 17229K, committed 17280K, reserved 1048576K
}
Event: 468.943 GC heap before
{Heap before GC invocations=88 (full 0):
 garbage-first heap   total 260096K, used 202716K [0x0000000080000000, 0x0000000100000000)
  region size 1024K, 75 young (76800K), 1 survivors (1024K)
 Metaspace       used 133389K, capacity 136743K, committed 136792K, reserved 1169408K
  class space    used 16066K, capacity 17277K, committed 17280K, reserved 1048576K
}
Event: 468.949 GC heap after
{Heap after GC invocations=89 (full 0):
 garbage-first heap   total 260096K, used 129168K [0x0000000080000000, 0x0000000100000000)
  region size 1024K, 2 young (2048K), 2 survivors (2048K)
 Metaspace       used 133389K, capacity 136743K, committed 136792K, reserved 1169408K
  class space    used 16066K, capacity 17277K, committed 17280K, reserved 1048576K
}
Event: 470.285 GC heap before
{Heap before GC invocations=90 (full 0):
 garbage-first heap   total 260096K, used 205968K [0x0000000080000000, 0x0000000100000000)
  region size 1024K, 79 young (80896K), 2 survivors (2048K)
 Metaspace       used 134493K, capacity 137952K, committed 138200K, reserved 1169408K
  class space    used 16187K, capacity 17384K, committed 17408K, reserved 1048576K
}
Event: 470.291 GC heap after
{Heap after GC invocations=91 (full 0):
 garbage-first heap   total 260096K, used 130718K [0x0000000080000000, 0x0000000100000000)
  region size 1024K, 4 young (4096K), 4 survivors (4096K)
 Metaspace       used 134493K, capacity 137952K, committed 138200K, reserved 1169408K
  class space    used 16187K, capacity 17384K, committed 17408K, reserved 1048576K
}
Event: 470.335 GC heap before
{Heap before GC invocations=91 (full 0):
 garbage-first heap   total 260096K, used 137886K [0x0000000080000000, 0x0000000100000000)
  region size 1024K, 12 young (12288K), 4 survivors (4096K)
 Metaspace       used 134651K, capacity 138065K, committed 138328K, reserved 1169408K
  class space    used 16210K, capacity 17420K, committed 17536K, reserved 1048576K
}
Event: 470.340 GC heap after
{Heap after GC invocations=92 (full 0):
 garbage-first heap   total 260096K, used 128418K [0x0000000080000000, 0x0000000100000000)
  region size 1024K, 1 young (1024K), 1 survivors (1024K)
 Metaspace       used 134651K, capacity 138065K, committed 138328K, reserved 1169408K
  class space    used 16210K, capacity 17420K, committed 17536K, reserved 1048576K
}
Event: 470.977 GC heap before
{Heap before GC invocations=92 (full 0):
 garbage-first heap   total 260096K, used 208290K [0x0000000080000000, 0x0000000100000000)
  region size 1024K, 80 young (81920K), 1 survivors (1024K)
 Metaspace       used 135521K, capacity 139010K, committed 139224K, reserved 1171456K
  class space    used 16325K, capacity 17560K, committed 17664K, reserved 1048576K
}
Event: 470.983 GC heap after
{Heap after GC invocations=93 (full 0):
 garbage-first heap   total 260096K, used 131187K [0x0000000080000000, 0x0000000100000000)
  region size 1024K, 4 young (4096K), 4 survivors (4096K)
 Metaspace       used 135521K, capacity 139010K, committed 139224K, reserved 1171456K
  class space    used 16325K, capacity 17560K, committed 17664K, reserved 1048576K
}
Event: 471.480 GC heap before
{Heap before GC invocations=94 (full 0):
 garbage-first heap   total 260096K, used 213107K [0x0000000080000000, 0x0000000100000000)
  region size 1024K, 83 young (84992K), 4 survivors (4096K)
 Metaspace       used 138051K, capacity 141579K, committed 141912K, reserved 1173504K
  class space    used 16675K, capacity 17921K, committed 18048K, reserved 1048576K
}
Event: 471.495 GC heap after
{Heap after GC invocations=95 (full 0):
 garbage-first heap   total 260096K, used 147790K [0x0000000080000000, 0x0000000100000000)
  region size 1024K, 11 young (11264K), 11 survivors (11264K)
 Metaspace       used 138051K, capacity 141579K, committed 141912K, reserved 1173504K
  class space    used 16675K, capacity 17921K, committed 18048K, reserved 1048576K
}
Event: 471.498 GC heap before
{Heap before GC invocations=95 (full 0):
 garbage-first heap   total 260096K, used 148814K [0x0000000080000000, 0x0000000100000000)
  region size 1024K, 12 young (12288K), 11 survivors (11264K)
 Metaspace       used 138066K, capacity 141611K, committed 141912K, reserved 1173504K
  class space    used 16681K, capacity 17953K, committed 18048K, reserved 1048576K
}
Event: 471.508 GC heap after
{Heap after GC invocations=96 (full 0):
 garbage-first heap   total 260096K, used 144695K [0x0000000080000000, 0x0000000100000000)
  region size 1024K, 2 young (2048K), 2 survivors (2048K)
 Metaspace       used 138066K, capacity 141611K, committed 141912K, reserved 1173504K
  class space    used 16681K, capacity 17953K, committed 18048K, reserved 1048576K
}
Event: 471.985 GC heap before
{Heap before GC invocations=96 (full 0):
 garbage-first heap   total 260096K, used 208183K [0x0000000080000000, 0x0000000100000000)
  region size 1024K, 65 young (66560K), 2 survivors (2048K)
 Metaspace       used 141086K, capacity 144773K, committed 144984K, reserved 1175552K
  class space    used 17202K, capacity 18556K, committed 18560K, reserved 1048576K
}
Event: 471.998 GC heap after
{Heap after GC invocations=97 (full 0):
 garbage-first heap   total 260096K, used 155429K [0x0000000080000000, 0x0000000100000000)
  region size 1024K, 9 young (9216K), 9 survivors (9216K)
 Metaspace       used 141086K, capacity 144773K, committed 144984K, reserved 1175552K
  class space    used 17202K, capacity 18556K, committed 18560K, reserved 1048576K
}

Deoptimization events (20 events):
Event: 471.816 Thread 0x0000022de0c69000 DEOPT PACKING pc=0x0000022dcafc90e8 sp=0x000000cf392f9470
Event: 471.816 Thread 0x0000022de0c69000 DEOPT UNPACKING pc=0x0000022dc7d976ce sp=0x000000cf392f8998 mode 0
Event: 471.849 Thread 0x0000022de0c69000 DEOPT PACKING pc=0x0000022dcaf6bbf5 sp=0x000000cf392f9560
Event: 471.850 Thread 0x0000022de0c69000 DEOPT UNPACKING pc=0x0000022dc7d976ce sp=0x000000cf392f8ce8 mode 0
Event: 471.894 Thread 0x0000022de0c69000 DEOPT PACKING pc=0x0000022dcaf6bbf5 sp=0x000000cf392f9560
Event: 471.894 Thread 0x0000022de0c69000 DEOPT UNPACKING pc=0x0000022dc7d976ce sp=0x000000cf392f8ce8 mode 0
Event: 471.957 Thread 0x0000022de0c6b800 DEOPT PACKING pc=0x0000022dcaf0c59b sp=0x000000cf396f9ee0
Event: 471.957 Thread 0x0000022de0c6b800 DEOPT UNPACKING pc=0x0000022dc7d976ce sp=0x000000cf396f9410 mode 0
Event: 471.974 Thread 0x0000022de0c6b800 DEOPT PACKING pc=0x0000022dcaf6a8a2 sp=0x000000cf396f9320
Event: 471.974 Thread 0x0000022de0c6b800 DEOPT UNPACKING pc=0x0000022dc7d976ce sp=0x000000cf396f8ab0 mode 0
Event: 471.999 Thread 0x0000022de0c67800 Uncommon trap: trap_request=0xffffff4d fr.pc=0x0000022dd02065e0 relative=0x00000000000016e0
Event: 471.999 Thread 0x0000022de0c67800 Uncommon trap: reason=unstable_if action=reinterpret pc=0x0000022dd02065e0 method=java.lang.invoke.MethodType$ConcurrentWeakInternSet$WeakEntry.equals(Ljava/lang/Object;)Z @ 21 c2
Event: 471.999 Thread 0x0000022de0c67800 DEOPT PACKING pc=0x0000022dd02065e0 sp=0x000000cf395f8b40
Event: 471.999 Thread 0x0000022de0c67800 DEOPT UNPACKING pc=0x0000022dc7d978af sp=0x000000cf395f8a08 mode 2
Event: 472.004 Thread 0x0000022de0c6b800 DEOPT PACKING pc=0x0000022dcaf6a83f sp=0x000000cf396f9320
Event: 472.004 Thread 0x0000022de0c6b800 DEOPT UNPACKING pc=0x0000022dc7d976ce sp=0x000000cf396f8ab0 mode 0
Event: 472.018 Thread 0x0000022de1c12800 Uncommon trap: trap_request=0xffffff4d fr.pc=0x0000022dcfef6534 relative=0x0000000000001194
Event: 472.018 Thread 0x0000022de1c12800 Uncommon trap: reason=unstable_if action=reinterpret pc=0x0000022dcfef6534 method=java.util.HashMap.computeIfAbsent(Ljava/lang/Object;Ljava/util/function/Function;)Ljava/lang/Object; @ 145 c2
Event: 472.018 Thread 0x0000022de1c12800 DEOPT PACKING pc=0x0000022dcfef6534 sp=0x000000cf39ef6830
Event: 472.018 Thread 0x0000022de1c12800 DEOPT UNPACKING pc=0x0000022dc7d978af sp=0x000000cf39ef6810 mode 2

Classes redefined (0 events):
No events

Internal exceptions (20 events):
Event: 471.118 Thread 0x0000022de1c12800 Exception <a 'java/lang/IncompatibleClassChangeError'{0x000000008eaf1878}: Found class java.lang.Object, but interface was expected> (0x000000008eaf1878) thrown at [./src/hotspot/share/interpreter/linkResolver.cpp, line 839]
Event: 471.200 Thread 0x0000022de0c6b800 Exception <a 'sun/nio/fs/WindowsException'{0x000000008d26f768}> (0x000000008d26f768) thrown at [./src/hotspot/share/prims/jni.cpp, line 615]
Event: 471.232 Thread 0x0000022de1c12800 Exception <a 'java/lang/NoSuchMethodError'{0x000000008d1c1ad8}: 'long java.lang.invoke.DirectMethodHandle$Holder.invokeStatic(java.lang.Object, long, java.lang.Object)'> (0x000000008d1c1ad8) thrown at [./src/hotspot/share/interpreter/linkResolver.cpp, line 773]
Event: 471.277 Thread 0x0000022de1c12800 Exception <a 'java/lang/IncompatibleClassChangeError'{0x000000008cda56d0}: Found class java.lang.Object, but interface was expected> (0x000000008cda56d0) thrown at [./src/hotspot/share/interpreter/linkResolver.cpp, line 839]
Event: 471.746 Thread 0x0000022de0c68000 Exception <a 'java/lang/NoSuchMethodError'{0x000000008df9ce40}: 'java.lang.Object java.lang.invoke.DirectMethodHandle$Holder.invokeVirtual(java.lang.Object, java.lang.Object, int, java.lang.Object)'> (0x000000008df9ce40) thrown at [./src/hotspot/share/interpreter/linkResolver.cpp, line 773]
Event: 471.746 Thread 0x0000022de0c67800 Exception <a 'java/lang/NoSuchMethodError'{0x000000008dd83960}: 'java.lang.Object java.lang.invoke.DirectMethodHandle$Holder.invokeVirtual(java.lang.Object, java.lang.Object, int, java.lang.Object)'> (0x000000008dd83960) thrown at [./src/hotspot/share/interpreter/linkResolver.cpp, line 773]
Event: 471.746 Thread 0x0000022de1c12800 Exception <a 'java/lang/NoSuchMethodError'{0x000000008da52880}: 'java.lang.Object java.lang.invoke.DirectMethodHandle$Holder.invokeVirtual(java.lang.Object, java.lang.Object, int, java.lang.Object)'> (0x000000008da52880) thrown at [./src/hotspot/share/interpreter/linkResolver.cpp, line 773]
Event: 471.746 Thread 0x0000022de0c6a800 Exception <a 'java/lang/NoSuchMethodError'{0x000000008da9dae8}: 'java.lang.Object java.lang.invoke.DirectMethodHandle$Holder.invokeVirtual(java.lang.Object, java.lang.Object, int, java.lang.Object)'> (0x000000008da9dae8) thrown at [./src/hotspot/share/interpreter/linkResolver.cpp, line 773]
Event: 471.779 Thread 0x0000022de0c6a800 Exception <a 'java/lang/IncompatibleClassChangeError'{0x000000008d6e8bf8}: Found class java.lang.Object, but interface was expected> (0x000000008d6e8bf8) thrown at [./src/hotspot/share/interpreter/linkResolver.cpp, line 839]
Event: 471.779 Thread 0x0000022de0c68000 Exception <a 'java/lang/IncompatibleClassChangeError'{0x000000008d6a8a90}: Found class java.lang.Object, but interface was expected> (0x000000008d6a8a90) thrown at [./src/hotspot/share/interpreter/linkResolver.cpp, line 839]
Event: 471.780 Thread 0x0000022de0c68000 Exception <a 'java/lang/IncompatibleClassChangeError'{0x000000008d585960}: Found class java.lang.Object, but interface was expected> (0x000000008d585960) thrown at [./src/hotspot/share/interpreter/linkResolver.cpp, line 839]
Event: 471.780 Thread 0x0000022de0c6a800 Exception <a 'java/lang/IncompatibleClassChangeError'{0x000000008d6f34b0}: Found class java.lang.Object, but interface was expected> (0x000000008d6f34b0) thrown at [./src/hotspot/share/interpreter/linkResolver.cpp, line 839]
Event: 471.830 Thread 0x0000022de0c6a800 Exception <a 'java/lang/NoSuchMethodError'{0x000000008d4ca0d0}: 'void java.lang.invoke.DirectMethodHandle$Holder.invokeVirtual(java.lang.Object, java.lang.Object, int, java.lang.Object)'> (0x000000008d4ca0d0) thrown at [./src/hotspot/share/interpreter/linkResolver.cpp, line 773]
Event: 471.961 Thread 0x0000022de0c6a800 Exception <a 'java/lang/NoSuchMethodError'{0x000000008c5981e0}: 'java.lang.Object java.lang.invoke.DirectMethodHandle$Holder.newInvokeSpecial(java.lang.Object, int)'> (0x000000008c5981e0) thrown at [./src/hotspot/share/interpreter/linkResolver.cpp, line 773]
Event: 471.961 Thread 0x0000022de0c67800 Exception <a 'java/lang/NoSuchMethodError'{0x000000008c68fef0}: 'java.lang.Object java.lang.invoke.DirectMethodHandle$Holder.newInvokeSpecial(java.lang.Object, int)'> (0x000000008c68fef0) thrown at [./src/hotspot/share/interpreter/linkResolver.cpp, line 773]
Event: 471.961 Thread 0x0000022de0c69000 Exception <a 'java/lang/NoSuchMethodError'{0x000000008c6c6a30}: 'java.lang.Object java.lang.invoke.DirectMethodHandle$Holder.newInvokeSpecial(java.lang.Object, int)'> (0x000000008c6c6a30) thrown at [./src/hotspot/share/interpreter/linkResolver.cpp, line 773]
Event: 471.961 Thread 0x0000022de1c12800 Exception <a 'java/lang/NoSuchMethodError'{0x000000008c4cdad0}: 'java.lang.Object java.lang.invoke.DirectMethodHandle$Holder.newInvokeSpecial(java.lang.Object, int)'> (0x000000008c4cdad0) thrown at [./src/hotspot/share/interpreter/linkResolver.cpp, line 773]
Event: 471.961 Thread 0x0000022de0c68000 Exception <a 'java/lang/NoSuchMethodError'{0x000000008c3be208}: 'java.lang.Object java.lang.invoke.DirectMethodHandle$Holder.newInvokeSpecial(java.lang.Object, int)'> (0x000000008c3be208) thrown at [./src/hotspot/share/interpreter/linkResolver.cpp, line 773]
Event: 471.999 Thread 0x0000022de0c67800 Implicit null exception at 0x0000022dd0205213 to 0x0000022dd02065b8
Event: 472.112 Thread 0x0000022de0c6a800 Exception <a 'java/lang/NoSuchMethodError'{0x000000008ee6d118}: 'java.lang.Object java.lang.invoke.DirectMethodHandle$Holder.invokeInterface(java.lang.Object, java.lang.Object, int)'> (0x000000008ee6d118) thrown at [./src/hotspot/share/interpreter/linkResolver.cpp, line 773]

Events (20 events):
Event: 472.138 loading class com/android/tools/r8/code/p2
Event: 472.138 loading class com/android/tools/r8/code/p2 done
Event: 472.139 loading class com/android/tools/r8/code/j2
Event: 472.139 loading class com/android/tools/r8/code/j2 done
Event: 472.139 loading class com/android/tools/r8/code/i2
Event: 472.139 loading class com/android/tools/r8/code/i2 done
Event: 472.140 loading class com/android/tools/r8/code/O0
Event: 472.140 loading class com/android/tools/r8/code/O0 done
Event: 472.143 loading class com/android/tools/r8/code/r2
Event: 472.143 loading class com/android/tools/r8/code/r2 done
Event: 472.143 loading class com/android/tools/r8/code/l2
Event: 472.143 loading class com/android/tools/r8/code/l2 done
Event: 472.144 loading class com/android/tools/r8/code/g2
Event: 472.144 loading class com/android/tools/r8/code/g2 done
Event: 472.144 loading class com/android/tools/r8/code/q2
Event: 472.144 loading class com/android/tools/r8/code/q2 done
Event: 472.148 loading class com/android/tools/r8/code/k2
Event: 472.148 loading class com/android/tools/r8/code/k2 done
Event: 472.151 loading class com/android/tools/r8/internal/s1
Event: 472.151 loading class com/android/tools/r8/internal/s1 done


Dynamic libraries:
0x00007ff7028c0000 - 0x00007ff7028ca000 	C:\Program Files\Android\Android Studio\jre\bin\java.exe
0x00007fffef4d0000 - 0x00007fffef6c5000 	C:\Windows\SYSTEM32\ntdll.dll
0x00007fffee340000 - 0x00007fffee3fe000 	C:\Windows\System32\KERNEL32.DLL
0x00007fffecbf0000 - 0x00007fffeceb9000 	C:\Windows\System32\KERNELBASE.dll
0x00007fffea160000 - 0x00007fffea1f0000 	C:\Windows\SYSTEM32\apphelp.dll
0x00007fffed250000 - 0x00007fffed350000 	C:\Windows\System32\ucrtbase.dll
0x00007fffe4450000 - 0x00007fffe4469000 	C:\Program Files\Android\Android Studio\jre\bin\jli.dll
0x00007fffe4410000 - 0x00007fffe4427000 	C:\Program Files\Android\Android Studio\jre\bin\VCRUNTIME140.dll
0x00007fffef210000 - 0x00007fffef3b1000 	C:\Windows\System32\USER32.dll
0x00007fffd0560000 - 0x00007fffd07fa000 	C:\Windows\WinSxS\amd64_microsoft.windows.common-controls_6595b64144ccf1df_6.0.19041.1110_none_60b5254171f9507e\COMCTL32.dll
0x00007fffed1d0000 - 0x00007fffed1f2000 	C:\Windows\System32\win32u.dll
0x00007fffef3c0000 - 0x00007fffef45e000 	C:\Windows\System32\msvcrt.dll
0x00007fffee400000 - 0x00007fffee42b000 	C:\Windows\System32\GDI32.dll
0x00007fffed410000 - 0x00007fffed51b000 	C:\Windows\System32\gdi32full.dll
0x00007fffed0d0000 - 0x00007fffed16d000 	C:\Windows\System32\msvcp_win.dll
0x00007fffef460000 - 0x00007fffef490000 	C:\Windows\System32\IMM32.DLL
0x00007fffbf5e0000 - 0x00007fffbf67d000 	C:\Program Files\Android\Android Studio\jre\bin\msvcp140.dll
0x00007fff95420000 - 0x00007fff95eef000 	C:\Program Files\Android\Android Studio\jre\bin\server\jvm.dll
0x00007fffee490000 - 0x00007fffee53c000 	C:\Windows\System32\ADVAPI32.dll
0x00007fffee9d0000 - 0x00007fffeea6b000 	C:\Windows\System32\sechost.dll
0x00007fffed650000 - 0x00007fffed77a000 	C:\Windows\System32\RPCRT4.dll
0x00007fffee9c0000 - 0x00007fffee9c8000 	C:\Windows\System32\PSAPI.DLL
0x00007fffdd490000 - 0x00007fffdd499000 	C:\Windows\SYSTEM32\WSOCK32.dll
0x00007fffd4de0000 - 0x00007fffd4e07000 	C:\Windows\SYSTEM32\WINMM.dll
0x00007fffeefe0000 - 0x00007fffef04b000 	C:\Windows\System32\WS2_32.dll
0x00007fffe5920000 - 0x00007fffe592a000 	C:\Windows\SYSTEM32\VERSION.dll
0x00007fffeb470000 - 0x00007fffeb482000 	C:\Windows\SYSTEM32\kernel.appcore.dll
0x00007fffe0fe0000 - 0x00007fffe0ff1000 	C:\Program Files\Android\Android Studio\jre\bin\verify.dll
0x00007fffe4e90000 - 0x00007fffe5074000 	C:\Windows\SYSTEM32\DBGHELP.DLL
0x00007fffe4e20000 - 0x00007fffe4e4c000 	C:\Windows\SYSTEM32\dbgcore.DLL
0x00007fffed380000 - 0x00007fffed403000 	C:\Windows\System32\bcryptPrimitives.dll
0x00007fffd3810000 - 0x00007fffd3839000 	C:\Program Files\Android\Android Studio\jre\bin\java.dll
0x00007fffe7f70000 - 0x00007fffe7f7b000 	C:\Program Files\Android\Android Studio\jre\bin\jimage.dll
0x00007fffe0960000 - 0x00007fffe0978000 	C:\Program Files\Android\Android Studio\jre\bin\zip.dll
0x00007fffed850000 - 0x00007fffedf8f000 	C:\Windows\System32\SHELL32.dll
0x00007fffeacd0000 - 0x00007fffeb460000 	C:\Windows\SYSTEM32\windows.storage.dll
0x00007fffeea70000 - 0x00007fffeedc5000 	C:\Windows\System32\combase.dll
0x00007fffec640000 - 0x00007fffec66c000 	C:\Windows\SYSTEM32\Wldp.dll
0x00007fffee050000 - 0x00007fffee0fe000 	C:\Windows\System32\SHCORE.dll
0x00007fffedf90000 - 0x00007fffedfe5000 	C:\Windows\System32\shlwapi.dll
0x00007fffecb30000 - 0x00007fffecb4f000 	C:\Windows\SYSTEM32\profapi.dll
0x00007fffdbbc0000 - 0x00007fffdbbda000 	C:\Program Files\Android\Android Studio\jre\bin\net.dll
0x00007fffe33f0000 - 0x00007fffe34f8000 	C:\Windows\SYSTEM32\WINHTTP.dll
0x00007fffec3a0000 - 0x00007fffec40a000 	C:\Windows\system32\mswsock.dll
0x00007fffd5a90000 - 0x00007fffd5aa4000 	C:\Program Files\Android\Android Studio\jre\bin\nio.dll
0x00007fffe4470000 - 0x00007fffe4497000 	C:\Users\Riadh\.gradle\native\8bec1ad78214c89d9ad589b4d07fe93259594b29d510b10fafb7a158f7737e5d\windows-amd64\native-platform.dll
0x00007fffbf680000 - 0x00007fffbf7bd000 	C:\Users\Riadh\.gradle\native\53dbd7edfb1c66fb8903c78663c9afc45aea4f116125fa6feffd364cf09443e8\windows-amd64\native-platform-file-events.dll
0x00007fffe7f20000 - 0x00007fffe7f2a000 	C:\Program Files\Android\Android Studio\jre\bin\management.dll
0x00007fffe7ba0000 - 0x00007fffe7bac000 	C:\Program Files\Android\Android Studio\jre\bin\management_ext.dll
0x00007fffec590000 - 0x00007fffec5a8000 	C:\Windows\SYSTEM32\CRYPTSP.dll
0x00007fffebcb0000 - 0x00007fffebce4000 	C:\Windows\system32\rsaenh.dll
0x00007fffed350000 - 0x00007fffed377000 	C:\Windows\System32\bcrypt.dll
0x00007fffecaf0000 - 0x00007fffecb1e000 	C:\Windows\SYSTEM32\USERENV.dll
0x00007fffec5b0000 - 0x00007fffec5bc000 	C:\Windows\SYSTEM32\CRYPTBASE.dll
0x00007fffec040000 - 0x00007fffec07b000 	C:\Windows\SYSTEM32\IPHLPAPI.DLL
0x00007fffeeeb0000 - 0x00007fffeeeb8000 	C:\Windows\System32\NSI.dll
0x00007fffe5df0000 - 0x00007fffe5e07000 	C:\Windows\SYSTEM32\dhcpcsvc6.DLL
0x00007fffe6170000 - 0x00007fffe618d000 	C:\Windows\SYSTEM32\dhcpcsvc.DLL
0x00007fffec090000 - 0x00007fffec15c000 	C:\Windows\SYSTEM32\DNSAPI.dll
0x00007fffd0a50000 - 0x00007fffd0a77000 	C:\Program Files\Android\Android Studio\jre\bin\sunec.dll
0x00007fffe3350000 - 0x00007fffe335a000 	C:\Windows\System32\rasadhlp.dll
0x00007fffe3370000 - 0x00007fffe33ef000 	C:\Windows\System32\fwpuclnt.dll
0x00007fffeb8e0000 - 0x00007fffeb913000 	C:\Windows\SYSTEM32\ntmarta.dll

dbghelp: loaded successfully - version: 4.0.5 - missing functions: none
symbol engine: initialized successfully - sym options: 0x614 - pdb path: .;C:\Program Files\Android\Android Studio\jre\bin;C:\Windows\SYSTEM32;C:\Windows\WinSxS\amd64_microsoft.windows.common-controls_6595b64144ccf1df_6.0.19041.1110_none_60b5254171f9507e;C:\Program Files\Android\Android Studio\jre\bin\server;C:\Users\Riadh\.gradle\native\8bec1ad78214c89d9ad589b4d07fe93259594b29d510b10fafb7a158f7737e5d\windows-amd64;C:\Users\Riadh\.gradle\native\53dbd7edfb1c66fb8903c78663c9afc45aea4f116125fa6feffd364cf09443e8\windows-amd64

VM Arguments:
jvm_args: --add-opens=java.base/java.util=ALL-UNNAMED --add-opens=java.base/java.lang=ALL-UNNAMED --add-opens=java.base/java.lang.invoke=ALL-UNNAMED --add-opens=java.base/java.util=ALL-UNNAMED --add-opens=java.prefs/java.util.prefs=ALL-UNNAMED --add-opens=java.prefs/java.util.prefs=ALL-UNNAMED --add-opens=java.base/java.nio.charset=ALL-UNNAMED --add-opens=java.base/java.net=ALL-UNNAMED --add-opens=java.base/java.util.concurrent.atomic=ALL-UNNAMED -Xmx2048m -Dfile.encoding=UTF-8 -Duser.country=US -Duser.language=en -Duser.variant 
java_command: org.gradle.launcher.daemon.bootstrap.GradleDaemon 7.0.2
java_class_path (initial): C:\Users\Riadh\.gradle\wrapper\dists\gradle-7.0.2-bin\857tjihv64xamwrf0h14cai3r\gradle-7.0.2\lib\gradle-launcher-7.0.2.jar
Launcher Type: SUN_STANDARD

[Global flags]
     intx CICompilerCount                          = 4                                         {product} {ergonomic}
     uint ConcGCThreads                            = 2                                         {product} {ergonomic}
     uint G1ConcRefinementThreads                  = 8                                         {product} {ergonomic}
   size_t G1HeapRegionSize                         = 1048576                                   {product} {ergonomic}
    uintx GCDrainStackTargetSize                   = 64                                        {product} {ergonomic}
   size_t InitialHeapSize                          = 266338304                                 {product} {ergonomic}
   size_t MarkStackSize                            = 4194304                                   {product} {ergonomic}
   size_t MaxHeapSize                              = 2147483648                                {product} {command line}
   size_t MaxNewSize                               = 1287651328                                {product} {ergonomic}
   size_t MinHeapDeltaBytes                        = 1048576                                   {product} {ergonomic}
    uintx NonNMethodCodeHeapSize                   = 5836300                                {pd product} {ergonomic}
    uintx NonProfiledCodeHeapSize                  = 122910970                              {pd product} {ergonomic}
    uintx ProfiledCodeHeapSize                     = 122910970                              {pd product} {ergonomic}
    uintx ReservedCodeCacheSize                    = 251658240                              {pd product} {ergonomic}
     bool SegmentedCodeCache                       = true                                      {product} {ergonomic}
     bool UseCompressedClassPointers               = true                                 {lp64_product} {ergonomic}
     bool UseCompressedOops                        = true                                 {lp64_product} {ergonomic}
     bool UseG1GC                                  = true                                      {product} {ergonomic}
     bool UseLargePagesIndividualAllocation        = false                                  {pd product} {ergonomic}

Logging:
Log output configuration:
 #0: stdout all=warning uptime,level,tags
 #1: stderr all=off uptime,level,tags

Environment Variables:
PATH=C:\Windows\system32;C:\Windows;C:\Windows\System32\Wbem;C:\Windows\System32\WindowsPowerShell\v1.0\;C:\Windows\System32\OpenSSH\;C:\Program Files\Git\cmd;C:\Users\Riadh\AppData\Local\Microsoft\WindowsApps;;C:\Program Files\JetBrains\IntelliJ IDEA Community Edition 2021.1.3\bin;
USERNAME=Riadh
OS=Windows_NT
PROCESSOR_IDENTIFIER=Intel64 Family 6 Model 94 Stepping 3, GenuineIntel



---------------  S Y S T E M  ---------------

OS: Windows 10 , 64 bit Build 19041 (10.0.19041.1202)
OS uptime: 7 days 2:48 hours

CPU:total 8 (initial active 8) (4 cores per cpu, 2 threads per core) family 6 model 94 stepping 3 microcode 0xcc, cmov, cx8, fxsr, mmx, sse, sse2, sse3, ssse3, sse4.1, sse4.2, popcnt, avx, avx2, aes, clmul, erms, rtm, 3dnowpref, lzcnt, ht, tsc, tscinvbit, bmi1, bmi2, adx, fma

Memory: 4k page, system-wide physical 16206M (306M free)
TotalPageFile size 40402M (AvailPageFile size 0M)
current process WorkingSet (physical memory assigned to process): 682M, peak: 682M
current process commit charge ("private bytes"): 724M, peak: 725M

vm_info: OpenJDK 64-Bit Server VM (11.0.10+0-b96-7249189) for windows-amd64 JRE (11.0.10+0-b96-7249189), built on Mar 31 2021 21:44:00 by "builder" with MS VC++ 14.0 (VS2015)

END.
